# Logfile created on 2026-02-09 03:05:20 +0100 by logger.rb/v1.6.0
2026-02-09 03:05:20 +0100: Memory Usage (422816K) : Starting running IHP-SG13G2 KLayout DRC runset on /home/cmaier/EDA/PUDDING/gds/dac2u128out4in.gds
2026-02-09 03:05:20 +0100: Memory Usage (422816K) : Ruby Version for klayout: 3.3.10
2026-02-09 03:05:20 +0100: Memory Usage (423992K) : Loading database to memory is complete.
2026-02-09 03:05:20 +0100: Memory Usage (423992K) : IHP-SG13G2 KLayout DRC runset output at: /home/cmaier/EDA/PUDDING/gds/drc_run_dac2u128out4in/dac2u128out4in_dac2u128out4in_main.lyrdb
2026-02-09 03:05:20 +0100: Memory Usage (424180K) : Evaluate switches.
2026-02-09 03:05:20 +0100: Memory Usage (424180K) : tables selected: main
2026-02-09 03:05:20 +0100: Memory Usage (424180K) : KLayout will use 1 thread(s) in tiling mode.
2026-02-09 03:05:20 +0100: Memory Usage (424180K) : deep mode is enabled.
2026-02-09 03:05:20 +0100: Memory Usage (424180K) : FEOL enabled: true
2026-02-09 03:05:20 +0100: Memory Usage (424180K) : BEOL enabled: true
2026-02-09 03:05:20 +0100: Memory Usage (424180K) : OFFGRID enabled: true
2026-02-09 03:05:20 +0100: Memory Usage (424180K) : PIN enabled: true
2026-02-09 03:05:20 +0100: Memory Usage (424180K) : FORBIDDEN enabled: true
2026-02-09 03:05:20 +0100: Memory Usage (424180K) : RECOMMENDED enabled: true
2026-02-09 03:05:20 +0100: Memory Usage (424180K) : PreCheck DRC enabled: false
2026-02-09 03:05:20 +0100: Memory Usage (424180K) : CONNECTIVITY_RULES enabled: true.
2026-02-09 03:05:20 +0100: Memory Usage (424180K) : Read in polygons from layers.
2026-02-09 03:05:20 +0100: Memory Usage (425764K) : activ_drw has 1852 polygons
2026-02-09 03:05:20 +0100: Memory Usage (425764K) : activ_pin has 0 polygons
2026-02-09 03:05:20 +0100: Memory Usage (425764K) : activ_mask has 0 polygons
2026-02-09 03:05:20 +0100: Memory Usage (425764K) : activ_filler has 0 polygons
2026-02-09 03:05:20 +0100: Memory Usage (425764K) : activ_nofill has 0 polygons
2026-02-09 03:05:20 +0100: Memory Usage (425764K) : activ_opc has 0 polygons
2026-02-09 03:05:20 +0100: Memory Usage (425764K) : activ_iopc has 0 polygons
2026-02-09 03:05:20 +0100: Memory Usage (425764K) : activ_noqrc has 0 polygons
2026-02-09 03:05:20 +0100: Memory Usage (425764K) : biwind_drw has 0 polygons
2026-02-09 03:05:20 +0100: Memory Usage (425764K) : biwind_opc has 0 polygons
2026-02-09 03:05:20 +0100: Memory Usage (425764K) : pemwind_drw has 0 polygons
2026-02-09 03:05:20 +0100: Memory Usage (425764K) : gatpoly_drw has 1988 polygons
2026-02-09 03:05:20 +0100: Memory Usage (425764K) : gatpoly_pin has 0 polygons
2026-02-09 03:05:20 +0100: Memory Usage (425764K) : gatpoly_filler has 0 polygons
2026-02-09 03:05:20 +0100: Memory Usage (425764K) : gatpoly_nofill has 0 polygons
2026-02-09 03:05:20 +0100: Memory Usage (425764K) : gatpoly_opc has 0 polygons
2026-02-09 03:05:20 +0100: Memory Usage (425764K) : gatpoly_iopc has 0 polygons
2026-02-09 03:05:20 +0100: Memory Usage (425764K) : gatpoly_noqrc has 0 polygons
2026-02-09 03:05:20 +0100: Memory Usage (425764K) : cont_drw has 8324 polygons
2026-02-09 03:05:20 +0100: Memory Usage (425764K) : cont_opc has 0 polygons
2026-02-09 03:05:20 +0100: Memory Usage (425764K) : nsd_drw has 0 polygons
2026-02-09 03:05:20 +0100: Memory Usage (425892K) : nsd_block has 0 polygons
2026-02-09 03:05:20 +0100: Memory Usage (425892K) : metal1_drw has 6770 polygons
2026-02-09 03:05:20 +0100: Memory Usage (426020K) : metal1_pin has 931 polygons
2026-02-09 03:05:20 +0100: Memory Usage (426020K) : metal1_mask has 0 polygons
2026-02-09 03:05:20 +0100: Memory Usage (426148K) : metal1_filler has 0 polygons
2026-02-09 03:05:20 +0100: Memory Usage (426148K) : metal1_nofill has 0 polygons
2026-02-09 03:05:20 +0100: Memory Usage (426276K) : metal1_slit has 0 polygons
2026-02-09 03:05:20 +0100: Memory Usage (426452K) : metal1_text has 931 polygons
2026-02-09 03:05:20 +0100: Memory Usage (426580K) : metal1_opc has 0 polygons
2026-02-09 03:05:20 +0100: Memory Usage (426580K) : metal1_noqrc has 0 polygons
2026-02-09 03:05:20 +0100: Memory Usage (426708K) : metal1_res has 0 polygons
2026-02-09 03:05:20 +0100: Memory Usage (426708K) : metal1_iprobe has 0 polygons
2026-02-09 03:05:20 +0100: Memory Usage (426708K) : metal1_diffprb has 0 polygons
2026-02-09 03:05:20 +0100: Memory Usage (426708K) : passiv_drw has 0 polygons
2026-02-09 03:05:20 +0100: Memory Usage (426708K) : passiv_pin has 0 polygons
2026-02-09 03:05:20 +0100: Memory Usage (426708K) : passiv_sbump has 0 polygons
2026-02-09 03:05:20 +0100: Memory Usage (426708K) : passiv_pillar has 0 polygons
2026-02-09 03:05:20 +0100: Memory Usage (426708K) : passiv_pdl has 0 polygons
2026-02-09 03:05:20 +0100: Memory Usage (426964K) : metal2_drw has 2784 polygons
2026-02-09 03:05:20 +0100: Memory Usage (426964K) : metal2_pin has 1716 polygons
2026-02-09 03:05:20 +0100: Memory Usage (426964K) : metal2_mask has 0 polygons
2026-02-09 03:05:20 +0100: Memory Usage (426964K) : metal2_filler has 0 polygons
2026-02-09 03:05:20 +0100: Memory Usage (426964K) : metal2_nofill has 0 polygons
2026-02-09 03:05:20 +0100: Memory Usage (427092K) : metal2_slit has 0 polygons
2026-02-09 03:05:20 +0100: Memory Usage (427092K) : metal2_text has 1716 polygons
2026-02-09 03:05:20 +0100: Memory Usage (427220K) : metal2_opc has 0 polygons
2026-02-09 03:05:20 +0100: Memory Usage (427220K) : metal2_noqrc has 0 polygons
2026-02-09 03:05:20 +0100: Memory Usage (427220K) : metal2_res has 0 polygons
2026-02-09 03:05:20 +0100: Memory Usage (427348K) : metal2_iprobe has 0 polygons
2026-02-09 03:05:20 +0100: Memory Usage (427348K) : metal2_diffprb has 0 polygons
2026-02-09 03:05:20 +0100: Memory Usage (427348K) : baspoly_drw has 0 polygons
2026-02-09 03:05:20 +0100: Memory Usage (427348K) : baspoly_pin has 0 polygons
2026-02-09 03:05:20 +0100: Memory Usage (427348K) : psd_drw has 533 polygons
2026-02-09 03:05:20 +0100: Memory Usage (427348K) : nldb_drw has 0 polygons
2026-02-09 03:05:20 +0100: Memory Usage (427348K) : digibnd_drw has 0 polygons
2026-02-09 03:05:20 +0100: Memory Usage (427348K) : via1_drw has 1900 polygons
2026-02-09 03:05:20 +0100: Memory Usage (427476K) : backmetal1_drw has 0 polygons
2026-02-09 03:05:20 +0100: Memory Usage (427476K) : backmetal1_pin has 0 polygons
2026-02-09 03:05:20 +0100: Memory Usage (427604K) : backmetal1_mask has 0 polygons
2026-02-09 03:05:20 +0100: Memory Usage (427604K) : backmetal1_filler has 0 polygons
2026-02-09 03:05:20 +0100: Memory Usage (427732K) : backmetal1_nofill has 0 polygons
2026-02-09 03:05:20 +0100: Memory Usage (427732K) : backmetal1_slit has 0 polygons
2026-02-09 03:05:20 +0100: Memory Usage (427860K) : backmetal1_text has 0 polygons
2026-02-09 03:05:20 +0100: Memory Usage (427860K) : backmetal1_opc has 0 polygons
2026-02-09 03:05:20 +0100: Memory Usage (427988K) : backmetal1_noqrc has 0 polygons
2026-02-09 03:05:20 +0100: Memory Usage (427988K) : backmetal1_res has 0 polygons
2026-02-09 03:05:20 +0100: Memory Usage (428116K) : backmetal1_iprobe has 0 polygons
2026-02-09 03:05:20 +0100: Memory Usage (428116K) : backmetal1_diffprb has 0 polygons
2026-02-09 03:05:20 +0100: Memory Usage (428244K) : backpassiv_drw has 0 polygons
2026-02-09 03:05:20 +0100: Memory Usage (428244K) : res_drw has 0 polygons
2026-02-09 03:05:20 +0100: Memory Usage (428372K) : sram_drw has 0 polygons
2026-02-09 03:05:20 +0100: Memory Usage (428372K) : trans_drw has 0 polygons
2026-02-09 03:05:20 +0100: Memory Usage (428500K) : ind_drw has 0 polygons
2026-02-09 03:05:20 +0100: Memory Usage (428500K) : ind_pin has 0 polygons
2026-02-09 03:05:20 +0100: Memory Usage (428628K) : ind_text has 0 polygons
2026-02-09 03:05:20 +0100: Memory Usage (428628K) : salblock_drw has 0 polygons
2026-02-09 03:05:20 +0100: Memory Usage (428756K) : via2_drw has 668 polygons
2026-02-09 03:05:20 +0100: Memory Usage (428756K) : metal3_drw has 1068 polygons
2026-02-09 03:05:20 +0100: Memory Usage (428884K) : metal3_pin has 544 polygons
2026-02-09 03:05:20 +0100: Memory Usage (428884K) : metal3_mask has 0 polygons
2026-02-09 03:05:20 +0100: Memory Usage (429012K) : metal3_filler has 0 polygons
2026-02-09 03:05:20 +0100: Memory Usage (429012K) : metal3_nofill has 0 polygons
2026-02-09 03:05:20 +0100: Memory Usage (429012K) : metal3_slit has 0 polygons
2026-02-09 03:05:20 +0100: Memory Usage (429140K) : metal3_text has 544 polygons
2026-02-09 03:05:20 +0100: Memory Usage (429140K) : metal3_opc has 0 polygons
2026-02-09 03:05:20 +0100: Memory Usage (429268K) : metal3_noqrc has 0 polygons
2026-02-09 03:05:20 +0100: Memory Usage (429268K) : metal3_res has 0 polygons
2026-02-09 03:05:20 +0100: Memory Usage (429396K) : metal3_iprobe has 0 polygons
2026-02-09 03:05:20 +0100: Memory Usage (429396K) : metal3_diffprb has 0 polygons
2026-02-09 03:05:20 +0100: Memory Usage (429524K) : nwell_drw has 533 polygons
2026-02-09 03:05:20 +0100: Memory Usage (429780K) : nwell_pin has 0 polygons
2026-02-09 03:05:20 +0100: Memory Usage (429780K) : nbulay_drw has 0 polygons
2026-02-09 03:05:20 +0100: Memory Usage (429780K) : nbulay_pin has 0 polygons
2026-02-09 03:05:20 +0100: Memory Usage (429780K) : nbulay_block has 0 polygons
2026-02-09 03:05:20 +0100: Memory Usage (429780K) : emwind_drw has 0 polygons
2026-02-09 03:05:20 +0100: Memory Usage (429780K) : emwind_opc has 0 polygons
2026-02-09 03:05:20 +0100: Memory Usage (429908K) : deepco_drw has 0 polygons
2026-02-09 03:05:20 +0100: Memory Usage (429908K) : deepco_drw has 0 polygons
2026-02-09 03:05:20 +0100: Memory Usage (429908K) : mim_drw has 0 polygons
2026-02-09 03:05:20 +0100: Memory Usage (430036K) : edgeseal_drw has 0 polygons
2026-02-09 03:05:20 +0100: Memory Usage (430036K) : edgeseal_bound has 0 polygons
2026-02-09 03:05:20 +0100: Memory Usage (430164K) : substrate_drw has 0 polygons
2026-02-09 03:05:20 +0100: Memory Usage (430164K) : substrate_text has 0 polygons
2026-02-09 03:05:20 +0100: Memory Usage (430292K) : dfpad_drw has 0 polygons
2026-02-09 03:05:20 +0100: Memory Usage (430292K) : dfpad_pillar has 0 polygons
2026-02-09 03:05:20 +0100: Memory Usage (430420K) : dfpad_sbump has 0 polygons
2026-02-09 03:05:20 +0100: Memory Usage (430420K) : thickgateox_drw has 0 polygons
2026-02-09 03:05:20 +0100: Memory Usage (430548K) : pldb_drw has 0 polygons
2026-02-09 03:05:20 +0100: Memory Usage (430548K) : pwell_drw has 0 polygons
2026-02-09 03:05:20 +0100: Memory Usage (430676K) : pwell_pin has 0 polygons
2026-02-09 03:05:20 +0100: Memory Usage (430676K) : pwell_block has 0 polygons
2026-02-09 03:05:20 +0100: Memory Usage (430804K) : ic_drw has 0 polygons
2026-02-09 03:05:20 +0100: Memory Usage (430804K) : via3_drw has 0 polygons
2026-02-09 03:05:20 +0100: Memory Usage (430932K) : metal4_drw has 0 polygons
2026-02-09 03:05:20 +0100: Memory Usage (430932K) : metal4_pin has 0 polygons
2026-02-09 03:05:20 +0100: Memory Usage (431060K) : metal4_mask has 0 polygons
2026-02-09 03:05:20 +0100: Memory Usage (431060K) : metal4_filler has 0 polygons
2026-02-09 03:05:20 +0100: Memory Usage (431188K) : metal4_nofill has 0 polygons
2026-02-09 03:05:20 +0100: Memory Usage (431188K) : metal4_slit has 0 polygons
2026-02-09 03:05:20 +0100: Memory Usage (431316K) : metal4_text has 0 polygons
2026-02-09 03:05:20 +0100: Memory Usage (431316K) : metal4_opc has 0 polygons
2026-02-09 03:05:20 +0100: Memory Usage (431444K) : metal4_noqrc has 0 polygons
2026-02-09 03:05:20 +0100: Memory Usage (431444K) : metal4_res has 0 polygons
2026-02-09 03:05:20 +0100: Memory Usage (431572K) : metal4_iprobe has 0 polygons
2026-02-09 03:05:20 +0100: Memory Usage (431572K) : metal4_diffprb has 0 polygons
2026-02-09 03:05:20 +0100: Memory Usage (431700K) : heattrans_drw has 0 polygons
2026-02-09 03:05:20 +0100: Memory Usage (431700K) : heatres_drw has 0 polygons
2026-02-09 03:05:20 +0100: Memory Usage (431828K) : pempoly_drw has 0 polygons
2026-02-09 03:05:20 +0100: Memory Usage (431828K) : fbe_drw has 0 polygons
2026-02-09 03:05:20 +0100: Memory Usage (431956K) : empoly_drw has 0 polygons
2026-02-09 03:05:20 +0100: Memory Usage (431956K) : ldmos_drw has 0 polygons
2026-02-09 03:05:20 +0100: Memory Usage (432084K) : pbiwind_drw has 0 polygons
2026-02-09 03:05:20 +0100: Memory Usage (432084K) : digisub_drw has 0 polygons
2026-02-09 03:05:20 +0100: Memory Usage (432212K) : nodrc_drw has 0 polygons
2026-02-09 03:05:20 +0100: Memory Usage (432212K) : text_drw has 0 polygons
2026-02-09 03:05:20 +0100: Memory Usage (432340K) : via4_drw has 0 polygons
2026-02-09 03:05:20 +0100: Memory Usage (432340K) : metal5_drw has 0 polygons
2026-02-09 03:05:20 +0100: Memory Usage (432468K) : metal5_pin has 0 polygons
2026-02-09 03:05:20 +0100: Memory Usage (432468K) : metal5_mask has 0 polygons
2026-02-09 03:05:20 +0100: Memory Usage (432596K) : metal5_filler has 0 polygons
2026-02-09 03:05:20 +0100: Memory Usage (432596K) : metal5_nofill has 0 polygons
2026-02-09 03:05:20 +0100: Memory Usage (432724K) : metal5_slit has 0 polygons
2026-02-09 03:05:20 +0100: Memory Usage (432724K) : metal5_text has 0 polygons
2026-02-09 03:05:20 +0100: Memory Usage (432852K) : metal5_opc has 0 polygons
2026-02-09 03:05:20 +0100: Memory Usage (432852K) : metal5_noqrc has 0 polygons
2026-02-09 03:05:20 +0100: Memory Usage (432980K) : metal5_res has 0 polygons
2026-02-09 03:05:20 +0100: Memory Usage (432980K) : metal5_iprobe has 0 polygons
2026-02-09 03:05:20 +0100: Memory Usage (433108K) : metal5_diffprb has 0 polygons
2026-02-09 03:05:20 +0100: Memory Usage (433108K) : radhard_drw has 0 polygons
2026-02-09 03:05:20 +0100: Memory Usage (433236K) : memcap_drw has 0 polygons
2026-02-09 03:05:20 +0100: Memory Usage (433236K) : varicap_drw has 0 polygons
2026-02-09 03:05:20 +0100: Memory Usage (433364K) : flash_drw has 0 polygons
2026-02-09 03:05:20 +0100: Memory Usage (433364K) : intbondvia_drw has 0 polygons
2026-02-09 03:05:20 +0100: Memory Usage (433492K) : intbondmet_drw has 0 polygons
2026-02-09 03:05:20 +0100: Memory Usage (433620K) : devbondvia_drw has 0 polygons
2026-02-09 03:05:20 +0100: Memory Usage (433620K) : devbondmet_drw has 0 polygons
2026-02-09 03:05:20 +0100: Memory Usage (433620K) : devtrench_drw has 0 polygons
2026-02-09 03:05:20 +0100: Memory Usage (433620K) : redist_drw has 0 polygons
2026-02-09 03:05:20 +0100: Memory Usage (433620K) : graphbot_drw has 0 polygons
2026-02-09 03:05:20 +0100: Memory Usage (433620K) : graphtop_drw has 0 polygons
2026-02-09 03:05:20 +0100: Memory Usage (433620K) : antvia1_drw has 0 polygons
2026-02-09 03:05:20 +0100: Memory Usage (433620K) : antmetal2_drw has 0 polygons
2026-02-09 03:05:20 +0100: Memory Usage (433620K) : graphcont_drw has 0 polygons
2026-02-09 03:05:20 +0100: Memory Usage (433620K) : siwg_drw has 0 polygons
2026-02-09 03:05:20 +0100: Memory Usage (433620K) : siwg_filler has 0 polygons
2026-02-09 03:05:20 +0100: Memory Usage (433620K) : siwg_nofill has 0 polygons
2026-02-09 03:05:20 +0100: Memory Usage (433620K) : sigrating_drw has 0 polygons
2026-02-09 03:05:20 +0100: Memory Usage (433620K) : singrating_drw has 0 polygons
2026-02-09 03:05:21 +0100: Memory Usage (433620K) : graphpas_drw has 0 polygons
2026-02-09 03:05:21 +0100: Memory Usage (433620K) : emwind3_drw has 0 polygons
2026-02-09 03:05:21 +0100: Memory Usage (433620K) : emwihv3_drw has 0 polygons
2026-02-09 03:05:21 +0100: Memory Usage (433620K) : redbulay_drw has 0 polygons
2026-02-09 03:05:21 +0100: Memory Usage (433620K) : smos_drw has 0 polygons
2026-02-09 03:05:21 +0100: Memory Usage (433620K) : graphpad_drw has 0 polygons
2026-02-09 03:05:21 +0100: Memory Usage (433620K) : polimide_drw has 0 polygons
2026-02-09 03:05:21 +0100: Memory Usage (433620K) : polimide_pin has 0 polygons
2026-02-09 03:05:21 +0100: Memory Usage (433620K) : recog_drw has 0 polygons
2026-02-09 03:05:21 +0100: Memory Usage (433620K) : recog_pin has 0 polygons
2026-02-09 03:05:21 +0100: Memory Usage (433620K) : recog_esd has 0 polygons
2026-02-09 03:05:21 +0100: Memory Usage (433620K) : recog_diode has 0 polygons
2026-02-09 03:05:21 +0100: Memory Usage (433620K) : recog_tsv has 0 polygons
2026-02-09 03:05:21 +0100: Memory Usage (433620K) : recog_iprobe has 0 polygons
2026-02-09 03:05:21 +0100: Memory Usage (433620K) : recog_diffprb has 0 polygons
2026-02-09 03:05:21 +0100: Memory Usage (433620K) : recog_pillar has 0 polygons
2026-02-09 03:05:21 +0100: Memory Usage (433620K) : recog_sbump has 0 polygons
2026-02-09 03:05:21 +0100: Memory Usage (433620K) : recog_otp has 0 polygons
2026-02-09 03:05:21 +0100: Memory Usage (433620K) : recog_pdiode has 0 polygons
2026-02-09 03:05:21 +0100: Memory Usage (433620K) : recog_mom has 0 polygons
2026-02-09 03:05:21 +0100: Memory Usage (433620K) : recog_pcm has 0 polygons
2026-02-09 03:05:21 +0100: Memory Usage (433620K) : colopen_drw has 0 polygons
2026-02-09 03:05:21 +0100: Memory Usage (433620K) : graphmetal1_drw has 0 polygons
2026-02-09 03:05:21 +0100: Memory Usage (433620K) : graphmetal1_filler has 0 polygons
2026-02-09 03:05:21 +0100: Memory Usage (433620K) : graphmetal1_nofill has 0 polygons
2026-02-09 03:05:21 +0100: Memory Usage (433620K) : graphmetal1_slit has 0 polygons
2026-02-09 03:05:21 +0100: Memory Usage (433620K) : graphmetal1_opc has 0 polygons
2026-02-09 03:05:21 +0100: Memory Usage (433620K) : graphmet1l_drw has 0 polygons
2026-02-09 03:05:21 +0100: Memory Usage (433620K) : graphmet1l_filler has 0 polygons
2026-02-09 03:05:21 +0100: Memory Usage (433620K) : graphmet1l_nofill has 0 polygons
2026-02-09 03:05:21 +0100: Memory Usage (433620K) : graphmet1l_slit has 0 polygons
2026-02-09 03:05:21 +0100: Memory Usage (433620K) : graphmet1l_opc has 0 polygons
2026-02-09 03:05:21 +0100: Memory Usage (433620K) : extblock_drw has 0 polygons
2026-02-09 03:05:21 +0100: Memory Usage (433620K) : nldd_drw has 0 polygons
2026-02-09 03:05:21 +0100: Memory Usage (433620K) : pldd_drw has 0 polygons
2026-02-09 03:05:21 +0100: Memory Usage (433620K) : next_drw has 0 polygons
2026-02-09 03:05:21 +0100: Memory Usage (433620K) : pext_drw has 0 polygons
2026-02-09 03:05:21 +0100: Memory Usage (433620K) : nexthv_drw has 0 polygons
2026-02-09 03:05:21 +0100: Memory Usage (433620K) : pexthv_drw has 0 polygons
2026-02-09 03:05:21 +0100: Memory Usage (433620K) : graphgate_drw has 0 polygons
2026-02-09 03:05:21 +0100: Memory Usage (433620K) : sinwg_drw has 0 polygons
2026-02-09 03:05:21 +0100: Memory Usage (433620K) : sinwg_filler has 0 polygons
2026-02-09 03:05:21 +0100: Memory Usage (433620K) : sinwg_nofill has 0 polygons
2026-02-09 03:05:21 +0100: Memory Usage (433620K) : mempad_drw has 0 polygons
2026-02-09 03:05:21 +0100: Memory Usage (433620K) : topvia1_drw has 0 polygons
2026-02-09 03:05:21 +0100: Memory Usage (433620K) : topmetal1_drw has 0 polygons
2026-02-09 03:05:21 +0100: Memory Usage (433620K) : topmetal1_pin has 0 polygons
2026-02-09 03:05:21 +0100: Memory Usage (433620K) : topmetal1_mask has 0 polygons
2026-02-09 03:05:21 +0100: Memory Usage (433620K) : topmetal1_filler has 0 polygons
2026-02-09 03:05:21 +0100: Memory Usage (433620K) : topmetal1_nofill has 0 polygons
2026-02-09 03:05:21 +0100: Memory Usage (433620K) : topmetal1_slit has 0 polygons
2026-02-09 03:05:21 +0100: Memory Usage (433620K) : topmetal1_text has 0 polygons
2026-02-09 03:05:21 +0100: Memory Usage (433620K) : topmetal1_noqrc has 0 polygons
2026-02-09 03:05:21 +0100: Memory Usage (433620K) : topmetal1_res has 0 polygons
2026-02-09 03:05:21 +0100: Memory Usage (433620K) : topmetal1_iprobe has 0 polygons
2026-02-09 03:05:21 +0100: Memory Usage (433620K) : topmetal1_diffprb has 0 polygons
2026-02-09 03:05:21 +0100: Memory Usage (433620K) : inldpwl_drw has 0 polygons
2026-02-09 03:05:21 +0100: Memory Usage (433620K) : polyres_drw has 0 polygons
2026-02-09 03:05:21 +0100: Memory Usage (433620K) : polyres_pin has 0 polygons
2026-02-09 03:05:21 +0100: Memory Usage (433620K) : vmim_drw has 0 polygons
2026-02-09 03:05:21 +0100: Memory Usage (433620K) : nbulaycut_drw has 0 polygons
2026-02-09 03:05:21 +0100: Memory Usage (433620K) : antmetal1_drw has 0 polygons
2026-02-09 03:05:21 +0100: Memory Usage (433620K) : topvia2_drw has 0 polygons
2026-02-09 03:05:21 +0100: Memory Usage (433620K) : topmetal2_drw has 0 polygons
2026-02-09 03:05:21 +0100: Memory Usage (433748K) : topmetal2_pin has 0 polygons
2026-02-09 03:05:21 +0100: Memory Usage (433748K) : topmetal2_mask has 0 polygons
2026-02-09 03:05:21 +0100: Memory Usage (433876K) : topmetal2_filler has 0 polygons
2026-02-09 03:05:21 +0100: Memory Usage (433876K) : topmetal2_nofill has 0 polygons
2026-02-09 03:05:21 +0100: Memory Usage (434004K) : topmetal2_slit has 0 polygons
2026-02-09 03:05:21 +0100: Memory Usage (434004K) : topmetal2_text has 0 polygons
2026-02-09 03:05:21 +0100: Memory Usage (434132K) : topmetal2_noqrc has 0 polygons
2026-02-09 03:05:21 +0100: Memory Usage (434132K) : topmetal2_res has 0 polygons
2026-02-09 03:05:21 +0100: Memory Usage (434260K) : topmetal2_iprobe has 0 polygons
2026-02-09 03:05:21 +0100: Memory Usage (434260K) : topmetal2_diffprb has 0 polygons
2026-02-09 03:05:21 +0100: Memory Usage (434388K) : snsring_drw has 0 polygons
2026-02-09 03:05:21 +0100: Memory Usage (434388K) : sensor_drw has 0 polygons
2026-02-09 03:05:21 +0100: Memory Usage (434516K) : snsarms_drw has 0 polygons
2026-02-09 03:05:21 +0100: Memory Usage (434516K) : snscmosvia_drw has 0 polygons
2026-02-09 03:05:21 +0100: Memory Usage (434644K) : colwind_drw has 0 polygons
2026-02-09 03:05:21 +0100: Memory Usage (434644K) : flm_drw has 0 polygons
2026-02-09 03:05:21 +0100: Memory Usage (434772K) : hafniumox_drw has 0 polygons
2026-02-09 03:05:21 +0100: Memory Usage (434772K) : memvia_drw has 0 polygons
2026-02-09 03:05:21 +0100: Memory Usage (434900K) : thinfilmres_drw has 0 polygons
2026-02-09 03:05:21 +0100: Memory Usage (434900K) : rfmem_drw has 0 polygons
2026-02-09 03:05:21 +0100: Memory Usage (435028K) : norcx_drw has 0 polygons
2026-02-09 03:05:21 +0100: Memory Usage (435028K) : norcx_m2m3 has 0 polygons
2026-02-09 03:05:21 +0100: Memory Usage (435156K) : norcx_m2m4 has 0 polygons
2026-02-09 03:05:21 +0100: Memory Usage (435284K) : norcx_m2m5 has 0 polygons
2026-02-09 03:05:21 +0100: Memory Usage (435284K) : norcx_m2tm1 has 0 polygons
2026-02-09 03:05:21 +0100: Memory Usage (435284K) : norcx_m2tm2 has 0 polygons
2026-02-09 03:05:21 +0100: Memory Usage (435284K) : norcx_m3m4 has 0 polygons
2026-02-09 03:05:21 +0100: Memory Usage (435284K) : norcx_m3m5 has 0 polygons
2026-02-09 03:05:21 +0100: Memory Usage (435284K) : norcx_m3tm1 has 0 polygons
2026-02-09 03:05:21 +0100: Memory Usage (435284K) : norcx_m3tm2 has 0 polygons
2026-02-09 03:05:21 +0100: Memory Usage (435284K) : norcx_m4m5 has 0 polygons
2026-02-09 03:05:21 +0100: Memory Usage (435284K) : norcx_m4tm1 has 0 polygons
2026-02-09 03:05:21 +0100: Memory Usage (435284K) : norcx_m4tm2 has 0 polygons
2026-02-09 03:05:21 +0100: Memory Usage (435284K) : norcx_m5tm1 has 0 polygons
2026-02-09 03:05:21 +0100: Memory Usage (435284K) : norcx_m5tm2 has 0 polygons
2026-02-09 03:05:21 +0100: Memory Usage (435284K) : norcx_tm1tm2 has 0 polygons
2026-02-09 03:05:21 +0100: Memory Usage (435284K) : norcx_m1sub has 0 polygons
2026-02-09 03:05:21 +0100: Memory Usage (435284K) : norcx_m2sub has 0 polygons
2026-02-09 03:05:21 +0100: Memory Usage (435284K) : norcx_m3sub has 0 polygons
2026-02-09 03:05:21 +0100: Memory Usage (435284K) : norcx_m4sub has 0 polygons
2026-02-09 03:05:21 +0100: Memory Usage (435284K) : norcx_m5sub has 0 polygons
2026-02-09 03:05:21 +0100: Memory Usage (435284K) : norcx_tm1sub has 0 polygons
2026-02-09 03:05:21 +0100: Memory Usage (435284K) : norcx_tm2sub has 0 polygons
2026-02-09 03:05:21 +0100: Memory Usage (435284K) : snsbotvia_drw has 0 polygons
2026-02-09 03:05:21 +0100: Memory Usage (435284K) : snstopvia_drw has 0 polygons
2026-02-09 03:05:21 +0100: Memory Usage (435284K) : deepvia_drw has 0 polygons
2026-02-09 03:05:21 +0100: Memory Usage (435284K) : fgetch_drw has 0 polygons
2026-02-09 03:05:21 +0100: Memory Usage (435284K) : ctrgat_drw has 0 polygons
2026-02-09 03:05:21 +0100: Memory Usage (435284K) : fgimp_drw has 0 polygons
2026-02-09 03:05:21 +0100: Memory Usage (435284K) : emwihv_drw has 0 polygons
2026-02-09 03:05:21 +0100: Memory Usage (435284K) : lbe_drw has 0 polygons
2026-02-09 03:05:21 +0100: Memory Usage (435284K) : alcustop_drw has 0 polygons
2026-02-09 03:05:21 +0100: Memory Usage (435284K) : nometfiller_drw has 0 polygons
2026-02-09 03:05:21 +0100: Memory Usage (435284K) : prboundary_drw has 0 polygons
2026-02-09 03:05:21 +0100: Memory Usage (435284K) : exchange0_drw has 0 polygons
2026-02-09 03:05:21 +0100: Memory Usage (435284K) : exchange0_pin has 0 polygons
2026-02-09 03:05:21 +0100: Memory Usage (435284K) : exchange0_text has 0 polygons
2026-02-09 03:05:21 +0100: Memory Usage (435284K) : exchange1_drw has 0 polygons
2026-02-09 03:05:21 +0100: Memory Usage (435284K) : exchange1_pin has 0 polygons
2026-02-09 03:05:21 +0100: Memory Usage (435284K) : exchange1_text has 0 polygons
2026-02-09 03:05:21 +0100: Memory Usage (435284K) : exchange2_drw has 0 polygons
2026-02-09 03:05:21 +0100: Memory Usage (435284K) : exchange2_pin has 0 polygons
2026-02-09 03:05:21 +0100: Memory Usage (435284K) : exchange2_text has 0 polygons
2026-02-09 03:05:21 +0100: Memory Usage (435284K) : exchange3_drw has 0 polygons
2026-02-09 03:05:21 +0100: Memory Usage (435284K) : exchange3_pin has 0 polygons
2026-02-09 03:05:21 +0100: Memory Usage (435284K) : exchange3_text has 0 polygons
2026-02-09 03:05:21 +0100: Memory Usage (435284K) : exchange4_drw has 0 polygons
2026-02-09 03:05:21 +0100: Memory Usage (435284K) : exchange4_pin has 0 polygons
2026-02-09 03:05:21 +0100: Memory Usage (435284K) : exchange4_text has 0 polygons
2026-02-09 03:05:21 +0100: Memory Usage (435284K) : isonwell_drw has 0 polygons
2026-02-09 03:05:21 +0100: Memory Usage (435284K) : Total no. of polygons in the design is 32802
2026-02-09 03:05:21 +0100: Memory Usage (435284K) : Loaded TECH DRC rules values from /home/cmaier/.ciel/ciel/ihp-sg13g2/versions/c4b8b4e5e7a05f375cca3815d51b3a37721fbf5c/ihp-sg13g2/libs.tech/klayout/python/sg13g2_pycell_lib/sg13g2_tech_mod.json
2026-02-09 03:05:21 +0100: Memory Usage (435284K) : Loaded default DRC rules values from /home/cmaier/.ciel/ciel/ihp-sg13g2/versions/c4b8b4e5e7a05f375cca3815d51b3a37721fbf5c/ihp-sg13g2/libs.tech/klayout/tech/drc/rule_decks/sg13g2_tech_default.json
2026-02-09 03:05:21 +0100: Memory Usage (435284K) : The following rules values were missing in tech json and default values were used:
2026-02-09 03:05:21 +0100: Memory Usage (435284K) :   - Cnt_c_digibnd
2026-02-09 03:05:21 +0100: Memory Usage (435924K) : Total area of the design is 3547.3437999999996 um^2.
2026-02-09 03:05:21 +0100: Memory Usage (435924K) : The design dimensions are 134.42000000000002 µm * 26.39 µm.
2026-02-09 03:05:21 +0100: Memory Usage (435924K) : Starting general IHP-SG13G2 derivations.
2026-02-09 03:05:21 +0100: Memory Usage (435924K) : Starting Pwell derivations
2026-02-09 03:05:21 +0100: Memory Usage (437784K) : Starting n-Activ derivations
2026-02-09 03:05:21 +0100: Memory Usage (437784K) : Starting p-Activ derivations
2026-02-09 03:05:21 +0100: Memory Usage (437784K) : Starting ptap derivations
2026-02-09 03:05:21 +0100: Memory Usage (437784K) : Starting ntap derivations
2026-02-09 03:05:21 +0100: Memory Usage (437784K) : Starting pact FET derivations
2026-02-09 03:05:21 +0100: Memory Usage (437784K) : Starting nact FET derivations
2026-02-09 03:05:21 +0100: Memory Usage (437912K) : Starting Gate derivations
2026-02-09 03:05:21 +0100: Memory Usage (438040K) : Starting cont/contbar general derivations
2026-02-09 03:05:21 +0100: Memory Usage (438040K) : Starting pad general derivations
2026-02-09 03:05:21 +0100: Memory Usage (438040K) : Starting IHP-SG13G2 DRC connectivity related derivations.
2026-02-09 03:05:21 +0100: Memory Usage (438040K) : Starting IHP-SG13G2 DRC connectivity setup
2026-02-09 03:05:21 +0100: Memory Usage (438332K) : Starting IHP-SG13G2 DRC rules.
2026-02-09 03:05:21 +0100: Memory Usage (438332K) : Running all FEOL rules
2026-02-09 03:05:21 +0100: Memory Usage (438332K) : Running all BEOL rules
2026-02-09 03:05:21 +0100: Memory Usage (438332K) : Running all PIN rules
2026-02-09 03:05:21 +0100: Memory Usage (438332K) : Running all FORBIDDEN rules
2026-02-09 03:05:21 +0100: Memory Usage (438332K) : Starting 5.1 NWell table
2026-02-09 03:05:21 +0100: Memory Usage (438332K) : Executing rule NW.b
2026-02-09 03:05:21 +0100: Memory Usage (439732K) : Executing rule NW.b1
2026-02-09 03:05:21 +0100: Memory Usage (439732K) : Starting 5.2 PWell:block
2026-02-09 03:05:21 +0100: Memory Usage (439732K) : Executing rule PWB.e
2026-02-09 03:05:21 +0100: Memory Usage (439732K) : Executing rule PWB.e1
2026-02-09 03:05:21 +0100: Memory Usage (439732K) : Executing rule PWB.f
2026-02-09 03:05:21 +0100: Memory Usage (439732K) : Executing rule PWB.f1
2026-02-09 03:05:21 +0100: Memory Usage (439732K) : Starting 5.3 nBuLay table
2026-02-09 03:05:21 +0100: Memory Usage (439732K) : Executing rule NBL.b
2026-02-09 03:05:21 +0100: Memory Usage (439732K) : Executing rule NBL.c
2026-02-09 03:05:21 +0100: Memory Usage (439732K) : Executing rule NBL.d
2026-02-09 03:05:21 +0100: Memory Usage (439732K) : Executing rule NBL.e
2026-02-09 03:05:21 +0100: Memory Usage (439732K) : Executing rule NBL.f
2026-02-09 03:05:21 +0100: Memory Usage (439732K) : Starting 5.5. Activ table
2026-02-09 03:05:21 +0100: Memory Usage (439732K) : Executing rule Act.a
2026-02-09 03:05:21 +0100: Memory Usage (439732K) : Executing rule Act.b
2026-02-09 03:05:21 +0100: Memory Usage (440048K) : Starting 5.6 Activ:filler table
2026-02-09 03:05:21 +0100: Memory Usage (440048K) : Executing rule AFil.c1
2026-02-09 03:05:21 +0100: Memory Usage (440048K) : Executing rule AFil.c
2026-02-09 03:05:21 +0100: Memory Usage (440048K) : Executing rule AFil.d
2026-02-09 03:05:21 +0100: Memory Usage (440048K) : Executing rule AFil.e
2026-02-09 03:05:21 +0100: Memory Usage (440048K) : Executing rule AFil.j
2026-02-09 03:05:21 +0100: Memory Usage (440048K) : Starting 5.7. ThickGateOx table
2026-02-09 03:05:21 +0100: Memory Usage (440048K) : Executing rule TGO.f
2026-02-09 03:05:21 +0100: Memory Usage (440048K) : Starting 5.8. GatPoly table
2026-02-09 03:05:21 +0100: Memory Usage (440048K) : Executing rule Gat.a
2026-02-09 03:05:21 +0100: Memory Usage (440048K) : Executing rule Gat.b
2026-02-09 03:05:21 +0100: Memory Usage (440048K) : Executing rule Gat.d
2026-02-09 03:05:21 +0100: Memory Usage (440048K) : Executing rule Gat.a1
2026-02-09 03:05:21 +0100: Memory Usage (440768K) : Executing rule Gat.a2
2026-02-09 03:05:21 +0100: Memory Usage (440768K) : Executing rule Gat.g
2026-02-09 03:05:21 +0100: Memory Usage (440768K) : Starting 5.9 GatPoly:filler
2026-02-09 03:05:21 +0100: Memory Usage (440768K) : Executing rule GFil.d
2026-02-09 03:05:21 +0100: Memory Usage (440768K) : Executing rule GFil.e
2026-02-09 03:05:21 +0100: Memory Usage (440768K) : Executing rule GFil.i
2026-02-09 03:05:21 +0100: Memory Usage (440768K) : Starting 5.10 pSD table
2026-02-09 03:05:21 +0100: Memory Usage (440768K) : Executing rule pSD.c1
2026-02-09 03:05:21 +0100: Memory Usage (440768K) : Starting 5.14. Cont table
2026-02-09 03:05:21 +0100: Memory Usage (440768K) : Executing rule Cnt.a
2026-02-09 03:05:21 +0100: Memory Usage (440768K) : Executing rule Cnt.b
2026-02-09 03:05:21 +0100: Memory Usage (440768K) : Executing rule Cnt.c
2026-02-09 03:05:21 +0100: Memory Usage (440768K) : Executing rule Cnt.c
2026-02-09 03:05:21 +0100: Memory Usage (440768K) : Executing rule Cnt.d
2026-02-09 03:05:21 +0100: Memory Usage (440768K) : Executing rule Cnt.e
2026-02-09 03:05:21 +0100: Memory Usage (440768K) : Executing rule Cnt.g1
2026-02-09 03:05:21 +0100: Memory Usage (440768K) : Executing rule Cnt.g2
2026-02-09 03:05:21 +0100: Memory Usage (440896K) : Starting 5.15. ContBar table
2026-02-09 03:05:21 +0100: Memory Usage (440896K) : Executing rule CntB.b1
2026-02-09 03:05:21 +0100: Memory Usage (440896K) : Executing rule CntB.h1
2026-02-09 03:05:21 +0100: Memory Usage (440896K) : Starting 6.1.3 NPN Substrate-Tie table
2026-02-09 03:05:21 +0100: Memory Usage (440896K) : Executing rule npn13G2.bR 
2026-02-09 03:05:21 +0100: Memory Usage (440896K) : Executing rule npn13G2L.cR 
2026-02-09 03:05:21 +0100: Memory Usage (440896K) : Executing rule npn13G2V.cR 
2026-02-09 03:05:21 +0100: Memory Usage (440896K) : Starting 6.7 Schottky diode table
2026-02-09 03:05:21 +0100: Memory Usage (440896K) : Executing rule Sdiod.d
2026-02-09 03:05:21 +0100: Memory Usage (440896K) : Executing rule Sdiod.e
2026-02-09 03:05:21 +0100: Memory Usage (440896K) : Starting 7.2 Latch-up table
2026-02-09 03:05:21 +0100: Memory Usage (440896K) : Executing rule LU.b
2026-02-09 03:05:21 +0100: Memory Usage (440896K) : Starting 5.16. Metal1 table
2026-02-09 03:05:21 +0100: Memory Usage (440896K) : Executing rule M1.a
2026-02-09 03:05:22 +0100: Memory Usage (440896K) : Executing rule M1.b
2026-02-09 03:05:22 +0100: Memory Usage (441536K) : Executing rule M1.e
2026-02-09 03:05:22 +0100: Memory Usage (441536K) : Executing rule M1.f
2026-02-09 03:05:22 +0100: Memory Usage (441536K) : Executing rule M1.g
2026-02-09 03:05:22 +0100: Memory Usage (441536K) : Executing rule M1.i
2026-02-09 03:05:22 +0100: Memory Usage (441536K) : Starting 5.17 Metaln table
2026-02-09 03:05:22 +0100: Memory Usage (441536K) : Executing rule M2.a
2026-02-09 03:05:22 +0100: Memory Usage (441720K) : Executing rule M2.b
2026-02-09 03:05:22 +0100: Memory Usage (441720K) : Executing rule M2.e
2026-02-09 03:05:22 +0100: Memory Usage (441720K) : Executing rule M2.f
2026-02-09 03:05:22 +0100: Memory Usage (441720K) : Executing rule M2.g
2026-02-09 03:05:22 +0100: Memory Usage (441720K) : Executing rule M2.i
2026-02-09 03:05:22 +0100: Memory Usage (441720K) : Executing rule M3.a
2026-02-09 03:05:22 +0100: Memory Usage (441720K) : Executing rule M3.b
2026-02-09 03:05:22 +0100: Memory Usage (441720K) : Executing rule M3.e
2026-02-09 03:05:22 +0100: Memory Usage (441720K) : Executing rule M3.f
2026-02-09 03:05:22 +0100: Memory Usage (441720K) : Executing rule M3.g
2026-02-09 03:05:22 +0100: Memory Usage (441720K) : Executing rule M3.i
2026-02-09 03:05:22 +0100: Memory Usage (441720K) : Executing rule M4.a
2026-02-09 03:05:22 +0100: Memory Usage (441720K) : Executing rule M4.b
2026-02-09 03:05:22 +0100: Memory Usage (441720K) : Executing rule M4.e
2026-02-09 03:05:22 +0100: Memory Usage (441720K) : Executing rule M4.f
2026-02-09 03:05:22 +0100: Memory Usage (441720K) : Executing rule M4.g
2026-02-09 03:05:22 +0100: Memory Usage (441720K) : Executing rule M4.i
2026-02-09 03:05:22 +0100: Memory Usage (441720K) : Executing rule M5.a
2026-02-09 03:05:22 +0100: Memory Usage (441720K) : Executing rule M5.b
2026-02-09 03:05:22 +0100: Memory Usage (441720K) : Executing rule M5.e
2026-02-09 03:05:22 +0100: Memory Usage (441720K) : Executing rule M5.f
2026-02-09 03:05:22 +0100: Memory Usage (441720K) : Executing rule M5.g
2026-02-09 03:05:22 +0100: Memory Usage (441720K) : Executing rule M5.i
2026-02-09 03:05:22 +0100: Memory Usage (441720K) : Starting 5.18 Metaln:filler table
2026-02-09 03:05:22 +0100: Memory Usage (441720K) : Executing rule M1Fil.c
2026-02-09 03:05:22 +0100: Memory Usage (441720K) : Executing rule M1Fil.a2
2026-02-09 03:05:22 +0100: Memory Usage (441720K) : Executing rule M2Fil.c
2026-02-09 03:05:22 +0100: Memory Usage (441720K) : Executing rule M2Fil.a2
2026-02-09 03:05:22 +0100: Memory Usage (441720K) : Executing rule M3Fil.c
2026-02-09 03:05:22 +0100: Memory Usage (441720K) : Executing rule M3Fil.a2
2026-02-09 03:05:22 +0100: Memory Usage (441720K) : Executing rule M4Fil.c
2026-02-09 03:05:22 +0100: Memory Usage (441720K) : Executing rule M4Fil.a2
2026-02-09 03:05:22 +0100: Memory Usage (441720K) : Executing rule M5Fil.c
2026-02-09 03:05:22 +0100: Memory Usage (441720K) : Executing rule M5Fil.a2
2026-02-09 03:05:22 +0100: Memory Usage (441720K) : Starting 5.19. Via1 table
2026-02-09 03:05:22 +0100: Memory Usage (441720K) : Starting 5.19. Via1 table derivations
2026-02-09 03:05:22 +0100: Memory Usage (441720K) : Executing rule V1.a
2026-02-09 03:05:22 +0100: Memory Usage (441720K) : Executing rule V1.b
2026-02-09 03:05:22 +0100: Memory Usage (441720K) : Executing rule V1.c
2026-02-09 03:05:22 +0100: Memory Usage (441720K) : Starting 5.20. Vian table
2026-02-09 03:05:22 +0100: Memory Usage (441848K) : Executing rule V2.a
2026-02-09 03:05:22 +0100: Memory Usage (442232K) : Executing rule V2.b
2026-02-09 03:05:22 +0100: Memory Usage (442360K) : Executing rule V2.c
2026-02-09 03:05:22 +0100: Memory Usage (442616K) : Executing rule V3.a
2026-02-09 03:05:22 +0100: Memory Usage (442872K) : Executing rule V3.b
2026-02-09 03:05:22 +0100: Memory Usage (443000K) : Executing rule V3.c
2026-02-09 03:05:22 +0100: Memory Usage (443256K) : Executing rule V4.a
2026-02-09 03:05:22 +0100: Memory Usage (443640K) : Executing rule V4.b
2026-02-09 03:05:22 +0100: Memory Usage (443768K) : Executing rule V4.c
2026-02-09 03:05:22 +0100: Memory Usage (443896K) : Starting 5.21. TopVia1 table
2026-02-09 03:05:22 +0100: Memory Usage (443896K) : Executing rule TV1.a
2026-02-09 03:05:22 +0100: Memory Usage (444152K) : Executing rule TV1.b
2026-02-09 03:05:22 +0100: Memory Usage (444280K) : Executing rule TV1.c
2026-02-09 03:05:22 +0100: Memory Usage (444408K) : Executing rule TV1.d
2026-02-09 03:05:22 +0100: Memory Usage (444536K) : Starting 5.22. TopMetal1 table
2026-02-09 03:05:22 +0100: Memory Usage (444536K) : Executing rule TM1.a
2026-02-09 03:05:22 +0100: Memory Usage (444664K) : Executing rule TM1.b
2026-02-09 03:05:22 +0100: Memory Usage (444792K) : Starting 5.23 TopMetal1:filler table
2026-02-09 03:05:22 +0100: Memory Usage (444792K) : Executing rule TM1Fil.c
2026-02-09 03:05:22 +0100: Memory Usage (444920K) : Executing rule TM1Fil.a1
2026-02-09 03:05:22 +0100: Memory Usage (445048K) : Starting 5.24. TopVia2 table
2026-02-09 03:05:22 +0100: Memory Usage (445048K) : Executing rule TV2.a
2026-02-09 03:05:22 +0100: Memory Usage (445304K) : Executing rule TV2.b
2026-02-09 03:05:22 +0100: Memory Usage (445432K) : Executing rule TV2.c
2026-02-09 03:05:22 +0100: Memory Usage (445560K) : Executing rule TV2.d
2026-02-09 03:05:22 +0100: Memory Usage (445688K) : Starting 5.25. TopMetal2 table
2026-02-09 03:05:22 +0100: Memory Usage (445688K) : Executing rule TM2.a
2026-02-09 03:05:22 +0100: Memory Usage (445688K) : Executing rule TM2.b
2026-02-09 03:05:22 +0100: Memory Usage (445816K) : Executing rule TM2.bR
2026-02-09 03:05:22 +0100: Memory Usage (446200K) : Starting 5.26 TopMetal2:filler table
2026-02-09 03:05:22 +0100: Memory Usage (446200K) : Executing rule TM2Fil.c
2026-02-09 03:05:22 +0100: Memory Usage (446328K) : Executing rule TM2Fil.a1
2026-02-09 03:05:22 +0100: Memory Usage (446456K) : Starting 5.27. Passiv table
2026-02-09 03:05:22 +0100: Memory Usage (446456K) : Executing rule Pas.a
2026-02-09 03:05:22 +0100: Memory Usage (446584K) : Executing rule Pas.b
2026-02-09 03:05:22 +0100: Memory Usage (446712K) : Executing rule Pas.c
2026-02-09 03:05:22 +0100: Memory Usage (447096K) : Starting 6.9.2 Copper Pillar table
2026-02-09 03:05:22 +0100: Memory Usage (447096K) : Executing rule Padc.a
2026-02-09 03:05:22 +0100: Memory Usage (447480K) : Executing rule Padc.b
2026-02-09 03:05:22 +0100: Memory Usage (447608K) : Executing rule Padc.c
2026-02-09 03:05:22 +0100: Memory Usage (447864K) : Executing rule Padb.f
2026-02-09 03:05:22 +0100: Memory Usage (448376K) : Starting 6.9 Pad table
2026-02-09 03:05:22 +0100: Memory Usage (448376K) : Executing rule Pad.m
2026-02-09 03:05:22 +0100: Memory Usage (448632K) : Executing rule Pad.fR_M1
2026-02-09 03:05:22 +0100: Memory Usage (449144K) : Executing rule Pad.fR_M2
2026-02-09 03:05:22 +0100: Memory Usage (449656K) : Executing rule Pad.fR_M3
2026-02-09 03:05:22 +0100: Memory Usage (450168K) : Executing rule Pad.fR_M4
2026-02-09 03:05:22 +0100: Memory Usage (450168K) : Executing rule Pad.fR_M5
2026-02-09 03:05:22 +0100: Memory Usage (450168K) : Executing rule Pad.fR_TM1
2026-02-09 03:05:22 +0100: Memory Usage (450168K) : Executing rule Pad.fR_TM2
2026-02-09 03:05:22 +0100: Memory Usage (450168K) : Executing rule Pad.i
2026-02-09 03:05:22 +0100: Memory Usage (450168K) : Starting 6.9.1 Solder Bump
2026-02-09 03:05:22 +0100: Memory Usage (450168K) : Executing rule Padb.a
2026-02-09 03:05:22 +0100: Memory Usage (450168K) : Executing rule Padb.b
2026-02-09 03:05:22 +0100: Memory Usage (450168K) : Executing rule Padb.c
2026-02-09 03:05:22 +0100: Memory Usage (450168K) : Executing rule Padb.f
2026-02-09 03:05:22 +0100: Memory Usage (450168K) : Executing rule Padb.d
2026-02-09 03:05:22 +0100: Memory Usage (450168K) : Starting 6.10 Sealring table
2026-02-09 03:05:22 +0100: Memory Usage (450168K) : Executing rule Seal.l
2026-02-09 03:05:22 +0100: Memory Usage (450168K) : Executing rule Seal.n
2026-02-09 03:05:22 +0100: Memory Usage (450168K) : Executing rule seal.b_metal1
2026-02-09 03:05:22 +0100: Memory Usage (450168K) : Executing rule seal.b_metal2
2026-02-09 03:05:22 +0100: Memory Usage (450168K) : Executing rule seal.b_metal3
2026-02-09 03:05:22 +0100: Memory Usage (450168K) : Executing rule seal.b_metal4
2026-02-09 03:05:22 +0100: Memory Usage (450168K) : Executing rule seal.b_metal5
2026-02-09 03:05:22 +0100: Memory Usage (450168K) : Executing rule seal.b_topmetal1
2026-02-09 03:05:22 +0100: Memory Usage (450168K) : Executing rule seal.b_topmetal2
2026-02-09 03:05:22 +0100: Memory Usage (450168K) : Executing rule seal.b_activ
2026-02-09 03:05:22 +0100: Memory Usage (450168K) : Executing rule seal.b_psd
2026-02-09 03:05:22 +0100: Memory Usage (450168K) : Executing rule Seal.k
2026-02-09 03:05:22 +0100: Memory Usage (450168K) : Executing rule Seal.m
2026-02-09 03:05:22 +0100: Memory Usage (450168K) : Starting 6.11 MIM table
2026-02-09 03:05:22 +0100: Memory Usage (450168K) : Executing rule MIM.c
2026-02-09 03:05:22 +0100: Memory Usage (450168K) : Executing rule MIM.d
2026-02-09 03:05:22 +0100: Memory Usage (450168K) : Executing rule MIM.gR
2026-02-09 03:05:22 +0100: Memory Usage (450168K) : Starting 7.3 Metal Slits table
2026-02-09 03:05:22 +0100: Memory Usage (450168K) : Executing rule Slt.e1_M1
2026-02-09 03:05:22 +0100: Memory Usage (450168K) : Executing rule Slt.e1_M2
2026-02-09 03:05:22 +0100: Memory Usage (450168K) : Executing rule Slt.e1_M3
2026-02-09 03:05:22 +0100: Memory Usage (450168K) : Executing rule Slt.e1_M4
2026-02-09 03:05:22 +0100: Memory Usage (450168K) : Executing rule Slt.e1_M5
2026-02-09 03:05:22 +0100: Memory Usage (450168K) : Executing rule Slt.e1_TM1
2026-02-09 03:05:22 +0100: Memory Usage (450168K) : Executing rule Slt.e1_TM2
2026-02-09 03:05:22 +0100: Memory Usage (450168K) : Starting 9.1. LBE table
2026-02-09 03:05:22 +0100: Memory Usage (450168K) : Executing rule LBE.a
2026-02-09 03:05:22 +0100: Memory Usage (450168K) : Executing rule LBE.b
2026-02-09 03:05:22 +0100: Memory Usage (450168K) : Executing rule LBE.b1
2026-02-09 03:05:22 +0100: Memory Usage (450168K) : Executing rule LBE.c
2026-02-09 03:05:22 +0100: Memory Usage (450168K) : Executing rule LBE.d
2026-02-09 03:05:22 +0100: Memory Usage (450168K) : Executing rule LBE.h
2026-02-09 03:05:22 +0100: Memory Usage (450168K) : Starting 7.4. PIN table
2026-02-09 03:05:22 +0100: Memory Usage (450168K) : Executing rule Pin.a
2026-02-09 03:05:22 +0100: Memory Usage (450168K) : Executing rule Pin.b
2026-02-09 03:05:22 +0100: Memory Usage (450168K) : Executing rule Pin.e
2026-02-09 03:05:23 +0100: Memory Usage (450168K) : Executing rule Pin.f_M2
2026-02-09 03:05:23 +0100: Memory Usage (450168K) : Executing rule Pin.f_M3
2026-02-09 03:05:23 +0100: Memory Usage (450168K) : Executing rule Pin.f_M4
2026-02-09 03:05:23 +0100: Memory Usage (450168K) : Executing rule Pin.f_M5
2026-02-09 03:05:23 +0100: Memory Usage (450168K) : Executing rule Pin.g
2026-02-09 03:05:23 +0100: Memory Usage (450168K) : Executing rule Pin.h
2026-02-09 03:05:23 +0100: Memory Usage (450168K) : Starting 3.2. FORBIDDEN table
2026-02-09 03:05:23 +0100: Memory Usage (450168K) : Executing rule forbidden.biwind
2026-02-09 03:05:23 +0100: Memory Usage (450168K) : Executing rule forbidden.pemwind
2026-02-09 03:05:23 +0100: Memory Usage (450168K) : Executing rule forbidden.baspoly
2026-02-09 03:05:23 +0100: Memory Usage (450168K) : Executing rule forbidden.deepco
2026-02-09 03:05:23 +0100: Memory Usage (450168K) : Executing rule forbidden.pempoly
2026-02-09 03:05:23 +0100: Memory Usage (450168K) : Executing rule forbidden.empoly
2026-02-09 03:05:23 +0100: Memory Usage (450168K) : Executing rule forbidden.ldmos
2026-02-09 03:05:23 +0100: Memory Usage (450168K) : Executing rule forbidden.pbiwind
2026-02-09 03:05:23 +0100: Memory Usage (450168K) : Executing rule forbidden.nodrc
2026-02-09 03:05:23 +0100: Memory Usage (450168K) : Executing rule forbidden.flash
2026-02-09 03:05:23 +0100: Memory Usage (450168K) : Executing rule forbidden.colwind
2026-02-09 03:05:23 +0100: Memory Usage (450168K) : KLayout DRC run for tables 'main' completed in 2.25 seconds
