# Logfile created on 2026-02-11 01:04:06 +0100 by logger.rb/v1.6.0
2026-02-11 01:04:06 +0100: Memory Usage (422624K) : Starting running IHP-SG13G2 KLayout DRC runset on /home/cmaier/EDA/PUDDING/macro/gds/heichips25_pudding.gds
2026-02-11 01:04:06 +0100: Memory Usage (422624K) : Ruby Version for klayout: 3.3.10
2026-02-11 01:04:06 +0100: Memory Usage (427892K) : Loading database to memory is complete.
2026-02-11 01:04:06 +0100: Memory Usage (427892K) : IHP-SG13G2 KLayout DRC runset output at: /home/cmaier/EDA/PUDDING/gds/drc_run_heichips25_pudding/heichips25_pudding_heichips25_pudding_main.lyrdb
2026-02-11 01:04:06 +0100: Memory Usage (427892K) : Evaluate switches.
2026-02-11 01:04:06 +0100: Memory Usage (427892K) : tables selected: main
2026-02-11 01:04:06 +0100: Memory Usage (427892K) : KLayout will use 1 thread(s) in tiling mode.
2026-02-11 01:04:06 +0100: Memory Usage (427892K) : deep mode is enabled.
2026-02-11 01:04:06 +0100: Memory Usage (427892K) : FEOL enabled: true
2026-02-11 01:04:06 +0100: Memory Usage (427892K) : BEOL enabled: true
2026-02-11 01:04:06 +0100: Memory Usage (427892K) : OFFGRID enabled: true
2026-02-11 01:04:06 +0100: Memory Usage (427892K) : PIN enabled: true
2026-02-11 01:04:06 +0100: Memory Usage (427892K) : FORBIDDEN enabled: true
2026-02-11 01:04:06 +0100: Memory Usage (427892K) : RECOMMENDED enabled: true
2026-02-11 01:04:06 +0100: Memory Usage (427892K) : PreCheck DRC enabled: false
2026-02-11 01:04:06 +0100: Memory Usage (427892K) : CONNECTIVITY_RULES enabled: true.
2026-02-11 01:04:06 +0100: Memory Usage (427892K) : Read in polygons from layers.
2026-02-11 01:04:06 +0100: Memory Usage (429748K) : activ_drw has 34743 polygons
2026-02-11 01:04:06 +0100: Memory Usage (430004K) : activ_pin has 0 polygons
2026-02-11 01:04:06 +0100: Memory Usage (430132K) : activ_mask has 0 polygons
2026-02-11 01:04:06 +0100: Memory Usage (430132K) : activ_filler has 0 polygons
2026-02-11 01:04:06 +0100: Memory Usage (430132K) : activ_nofill has 0 polygons
2026-02-11 01:04:06 +0100: Memory Usage (430260K) : activ_opc has 0 polygons
2026-02-11 01:04:06 +0100: Memory Usage (430260K) : activ_iopc has 0 polygons
2026-02-11 01:04:06 +0100: Memory Usage (430388K) : activ_noqrc has 0 polygons
2026-02-11 01:04:06 +0100: Memory Usage (430388K) : biwind_drw has 0 polygons
2026-02-11 01:04:06 +0100: Memory Usage (430516K) : biwind_opc has 0 polygons
2026-02-11 01:04:06 +0100: Memory Usage (430516K) : pemwind_drw has 0 polygons
2026-02-11 01:04:06 +0100: Memory Usage (430516K) : gatpoly_drw has 30292 polygons
2026-02-11 01:04:06 +0100: Memory Usage (430516K) : gatpoly_pin has 0 polygons
2026-02-11 01:04:06 +0100: Memory Usage (430516K) : gatpoly_filler has 0 polygons
2026-02-11 01:04:06 +0100: Memory Usage (430516K) : gatpoly_nofill has 0 polygons
2026-02-11 01:04:06 +0100: Memory Usage (430644K) : gatpoly_opc has 0 polygons
2026-02-11 01:04:06 +0100: Memory Usage (430644K) : gatpoly_iopc has 0 polygons
2026-02-11 01:04:06 +0100: Memory Usage (430644K) : gatpoly_noqrc has 0 polygons
2026-02-11 01:04:06 +0100: Memory Usage (430772K) : cont_drw has 227519 polygons
2026-02-11 01:04:06 +0100: Memory Usage (430772K) : cont_opc has 0 polygons
2026-02-11 01:04:06 +0100: Memory Usage (430900K) : nsd_drw has 0 polygons
2026-02-11 01:04:06 +0100: Memory Usage (430900K) : nsd_block has 0 polygons
2026-02-11 01:04:06 +0100: Memory Usage (431028K) : metal1_drw has 57285 polygons
2026-02-11 01:04:06 +0100: Memory Usage (431284K) : metal1_pin has 22294 polygons
2026-02-11 01:04:06 +0100: Memory Usage (431284K) : metal1_mask has 0 polygons
2026-02-11 01:04:06 +0100: Memory Usage (431412K) : metal1_filler has 0 polygons
2026-02-11 01:04:06 +0100: Memory Usage (431412K) : metal1_nofill has 0 polygons
2026-02-11 01:04:06 +0100: Memory Usage (431540K) : metal1_slit has 0 polygons
2026-02-11 01:04:06 +0100: Memory Usage (431720K) : metal1_text has 22050 polygons
2026-02-11 01:04:06 +0100: Memory Usage (431848K) : metal1_opc has 0 polygons
2026-02-11 01:04:06 +0100: Memory Usage (431848K) : metal1_noqrc has 0 polygons
2026-02-11 01:04:06 +0100: Memory Usage (431976K) : metal1_res has 0 polygons
2026-02-11 01:04:06 +0100: Memory Usage (431976K) : metal1_iprobe has 0 polygons
2026-02-11 01:04:06 +0100: Memory Usage (432104K) : metal1_diffprb has 0 polygons
2026-02-11 01:04:06 +0100: Memory Usage (432104K) : passiv_drw has 0 polygons
2026-02-11 01:04:06 +0100: Memory Usage (432232K) : passiv_pin has 0 polygons
2026-02-11 01:04:06 +0100: Memory Usage (432232K) : passiv_sbump has 0 polygons
2026-02-11 01:04:06 +0100: Memory Usage (432360K) : passiv_pillar has 0 polygons
2026-02-11 01:04:06 +0100: Memory Usage (432360K) : passiv_pdl has 0 polygons
2026-02-11 01:04:06 +0100: Memory Usage (433000K) : metal2_drw has 25521 polygons
2026-02-11 01:04:06 +0100: Memory Usage (433384K) : metal2_pin has 3960 polygons
2026-02-11 01:04:06 +0100: Memory Usage (433384K) : metal2_mask has 0 polygons
2026-02-11 01:04:06 +0100: Memory Usage (433384K) : metal2_filler has 0 polygons
2026-02-11 01:04:06 +0100: Memory Usage (433384K) : metal2_nofill has 0 polygons
2026-02-11 01:04:06 +0100: Memory Usage (433384K) : metal2_slit has 0 polygons
2026-02-11 01:04:06 +0100: Memory Usage (433384K) : metal2_text has 5297 polygons
2026-02-11 01:04:06 +0100: Memory Usage (433640K) : metal2_opc has 0 polygons
2026-02-11 01:04:06 +0100: Memory Usage (433640K) : metal2_noqrc has 0 polygons
2026-02-11 01:04:06 +0100: Memory Usage (433768K) : metal2_res has 0 polygons
2026-02-11 01:04:06 +0100: Memory Usage (433896K) : metal2_iprobe has 0 polygons
2026-02-11 01:04:06 +0100: Memory Usage (433896K) : metal2_diffprb has 0 polygons
2026-02-11 01:04:06 +0100: Memory Usage (434024K) : baspoly_drw has 0 polygons
2026-02-11 01:04:06 +0100: Memory Usage (434024K) : baspoly_pin has 0 polygons
2026-02-11 01:04:06 +0100: Memory Usage (434152K) : psd_drw has 15584 polygons
2026-02-11 01:04:06 +0100: Memory Usage (434152K) : nldb_drw has 0 polygons
2026-02-11 01:04:06 +0100: Memory Usage (434280K) : digibnd_drw has 0 polygons
2026-02-11 01:04:06 +0100: Memory Usage (434408K) : via1_drw has 14831 polygons
2026-02-11 01:04:06 +0100: Memory Usage (434792K) : backmetal1_drw has 0 polygons
2026-02-11 01:04:06 +0100: Memory Usage (434792K) : backmetal1_pin has 0 polygons
2026-02-11 01:04:06 +0100: Memory Usage (434792K) : backmetal1_mask has 0 polygons
2026-02-11 01:04:06 +0100: Memory Usage (434792K) : backmetal1_filler has 0 polygons
2026-02-11 01:04:06 +0100: Memory Usage (434792K) : backmetal1_nofill has 0 polygons
2026-02-11 01:04:06 +0100: Memory Usage (434920K) : backmetal1_slit has 0 polygons
2026-02-11 01:04:06 +0100: Memory Usage (434920K) : backmetal1_text has 0 polygons
2026-02-11 01:04:06 +0100: Memory Usage (435048K) : backmetal1_opc has 0 polygons
2026-02-11 01:04:06 +0100: Memory Usage (435048K) : backmetal1_noqrc has 0 polygons
2026-02-11 01:04:06 +0100: Memory Usage (435176K) : backmetal1_res has 0 polygons
2026-02-11 01:04:06 +0100: Memory Usage (435176K) : backmetal1_iprobe has 0 polygons
2026-02-11 01:04:06 +0100: Memory Usage (435304K) : backmetal1_diffprb has 0 polygons
2026-02-11 01:04:06 +0100: Memory Usage (435304K) : backpassiv_drw has 0 polygons
2026-02-11 01:04:06 +0100: Memory Usage (435432K) : res_drw has 0 polygons
2026-02-11 01:04:06 +0100: Memory Usage (435432K) : sram_drw has 0 polygons
2026-02-11 01:04:06 +0100: Memory Usage (435560K) : trans_drw has 0 polygons
2026-02-11 01:04:06 +0100: Memory Usage (435560K) : ind_drw has 0 polygons
2026-02-11 01:04:06 +0100: Memory Usage (435688K) : ind_pin has 0 polygons
2026-02-11 01:04:06 +0100: Memory Usage (435688K) : ind_text has 0 polygons
2026-02-11 01:04:06 +0100: Memory Usage (435816K) : salblock_drw has 0 polygons
2026-02-11 01:04:06 +0100: Memory Usage (436072K) : via2_drw has 12950 polygons
2026-02-11 01:04:06 +0100: Memory Usage (436328K) : metal3_drw has 10506 polygons
2026-02-11 01:04:06 +0100: Memory Usage (436712K) : metal3_pin has 1135 polygons
2026-02-11 01:04:06 +0100: Memory Usage (436712K) : metal3_mask has 0 polygons
2026-02-11 01:04:06 +0100: Memory Usage (436712K) : metal3_filler has 0 polygons
2026-02-11 01:04:06 +0100: Memory Usage (436712K) : metal3_nofill has 0 polygons
2026-02-11 01:04:06 +0100: Memory Usage (436712K) : metal3_slit has 0 polygons
2026-02-11 01:04:06 +0100: Memory Usage (436840K) : metal3_text has 1319 polygons
2026-02-11 01:04:06 +0100: Memory Usage (436968K) : metal3_opc has 0 polygons
2026-02-11 01:04:06 +0100: Memory Usage (436968K) : metal3_noqrc has 0 polygons
2026-02-11 01:04:06 +0100: Memory Usage (437096K) : metal3_res has 0 polygons
2026-02-11 01:04:06 +0100: Memory Usage (437096K) : metal3_iprobe has 0 polygons
2026-02-11 01:04:06 +0100: Memory Usage (437224K) : metal3_diffprb has 0 polygons
2026-02-11 01:04:06 +0100: Memory Usage (437224K) : nwell_drw has 8325 polygons
2026-02-11 01:04:06 +0100: Memory Usage (437352K) : nwell_pin has 0 polygons
2026-02-11 01:04:06 +0100: Memory Usage (437480K) : nbulay_drw has 0 polygons
2026-02-11 01:04:06 +0100: Memory Usage (437480K) : nbulay_pin has 0 polygons
2026-02-11 01:04:06 +0100: Memory Usage (437608K) : nbulay_block has 0 polygons
2026-02-11 01:04:06 +0100: Memory Usage (437608K) : emwind_drw has 0 polygons
2026-02-11 01:04:06 +0100: Memory Usage (437736K) : emwind_opc has 0 polygons
2026-02-11 01:04:06 +0100: Memory Usage (437736K) : deepco_drw has 0 polygons
2026-02-11 01:04:06 +0100: Memory Usage (437864K) : deepco_drw has 0 polygons
2026-02-11 01:04:06 +0100: Memory Usage (437864K) : mim_drw has 0 polygons
2026-02-11 01:04:06 +0100: Memory Usage (437992K) : edgeseal_drw has 0 polygons
2026-02-11 01:04:06 +0100: Memory Usage (437992K) : edgeseal_bound has 0 polygons
2026-02-11 01:04:06 +0100: Memory Usage (438120K) : substrate_drw has 0 polygons
2026-02-11 01:04:06 +0100: Memory Usage (438120K) : substrate_text has 0 polygons
2026-02-11 01:04:06 +0100: Memory Usage (438248K) : dfpad_drw has 0 polygons
2026-02-11 01:04:06 +0100: Memory Usage (438248K) : dfpad_pillar has 0 polygons
2026-02-11 01:04:06 +0100: Memory Usage (438376K) : dfpad_sbump has 0 polygons
2026-02-11 01:04:06 +0100: Memory Usage (438376K) : thickgateox_drw has 0 polygons
2026-02-11 01:04:06 +0100: Memory Usage (438504K) : pldb_drw has 0 polygons
2026-02-11 01:04:06 +0100: Memory Usage (438504K) : pwell_drw has 0 polygons
2026-02-11 01:04:06 +0100: Memory Usage (438632K) : pwell_pin has 0 polygons
2026-02-11 01:04:06 +0100: Memory Usage (438632K) : pwell_block has 0 polygons
2026-02-11 01:04:06 +0100: Memory Usage (438760K) : ic_drw has 0 polygons
2026-02-11 01:04:06 +0100: Memory Usage (438888K) : via3_drw has 8460 polygons
2026-02-11 01:04:06 +0100: Memory Usage (439016K) : metal4_drw has 3128 polygons
2026-02-11 01:04:06 +0100: Memory Usage (439144K) : metal4_pin has 0 polygons
2026-02-11 01:04:06 +0100: Memory Usage (439272K) : metal4_mask has 0 polygons
2026-02-11 01:04:06 +0100: Memory Usage (439272K) : metal4_filler has 0 polygons
2026-02-11 01:04:06 +0100: Memory Usage (439400K) : metal4_nofill has 0 polygons
2026-02-11 01:04:06 +0100: Memory Usage (439400K) : metal4_slit has 0 polygons
2026-02-11 01:04:06 +0100: Memory Usage (439528K) : metal4_text has 44 polygons
2026-02-11 01:04:06 +0100: Memory Usage (439528K) : metal4_opc has 0 polygons
2026-02-11 01:04:06 +0100: Memory Usage (439656K) : metal4_noqrc has 0 polygons
2026-02-11 01:04:06 +0100: Memory Usage (439656K) : metal4_res has 0 polygons
2026-02-11 01:04:06 +0100: Memory Usage (439784K) : metal4_iprobe has 0 polygons
2026-02-11 01:04:06 +0100: Memory Usage (439784K) : metal4_diffprb has 0 polygons
2026-02-11 01:04:06 +0100: Memory Usage (439912K) : heattrans_drw has 0 polygons
2026-02-11 01:04:06 +0100: Memory Usage (439912K) : heatres_drw has 0 polygons
2026-02-11 01:04:06 +0100: Memory Usage (440040K) : pempoly_drw has 0 polygons
2026-02-11 01:04:06 +0100: Memory Usage (440040K) : fbe_drw has 0 polygons
2026-02-11 01:04:06 +0100: Memory Usage (440168K) : empoly_drw has 0 polygons
2026-02-11 01:04:06 +0100: Memory Usage (440168K) : ldmos_drw has 0 polygons
2026-02-11 01:04:06 +0100: Memory Usage (440296K) : pbiwind_drw has 0 polygons
2026-02-11 01:04:06 +0100: Memory Usage (440296K) : digisub_drw has 0 polygons
2026-02-11 01:04:06 +0100: Memory Usage (440424K) : nodrc_drw has 0 polygons
2026-02-11 01:04:06 +0100: Memory Usage (440424K) : text_drw has 122 polygons
2026-02-11 01:04:06 +0100: Memory Usage (440680K) : via4_drw has 10010 polygons
2026-02-11 01:04:06 +0100: Memory Usage (440808K) : metal5_drw has 1695 polygons
2026-02-11 01:04:06 +0100: Memory Usage (440808K) : metal5_pin has 4 polygons
2026-02-11 01:04:06 +0100: Memory Usage (440936K) : metal5_mask has 0 polygons
2026-02-11 01:04:06 +0100: Memory Usage (440936K) : metal5_filler has 0 polygons
2026-02-11 01:04:06 +0100: Memory Usage (441064K) : metal5_nofill has 0 polygons
2026-02-11 01:04:06 +0100: Memory Usage (441064K) : metal5_slit has 0 polygons
2026-02-11 01:04:06 +0100: Memory Usage (441192K) : metal5_text has 13 polygons
2026-02-11 01:04:06 +0100: Memory Usage (441192K) : metal5_opc has 0 polygons
2026-02-11 01:04:06 +0100: Memory Usage (441320K) : metal5_noqrc has 0 polygons
2026-02-11 01:04:06 +0100: Memory Usage (441320K) : metal5_res has 0 polygons
2026-02-11 01:04:06 +0100: Memory Usage (441320K) : metal5_iprobe has 0 polygons
2026-02-11 01:04:06 +0100: Memory Usage (441448K) : metal5_diffprb has 0 polygons
2026-02-11 01:04:06 +0100: Memory Usage (441448K) : radhard_drw has 0 polygons
2026-02-11 01:04:06 +0100: Memory Usage (441448K) : memcap_drw has 0 polygons
2026-02-11 01:04:06 +0100: Memory Usage (441448K) : varicap_drw has 0 polygons
2026-02-11 01:04:06 +0100: Memory Usage (441448K) : flash_drw has 0 polygons
2026-02-11 01:04:06 +0100: Memory Usage (441448K) : intbondvia_drw has 0 polygons
2026-02-11 01:04:06 +0100: Memory Usage (441448K) : intbondmet_drw has 0 polygons
2026-02-11 01:04:06 +0100: Memory Usage (441448K) : devbondvia_drw has 0 polygons
2026-02-11 01:04:06 +0100: Memory Usage (441448K) : devbondmet_drw has 0 polygons
2026-02-11 01:04:06 +0100: Memory Usage (441448K) : devtrench_drw has 0 polygons
2026-02-11 01:04:06 +0100: Memory Usage (441448K) : redist_drw has 0 polygons
2026-02-11 01:04:06 +0100: Memory Usage (441448K) : graphbot_drw has 0 polygons
2026-02-11 01:04:06 +0100: Memory Usage (441448K) : graphtop_drw has 0 polygons
2026-02-11 01:04:06 +0100: Memory Usage (441448K) : antvia1_drw has 0 polygons
2026-02-11 01:04:06 +0100: Memory Usage (441448K) : antmetal2_drw has 0 polygons
2026-02-11 01:04:06 +0100: Memory Usage (441448K) : graphcont_drw has 0 polygons
2026-02-11 01:04:06 +0100: Memory Usage (441448K) : siwg_drw has 0 polygons
2026-02-11 01:04:06 +0100: Memory Usage (441448K) : siwg_filler has 0 polygons
2026-02-11 01:04:06 +0100: Memory Usage (441448K) : siwg_nofill has 0 polygons
2026-02-11 01:04:06 +0100: Memory Usage (441448K) : sigrating_drw has 0 polygons
2026-02-11 01:04:06 +0100: Memory Usage (441448K) : singrating_drw has 0 polygons
2026-02-11 01:04:06 +0100: Memory Usage (441448K) : graphpas_drw has 0 polygons
2026-02-11 01:04:06 +0100: Memory Usage (441448K) : emwind3_drw has 0 polygons
2026-02-11 01:04:06 +0100: Memory Usage (441448K) : emwihv3_drw has 0 polygons
2026-02-11 01:04:06 +0100: Memory Usage (441448K) : redbulay_drw has 0 polygons
2026-02-11 01:04:06 +0100: Memory Usage (441448K) : smos_drw has 0 polygons
2026-02-11 01:04:06 +0100: Memory Usage (441448K) : graphpad_drw has 0 polygons
2026-02-11 01:04:06 +0100: Memory Usage (441448K) : polimide_drw has 0 polygons
2026-02-11 01:04:06 +0100: Memory Usage (441448K) : polimide_pin has 0 polygons
2026-02-11 01:04:06 +0100: Memory Usage (441448K) : recog_drw has 0 polygons
2026-02-11 01:04:06 +0100: Memory Usage (441448K) : recog_pin has 0 polygons
2026-02-11 01:04:06 +0100: Memory Usage (441448K) : recog_esd has 0 polygons
2026-02-11 01:04:06 +0100: Memory Usage (441448K) : recog_diode has 122 polygons
2026-02-11 01:04:06 +0100: Memory Usage (441448K) : recog_tsv has 0 polygons
2026-02-11 01:04:06 +0100: Memory Usage (441448K) : recog_iprobe has 0 polygons
2026-02-11 01:04:06 +0100: Memory Usage (441448K) : recog_diffprb has 0 polygons
2026-02-11 01:04:06 +0100: Memory Usage (441448K) : recog_pillar has 0 polygons
2026-02-11 01:04:06 +0100: Memory Usage (441448K) : recog_sbump has 0 polygons
2026-02-11 01:04:06 +0100: Memory Usage (441448K) : recog_otp has 0 polygons
2026-02-11 01:04:06 +0100: Memory Usage (441448K) : recog_pdiode has 0 polygons
2026-02-11 01:04:06 +0100: Memory Usage (441448K) : recog_mom has 0 polygons
2026-02-11 01:04:06 +0100: Memory Usage (441448K) : recog_pcm has 0 polygons
2026-02-11 01:04:06 +0100: Memory Usage (441448K) : colopen_drw has 0 polygons
2026-02-11 01:04:06 +0100: Memory Usage (441448K) : graphmetal1_drw has 0 polygons
2026-02-11 01:04:06 +0100: Memory Usage (441448K) : graphmetal1_filler has 0 polygons
2026-02-11 01:04:06 +0100: Memory Usage (441448K) : graphmetal1_nofill has 0 polygons
2026-02-11 01:04:06 +0100: Memory Usage (441448K) : graphmetal1_slit has 0 polygons
2026-02-11 01:04:06 +0100: Memory Usage (441448K) : graphmetal1_opc has 0 polygons
2026-02-11 01:04:06 +0100: Memory Usage (441448K) : graphmet1l_drw has 0 polygons
2026-02-11 01:04:06 +0100: Memory Usage (441448K) : graphmet1l_filler has 0 polygons
2026-02-11 01:04:06 +0100: Memory Usage (441448K) : graphmet1l_nofill has 0 polygons
2026-02-11 01:04:06 +0100: Memory Usage (441448K) : graphmet1l_slit has 0 polygons
2026-02-11 01:04:06 +0100: Memory Usage (441448K) : graphmet1l_opc has 0 polygons
2026-02-11 01:04:06 +0100: Memory Usage (441448K) : extblock_drw has 0 polygons
2026-02-11 01:04:06 +0100: Memory Usage (441448K) : nldd_drw has 0 polygons
2026-02-11 01:04:06 +0100: Memory Usage (441448K) : pldd_drw has 0 polygons
2026-02-11 01:04:06 +0100: Memory Usage (441448K) : next_drw has 0 polygons
2026-02-11 01:04:06 +0100: Memory Usage (441448K) : pext_drw has 0 polygons
2026-02-11 01:04:06 +0100: Memory Usage (441448K) : nexthv_drw has 0 polygons
2026-02-11 01:04:06 +0100: Memory Usage (441448K) : pexthv_drw has 0 polygons
2026-02-11 01:04:06 +0100: Memory Usage (441448K) : graphgate_drw has 0 polygons
2026-02-11 01:04:06 +0100: Memory Usage (441448K) : sinwg_drw has 0 polygons
2026-02-11 01:04:06 +0100: Memory Usage (441448K) : sinwg_filler has 0 polygons
2026-02-11 01:04:06 +0100: Memory Usage (441448K) : sinwg_nofill has 0 polygons
2026-02-11 01:04:06 +0100: Memory Usage (441448K) : mempad_drw has 0 polygons
2026-02-11 01:04:06 +0100: Memory Usage (441448K) : topvia1_drw has 2846 polygons
2026-02-11 01:04:06 +0100: Memory Usage (441448K) : topmetal1_drw has 124 polygons
2026-02-11 01:04:06 +0100: Memory Usage (441448K) : topmetal1_pin has 49 polygons
2026-02-11 01:04:06 +0100: Memory Usage (441448K) : topmetal1_mask has 0 polygons
2026-02-11 01:04:06 +0100: Memory Usage (441448K) : topmetal1_filler has 0 polygons
2026-02-11 01:04:06 +0100: Memory Usage (441448K) : topmetal1_nofill has 0 polygons
2026-02-11 01:04:06 +0100: Memory Usage (441448K) : topmetal1_slit has 0 polygons
2026-02-11 01:04:06 +0100: Memory Usage (441448K) : topmetal1_text has 51 polygons
2026-02-11 01:04:06 +0100: Memory Usage (441448K) : topmetal1_noqrc has 0 polygons
2026-02-11 01:04:06 +0100: Memory Usage (441448K) : topmetal1_res has 0 polygons
2026-02-11 01:04:06 +0100: Memory Usage (441448K) : topmetal1_iprobe has 0 polygons
2026-02-11 01:04:06 +0100: Memory Usage (441448K) : topmetal1_diffprb has 0 polygons
2026-02-11 01:04:06 +0100: Memory Usage (441448K) : inldpwl_drw has 0 polygons
2026-02-11 01:04:06 +0100: Memory Usage (441448K) : polyres_drw has 0 polygons
2026-02-11 01:04:06 +0100: Memory Usage (441448K) : polyres_pin has 0 polygons
2026-02-11 01:04:06 +0100: Memory Usage (441448K) : vmim_drw has 0 polygons
2026-02-11 01:04:06 +0100: Memory Usage (441448K) : nbulaycut_drw has 0 polygons
2026-02-11 01:04:06 +0100: Memory Usage (441448K) : antmetal1_drw has 0 polygons
2026-02-11 01:04:06 +0100: Memory Usage (441448K) : topvia2_drw has 441 polygons
2026-02-11 01:04:06 +0100: Memory Usage (441448K) : topmetal2_drw has 18 polygons
2026-02-11 01:04:06 +0100: Memory Usage (441448K) : topmetal2_pin has 18 polygons
2026-02-11 01:04:06 +0100: Memory Usage (441448K) : topmetal2_mask has 0 polygons
2026-02-11 01:04:06 +0100: Memory Usage (441448K) : topmetal2_filler has 0 polygons
2026-02-11 01:04:06 +0100: Memory Usage (441448K) : topmetal2_nofill has 0 polygons
2026-02-11 01:04:06 +0100: Memory Usage (441448K) : topmetal2_slit has 0 polygons
2026-02-11 01:04:06 +0100: Memory Usage (441448K) : topmetal2_text has 20 polygons
2026-02-11 01:04:06 +0100: Memory Usage (441448K) : topmetal2_noqrc has 0 polygons
2026-02-11 01:04:06 +0100: Memory Usage (441448K) : topmetal2_res has 0 polygons
2026-02-11 01:04:06 +0100: Memory Usage (441448K) : topmetal2_iprobe has 0 polygons
2026-02-11 01:04:06 +0100: Memory Usage (441448K) : topmetal2_diffprb has 0 polygons
2026-02-11 01:04:06 +0100: Memory Usage (441448K) : snsring_drw has 0 polygons
2026-02-11 01:04:06 +0100: Memory Usage (441448K) : sensor_drw has 0 polygons
2026-02-11 01:04:06 +0100: Memory Usage (441448K) : snsarms_drw has 0 polygons
2026-02-11 01:04:06 +0100: Memory Usage (441448K) : snscmosvia_drw has 0 polygons
2026-02-11 01:04:06 +0100: Memory Usage (441448K) : colwind_drw has 0 polygons
2026-02-11 01:04:06 +0100: Memory Usage (441448K) : flm_drw has 0 polygons
2026-02-11 01:04:06 +0100: Memory Usage (441448K) : hafniumox_drw has 0 polygons
2026-02-11 01:04:06 +0100: Memory Usage (441448K) : memvia_drw has 0 polygons
2026-02-11 01:04:06 +0100: Memory Usage (441448K) : thinfilmres_drw has 0 polygons
2026-02-11 01:04:06 +0100: Memory Usage (441448K) : rfmem_drw has 0 polygons
2026-02-11 01:04:06 +0100: Memory Usage (441448K) : norcx_drw has 0 polygons
2026-02-11 01:04:06 +0100: Memory Usage (441448K) : norcx_m2m3 has 0 polygons
2026-02-11 01:04:06 +0100: Memory Usage (441448K) : norcx_m2m4 has 0 polygons
2026-02-11 01:04:06 +0100: Memory Usage (441448K) : norcx_m2m5 has 0 polygons
2026-02-11 01:04:06 +0100: Memory Usage (441448K) : norcx_m2tm1 has 0 polygons
2026-02-11 01:04:06 +0100: Memory Usage (441448K) : norcx_m2tm2 has 0 polygons
2026-02-11 01:04:06 +0100: Memory Usage (441448K) : norcx_m3m4 has 0 polygons
2026-02-11 01:04:06 +0100: Memory Usage (441448K) : norcx_m3m5 has 0 polygons
2026-02-11 01:04:06 +0100: Memory Usage (441448K) : norcx_m3tm1 has 0 polygons
2026-02-11 01:04:06 +0100: Memory Usage (441448K) : norcx_m3tm2 has 0 polygons
2026-02-11 01:04:06 +0100: Memory Usage (441448K) : norcx_m4m5 has 0 polygons
2026-02-11 01:04:06 +0100: Memory Usage (441448K) : norcx_m4tm1 has 0 polygons
2026-02-11 01:04:06 +0100: Memory Usage (441448K) : norcx_m4tm2 has 0 polygons
2026-02-11 01:04:06 +0100: Memory Usage (441448K) : norcx_m5tm1 has 0 polygons
2026-02-11 01:04:06 +0100: Memory Usage (441448K) : norcx_m5tm2 has 0 polygons
2026-02-11 01:04:06 +0100: Memory Usage (441448K) : norcx_tm1tm2 has 0 polygons
2026-02-11 01:04:06 +0100: Memory Usage (441448K) : norcx_m1sub has 0 polygons
2026-02-11 01:04:06 +0100: Memory Usage (441448K) : norcx_m2sub has 0 polygons
2026-02-11 01:04:06 +0100: Memory Usage (441448K) : norcx_m3sub has 0 polygons
2026-02-11 01:04:06 +0100: Memory Usage (441448K) : norcx_m4sub has 0 polygons
2026-02-11 01:04:06 +0100: Memory Usage (441448K) : norcx_m5sub has 0 polygons
2026-02-11 01:04:06 +0100: Memory Usage (441448K) : norcx_tm1sub has 0 polygons
2026-02-11 01:04:06 +0100: Memory Usage (441448K) : norcx_tm2sub has 0 polygons
2026-02-11 01:04:06 +0100: Memory Usage (441448K) : snsbotvia_drw has 0 polygons
2026-02-11 01:04:06 +0100: Memory Usage (441448K) : snstopvia_drw has 0 polygons
2026-02-11 01:04:06 +0100: Memory Usage (441448K) : deepvia_drw has 0 polygons
2026-02-11 01:04:06 +0100: Memory Usage (441448K) : fgetch_drw has 0 polygons
2026-02-11 01:04:06 +0100: Memory Usage (441448K) : ctrgat_drw has 0 polygons
2026-02-11 01:04:06 +0100: Memory Usage (441448K) : fgimp_drw has 0 polygons
2026-02-11 01:04:06 +0100: Memory Usage (441448K) : emwihv_drw has 0 polygons
2026-02-11 01:04:06 +0100: Memory Usage (441448K) : lbe_drw has 0 polygons
2026-02-11 01:04:06 +0100: Memory Usage (441448K) : alcustop_drw has 0 polygons
2026-02-11 01:04:06 +0100: Memory Usage (441576K) : nometfiller_drw has 0 polygons
2026-02-11 01:04:06 +0100: Memory Usage (441576K) : prboundary_drw has 0 polygons
2026-02-11 01:04:06 +0100: Memory Usage (441704K) : exchange0_drw has 0 polygons
2026-02-11 01:04:06 +0100: Memory Usage (441704K) : exchange0_pin has 0 polygons
2026-02-11 01:04:06 +0100: Memory Usage (441832K) : exchange0_text has 0 polygons
2026-02-11 01:04:06 +0100: Memory Usage (441832K) : exchange1_drw has 0 polygons
2026-02-11 01:04:06 +0100: Memory Usage (441960K) : exchange1_pin has 0 polygons
2026-02-11 01:04:06 +0100: Memory Usage (441960K) : exchange1_text has 0 polygons
2026-02-11 01:04:06 +0100: Memory Usage (442088K) : exchange2_drw has 0 polygons
2026-02-11 01:04:06 +0100: Memory Usage (442088K) : exchange2_pin has 0 polygons
2026-02-11 01:04:06 +0100: Memory Usage (442088K) : exchange2_text has 0 polygons
2026-02-11 01:04:06 +0100: Memory Usage (442216K) : exchange3_drw has 0 polygons
2026-02-11 01:04:06 +0100: Memory Usage (442216K) : exchange3_pin has 0 polygons
2026-02-11 01:04:06 +0100: Memory Usage (442344K) : exchange3_text has 0 polygons
2026-02-11 01:04:06 +0100: Memory Usage (442344K) : exchange4_drw has 0 polygons
2026-02-11 01:04:06 +0100: Memory Usage (442472K) : exchange4_pin has 0 polygons
2026-02-11 01:04:06 +0100: Memory Usage (442472K) : exchange4_text has 0 polygons
2026-02-11 01:04:06 +0100: Memory Usage (442600K) : isonwell_drw has 0 polygons
2026-02-11 01:04:06 +0100: Memory Usage (442600K) : Total no. of polygons in the design is 520776
2026-02-11 01:04:06 +0100: Memory Usage (442600K) : Loaded TECH DRC rules values from /home/cmaier/.ciel/ciel/ihp-sg13g2/versions/c4b8b4e5e7a05f375cca3815d51b3a37721fbf5c/ihp-sg13g2/libs.tech/klayout/python/sg13g2_pycell_lib/sg13g2_tech_mod.json
2026-02-11 01:04:06 +0100: Memory Usage (442600K) : Loaded default DRC rules values from /home/cmaier/.ciel/ciel/ihp-sg13g2/versions/c4b8b4e5e7a05f375cca3815d51b3a37721fbf5c/ihp-sg13g2/libs.tech/klayout/tech/drc/rule_decks/sg13g2_tech_default.json
2026-02-11 01:04:06 +0100: Memory Usage (442600K) : The following rules values were missing in tech json and default values were used:
2026-02-11 01:04:06 +0100: Memory Usage (442600K) :   - Cnt_c_digibnd
2026-02-11 01:04:06 +0100: Memory Usage (443624K) : Total area of the design is 100000.0 um^2.
2026-02-11 01:04:06 +0100: Memory Usage (443624K) : The design dimensions are 500.0 µm * 200.0 µm.
2026-02-11 01:04:06 +0100: Memory Usage (443624K) : Starting general IHP-SG13G2 derivations.
2026-02-11 01:04:06 +0100: Memory Usage (443624K) : Starting Pwell derivations
2026-02-11 01:04:07 +0100: Memory Usage (452948K) : Starting n-Activ derivations
2026-02-11 01:04:07 +0100: Memory Usage (457940K) : Starting p-Activ derivations
2026-02-11 01:04:07 +0100: Memory Usage (457940K) : Starting ptap derivations
2026-02-11 01:04:08 +0100: Memory Usage (458324K) : Starting ntap derivations
2026-02-11 01:04:08 +0100: Memory Usage (458324K) : Starting pact FET derivations
2026-02-11 01:04:08 +0100: Memory Usage (458324K) : Starting nact FET derivations
2026-02-11 01:04:09 +0100: Memory Usage (458324K) : Starting Gate derivations
2026-02-11 01:04:09 +0100: Memory Usage (458324K) : Starting cont/contbar general derivations
2026-02-11 01:04:10 +0100: Memory Usage (471928K) : Starting pad general derivations
2026-02-11 01:04:10 +0100: Memory Usage (471928K) : Starting IHP-SG13G2 DRC connectivity related derivations.
2026-02-11 01:04:10 +0100: Memory Usage (471928K) : Starting IHP-SG13G2 DRC connectivity setup
2026-02-11 01:04:12 +0100: Memory Usage (473848K) : Starting IHP-SG13G2 DRC rules.
2026-02-11 01:04:12 +0100: Memory Usage (473848K) : Running all FEOL rules
2026-02-11 01:04:12 +0100: Memory Usage (473848K) : Running all BEOL rules
2026-02-11 01:04:12 +0100: Memory Usage (473848K) : Running all PIN rules
2026-02-11 01:04:12 +0100: Memory Usage (473848K) : Running all FORBIDDEN rules
2026-02-11 01:04:12 +0100: Memory Usage (473848K) : Starting 5.1 NWell table
2026-02-11 01:04:12 +0100: Memory Usage (473848K) : Executing rule NW.b
2026-02-11 01:04:13 +0100: Memory Usage (474608K) : Executing rule NW.b1
2026-02-11 01:04:13 +0100: Memory Usage (474608K) : Starting 5.2 PWell:block
2026-02-11 01:04:13 +0100: Memory Usage (474608K) : Executing rule PWB.e
2026-02-11 01:04:13 +0100: Memory Usage (474608K) : Executing rule PWB.e1
2026-02-11 01:04:13 +0100: Memory Usage (474608K) : Executing rule PWB.f
2026-02-11 01:04:13 +0100: Memory Usage (474608K) : Executing rule PWB.f1
2026-02-11 01:04:13 +0100: Memory Usage (474608K) : Starting 5.3 nBuLay table
2026-02-11 01:04:13 +0100: Memory Usage (474992K) : Executing rule NBL.b
2026-02-11 01:04:13 +0100: Memory Usage (474992K) : Executing rule NBL.c
2026-02-11 01:04:13 +0100: Memory Usage (474992K) : Executing rule NBL.d
2026-02-11 01:04:13 +0100: Memory Usage (474992K) : Executing rule NBL.e
2026-02-11 01:04:13 +0100: Memory Usage (474992K) : Executing rule NBL.f
2026-02-11 01:04:13 +0100: Memory Usage (474992K) : Starting 5.5. Activ table
2026-02-11 01:04:13 +0100: Memory Usage (474992K) : Executing rule Act.a
2026-02-11 01:04:13 +0100: Memory Usage (474992K) : Executing rule Act.b
2026-02-11 01:04:14 +0100: Memory Usage (476784K) : Starting 5.6 Activ:filler table
2026-02-11 01:04:14 +0100: Memory Usage (476784K) : Executing rule AFil.c1
2026-02-11 01:04:14 +0100: Memory Usage (476784K) : Executing rule AFil.c
2026-02-11 01:04:14 +0100: Memory Usage (476784K) : Executing rule AFil.d
2026-02-11 01:04:14 +0100: Memory Usage (476784K) : Executing rule AFil.e
2026-02-11 01:04:14 +0100: Memory Usage (476784K) : Executing rule AFil.j
2026-02-11 01:04:14 +0100: Memory Usage (476784K) : Starting 5.7. ThickGateOx table
2026-02-11 01:04:14 +0100: Memory Usage (476784K) : Executing rule TGO.f
2026-02-11 01:04:14 +0100: Memory Usage (476784K) : Starting 5.8. GatPoly table
2026-02-11 01:04:14 +0100: Memory Usage (476784K) : Executing rule Gat.a
2026-02-11 01:04:14 +0100: Memory Usage (476784K) : Executing rule Gat.b
2026-02-11 01:04:14 +0100: Memory Usage (476784K) : Executing rule Gat.d
2026-02-11 01:04:14 +0100: Memory Usage (476784K) : Executing rule Gat.a1
2026-02-11 01:04:15 +0100: Memory Usage (477264K) : Executing rule Gat.a2
2026-02-11 01:04:15 +0100: Memory Usage (477264K) : Executing rule Gat.g
2026-02-11 01:04:15 +0100: Memory Usage (477264K) : Starting 5.9 GatPoly:filler
2026-02-11 01:04:15 +0100: Memory Usage (477264K) : Executing rule GFil.d
2026-02-11 01:04:15 +0100: Memory Usage (477264K) : Executing rule GFil.e
2026-02-11 01:04:15 +0100: Memory Usage (477264K) : Executing rule GFil.i
2026-02-11 01:04:15 +0100: Memory Usage (477264K) : Starting 5.10 pSD table
2026-02-11 01:04:15 +0100: Memory Usage (477264K) : Executing rule pSD.c1
2026-02-11 01:04:16 +0100: Memory Usage (480264K) : Starting 5.14. Cont table
2026-02-11 01:04:16 +0100: Memory Usage (480264K) : Executing rule Cnt.a
2026-02-11 01:04:17 +0100: Memory Usage (494344K) : Executing rule Cnt.b
2026-02-11 01:04:18 +0100: Memory Usage (494344K) : Executing rule Cnt.c
2026-02-11 01:04:20 +0100: Memory Usage (497800K) : Executing rule Cnt.c
2026-02-11 01:04:20 +0100: Memory Usage (497800K) : Executing rule Cnt.d
2026-02-11 01:04:20 +0100: Memory Usage (497800K) : Executing rule Cnt.e
2026-02-11 01:04:20 +0100: Memory Usage (497800K) : Executing rule Cnt.g1
2026-02-11 01:04:21 +0100: Memory Usage (497800K) : Executing rule Cnt.g2
2026-02-11 01:04:23 +0100: Memory Usage (497800K) : Starting 5.15. ContBar table
2026-02-11 01:04:23 +0100: Memory Usage (497800K) : Executing rule CntB.b1
2026-02-11 01:04:23 +0100: Memory Usage (497800K) : Executing rule CntB.h1
2026-02-11 01:04:23 +0100: Memory Usage (497800K) : Starting 6.1.3 NPN Substrate-Tie table
2026-02-11 01:04:23 +0100: Memory Usage (497800K) : Executing rule npn13G2.bR 
2026-02-11 01:04:23 +0100: Memory Usage (497800K) : Executing rule npn13G2L.cR 
2026-02-11 01:04:23 +0100: Memory Usage (497800K) : Executing rule npn13G2V.cR 
2026-02-11 01:04:23 +0100: Memory Usage (497800K) : Starting 6.7 Schottky diode table
2026-02-11 01:04:23 +0100: Memory Usage (497800K) : Executing rule Sdiod.d
2026-02-11 01:04:23 +0100: Memory Usage (497800K) : Executing rule Sdiod.e
2026-02-11 01:04:23 +0100: Memory Usage (497800K) : Starting 7.2 Latch-up table
2026-02-11 01:04:23 +0100: Memory Usage (497800K) : Executing rule LU.b
2026-02-11 01:04:24 +0100: Memory Usage (497800K) : Starting 5.16. Metal1 table
2026-02-11 01:04:24 +0100: Memory Usage (497800K) : Executing rule M1.a
2026-02-11 01:04:24 +0100: Memory Usage (497800K) : Executing rule M1.b
2026-02-11 01:04:29 +0100: Memory Usage (502792K) : Executing rule M1.e
2026-02-11 01:04:47 +0100: Memory Usage (502792K) : Executing rule M1.f
2026-02-11 01:04:48 +0100: Memory Usage (502792K) : Executing rule M1.g
2026-02-11 01:04:48 +0100: Memory Usage (506132K) : Executing rule M1.i
2026-02-11 01:04:48 +0100: Memory Usage (524052K) : Starting 5.17 Metaln table
2026-02-11 01:04:48 +0100: Memory Usage (524052K) : Executing rule M2.a
2026-02-11 01:04:48 +0100: Memory Usage (524052K) : Executing rule M2.b
2026-02-11 01:04:49 +0100: Memory Usage (506608K) : Executing rule M2.e
2026-02-11 01:04:49 +0100: Memory Usage (506608K) : Executing rule M2.f
2026-02-11 01:04:49 +0100: Memory Usage (506608K) : Executing rule M2.g
2026-02-11 01:04:49 +0100: Memory Usage (511216K) : Executing rule M2.i
2026-02-11 01:04:49 +0100: Memory Usage (514416K) : Executing rule M3.a
2026-02-11 01:04:49 +0100: Memory Usage (514416K) : Executing rule M3.b
2026-02-11 01:04:49 +0100: Memory Usage (514416K) : Executing rule M3.e
2026-02-11 01:04:49 +0100: Memory Usage (514416K) : Executing rule M3.f
2026-02-11 01:04:49 +0100: Memory Usage (514416K) : Executing rule M3.g
2026-02-11 01:04:49 +0100: Memory Usage (514416K) : Executing rule M3.i
2026-02-11 01:04:49 +0100: Memory Usage (514416K) : Executing rule M4.a
2026-02-11 01:04:50 +0100: Memory Usage (514416K) : Executing rule M4.b
2026-02-11 01:04:50 +0100: Memory Usage (514416K) : Executing rule M4.e
2026-02-11 01:04:50 +0100: Memory Usage (514416K) : Executing rule M4.f
2026-02-11 01:04:50 +0100: Memory Usage (514416K) : Executing rule M4.g
2026-02-11 01:04:50 +0100: Memory Usage (514416K) : Executing rule M4.i
2026-02-11 01:04:50 +0100: Memory Usage (514416K) : Executing rule M5.a
2026-02-11 01:04:50 +0100: Memory Usage (514416K) : Executing rule M5.b
2026-02-11 01:04:50 +0100: Memory Usage (514416K) : Executing rule M5.e
2026-02-11 01:04:50 +0100: Memory Usage (514416K) : Executing rule M5.f
2026-02-11 01:04:50 +0100: Memory Usage (514416K) : Executing rule M5.g
2026-02-11 01:04:50 +0100: Memory Usage (514416K) : Executing rule M5.i
2026-02-11 01:04:50 +0100: Memory Usage (514416K) : Starting 5.18 Metaln:filler table
2026-02-11 01:04:50 +0100: Memory Usage (514416K) : Executing rule M1Fil.c
2026-02-11 01:04:50 +0100: Memory Usage (514416K) : Executing rule M1Fil.a2
2026-02-11 01:04:50 +0100: Memory Usage (514416K) : Executing rule M2Fil.c
2026-02-11 01:04:50 +0100: Memory Usage (514416K) : Executing rule M2Fil.a2
2026-02-11 01:04:50 +0100: Memory Usage (514416K) : Executing rule M3Fil.c
2026-02-11 01:04:50 +0100: Memory Usage (514416K) : Executing rule M3Fil.a2
2026-02-11 01:04:50 +0100: Memory Usage (514416K) : Executing rule M4Fil.c
2026-02-11 01:04:50 +0100: Memory Usage (514416K) : Executing rule M4Fil.a2
2026-02-11 01:04:50 +0100: Memory Usage (514416K) : Executing rule M5Fil.c
2026-02-11 01:04:50 +0100: Memory Usage (514416K) : Executing rule M5Fil.a2
2026-02-11 01:04:50 +0100: Memory Usage (514416K) : Starting 5.19. Via1 table
2026-02-11 01:04:50 +0100: Memory Usage (514416K) : Starting 5.19. Via1 table derivations
2026-02-11 01:04:50 +0100: Memory Usage (514416K) : Executing rule V1.a
2026-02-11 01:04:50 +0100: Memory Usage (514672K) : Executing rule V1.b
2026-02-11 01:04:50 +0100: Memory Usage (514672K) : Executing rule V1.c
2026-02-11 01:04:51 +0100: Memory Usage (514672K) : Starting 5.20. Vian table
2026-02-11 01:04:51 +0100: Memory Usage (514672K) : Executing rule V2.a
2026-02-11 01:04:51 +0100: Memory Usage (514800K) : Executing rule V2.b
2026-02-11 01:04:51 +0100: Memory Usage (514800K) : Executing rule V2.c
2026-02-11 01:04:51 +0100: Memory Usage (514800K) : Executing rule V3.a
2026-02-11 01:04:51 +0100: Memory Usage (514800K) : Executing rule V3.b
2026-02-11 01:04:51 +0100: Memory Usage (514800K) : Executing rule V3.c
2026-02-11 01:04:51 +0100: Memory Usage (514800K) : Executing rule V4.a
2026-02-11 01:04:51 +0100: Memory Usage (514800K) : Executing rule V4.b
2026-02-11 01:04:51 +0100: Memory Usage (514800K) : Executing rule V4.c
2026-02-11 01:04:52 +0100: Memory Usage (514800K) : Starting 5.21. TopVia1 table
2026-02-11 01:04:52 +0100: Memory Usage (514800K) : Executing rule TV1.a
2026-02-11 01:04:52 +0100: Memory Usage (514800K) : Executing rule TV1.b
2026-02-11 01:04:52 +0100: Memory Usage (514800K) : Executing rule TV1.c
2026-02-11 01:04:52 +0100: Memory Usage (514800K) : Executing rule TV1.d
2026-02-11 01:04:52 +0100: Memory Usage (514800K) : Starting 5.22. TopMetal1 table
2026-02-11 01:04:52 +0100: Memory Usage (514800K) : Executing rule TM1.a
2026-02-11 01:04:52 +0100: Memory Usage (514800K) : Executing rule TM1.b
2026-02-11 01:04:52 +0100: Memory Usage (514800K) : Starting 5.23 TopMetal1:filler table
2026-02-11 01:04:52 +0100: Memory Usage (514800K) : Executing rule TM1Fil.c
2026-02-11 01:04:52 +0100: Memory Usage (514800K) : Executing rule TM1Fil.a1
2026-02-11 01:04:52 +0100: Memory Usage (514800K) : Starting 5.24. TopVia2 table
2026-02-11 01:04:52 +0100: Memory Usage (514800K) : Executing rule TV2.a
2026-02-11 01:04:52 +0100: Memory Usage (514800K) : Executing rule TV2.b
2026-02-11 01:04:52 +0100: Memory Usage (514800K) : Executing rule TV2.c
2026-02-11 01:04:52 +0100: Memory Usage (514800K) : Executing rule TV2.d
2026-02-11 01:04:52 +0100: Memory Usage (514800K) : Starting 5.25. TopMetal2 table
2026-02-11 01:04:52 +0100: Memory Usage (514800K) : Executing rule TM2.a
2026-02-11 01:04:52 +0100: Memory Usage (514800K) : Executing rule TM2.b
2026-02-11 01:04:52 +0100: Memory Usage (514800K) : Executing rule TM2.bR
2026-02-11 01:04:52 +0100: Memory Usage (514800K) : Starting 5.26 TopMetal2:filler table
2026-02-11 01:04:52 +0100: Memory Usage (514800K) : Executing rule TM2Fil.c
2026-02-11 01:04:52 +0100: Memory Usage (514800K) : Executing rule TM2Fil.a1
2026-02-11 01:04:52 +0100: Memory Usage (514800K) : Starting 5.27. Passiv table
2026-02-11 01:04:52 +0100: Memory Usage (514800K) : Executing rule Pas.a
2026-02-11 01:04:52 +0100: Memory Usage (514800K) : Executing rule Pas.b
2026-02-11 01:04:52 +0100: Memory Usage (514800K) : Executing rule Pas.c
2026-02-11 01:04:52 +0100: Memory Usage (514800K) : Starting 6.9.2 Copper Pillar table
2026-02-11 01:04:52 +0100: Memory Usage (514800K) : Executing rule Padc.a
2026-02-11 01:04:52 +0100: Memory Usage (514800K) : Executing rule Padc.b
2026-02-11 01:04:52 +0100: Memory Usage (514800K) : Executing rule Padc.c
2026-02-11 01:04:52 +0100: Memory Usage (514800K) : Executing rule Padb.f
2026-02-11 01:04:52 +0100: Memory Usage (514800K) : Starting 6.9 Pad table
2026-02-11 01:04:52 +0100: Memory Usage (514800K) : Executing rule Pad.m
2026-02-11 01:04:52 +0100: Memory Usage (514800K) : Executing rule Pad.fR_M1
2026-02-11 01:04:52 +0100: Memory Usage (514800K) : Executing rule Pad.fR_M2
2026-02-11 01:04:52 +0100: Memory Usage (514800K) : Executing rule Pad.fR_M3
2026-02-11 01:04:52 +0100: Memory Usage (514800K) : Executing rule Pad.fR_M4
2026-02-11 01:04:52 +0100: Memory Usage (514800K) : Executing rule Pad.fR_M5
2026-02-11 01:04:52 +0100: Memory Usage (514800K) : Executing rule Pad.fR_TM1
2026-02-11 01:04:52 +0100: Memory Usage (514800K) : Executing rule Pad.fR_TM2
2026-02-11 01:04:52 +0100: Memory Usage (514800K) : Executing rule Pad.i
2026-02-11 01:04:52 +0100: Memory Usage (514800K) : Starting 6.9.1 Solder Bump
2026-02-11 01:04:52 +0100: Memory Usage (514800K) : Executing rule Padb.a
2026-02-11 01:04:52 +0100: Memory Usage (514800K) : Executing rule Padb.b
2026-02-11 01:04:52 +0100: Memory Usage (514800K) : Executing rule Padb.c
2026-02-11 01:04:52 +0100: Memory Usage (514800K) : Executing rule Padb.f
2026-02-11 01:04:52 +0100: Memory Usage (514800K) : Executing rule Padb.d
2026-02-11 01:04:52 +0100: Memory Usage (514800K) : Starting 6.10 Sealring table
2026-02-11 01:04:52 +0100: Memory Usage (514800K) : Executing rule Seal.l
2026-02-11 01:04:52 +0100: Memory Usage (514800K) : Executing rule Seal.n
2026-02-11 01:04:52 +0100: Memory Usage (514800K) : Executing rule seal.b_metal1
2026-02-11 01:04:52 +0100: Memory Usage (514800K) : Executing rule seal.b_metal2
2026-02-11 01:04:52 +0100: Memory Usage (514800K) : Executing rule seal.b_metal3
2026-02-11 01:04:52 +0100: Memory Usage (514800K) : Executing rule seal.b_metal4
2026-02-11 01:04:52 +0100: Memory Usage (514800K) : Executing rule seal.b_metal5
2026-02-11 01:04:52 +0100: Memory Usage (514800K) : Executing rule seal.b_topmetal1
2026-02-11 01:04:52 +0100: Memory Usage (514800K) : Executing rule seal.b_topmetal2
2026-02-11 01:04:52 +0100: Memory Usage (514800K) : Executing rule seal.b_activ
2026-02-11 01:04:52 +0100: Memory Usage (514800K) : Executing rule seal.b_psd
2026-02-11 01:04:52 +0100: Memory Usage (514800K) : Executing rule Seal.k
2026-02-11 01:04:52 +0100: Memory Usage (514800K) : Executing rule Seal.m
2026-02-11 01:04:52 +0100: Memory Usage (514800K) : Starting 6.11 MIM table
2026-02-11 01:04:52 +0100: Memory Usage (514800K) : Executing rule MIM.c
2026-02-11 01:04:52 +0100: Memory Usage (514800K) : Executing rule MIM.d
2026-02-11 01:04:52 +0100: Memory Usage (514800K) : Executing rule MIM.gR
2026-02-11 01:04:52 +0100: Memory Usage (514800K) : Starting 7.3 Metal Slits table
2026-02-11 01:04:52 +0100: Memory Usage (514800K) : Executing rule Slt.e1_M1
2026-02-11 01:04:52 +0100: Memory Usage (514800K) : Executing rule Slt.e1_M2
2026-02-11 01:04:52 +0100: Memory Usage (514800K) : Executing rule Slt.e1_M3
2026-02-11 01:04:52 +0100: Memory Usage (514800K) : Executing rule Slt.e1_M4
2026-02-11 01:04:52 +0100: Memory Usage (514800K) : Executing rule Slt.e1_M5
2026-02-11 01:04:52 +0100: Memory Usage (514800K) : Executing rule Slt.e1_TM1
2026-02-11 01:04:52 +0100: Memory Usage (514800K) : Executing rule Slt.e1_TM2
2026-02-11 01:04:52 +0100: Memory Usage (514800K) : Starting 9.1. LBE table
2026-02-11 01:04:52 +0100: Memory Usage (514800K) : Executing rule LBE.a
2026-02-11 01:04:52 +0100: Memory Usage (514800K) : Executing rule LBE.b
2026-02-11 01:04:52 +0100: Memory Usage (514800K) : Executing rule LBE.b1
2026-02-11 01:04:52 +0100: Memory Usage (514800K) : Executing rule LBE.c
2026-02-11 01:04:52 +0100: Memory Usage (514800K) : Executing rule LBE.d
2026-02-11 01:04:52 +0100: Memory Usage (514800K) : Executing rule LBE.h
2026-02-11 01:04:52 +0100: Memory Usage (514800K) : Starting 7.4. PIN table
2026-02-11 01:04:52 +0100: Memory Usage (514800K) : Executing rule Pin.a
2026-02-11 01:04:52 +0100: Memory Usage (514800K) : Executing rule Pin.b
2026-02-11 01:04:52 +0100: Memory Usage (514800K) : Executing rule Pin.e
2026-02-11 01:04:53 +0100: Memory Usage (514800K) : Executing rule Pin.f_M2
2026-02-11 01:04:53 +0100: Memory Usage (514800K) : Executing rule Pin.f_M3
2026-02-11 01:04:53 +0100: Memory Usage (514800K) : Executing rule Pin.f_M4
2026-02-11 01:04:53 +0100: Memory Usage (514800K) : Executing rule Pin.f_M5
2026-02-11 01:04:53 +0100: Memory Usage (514800K) : Executing rule Pin.g
2026-02-11 01:04:53 +0100: Memory Usage (514800K) : Executing rule Pin.h
2026-02-11 01:04:53 +0100: Memory Usage (514800K) : Starting 3.2. FORBIDDEN table
2026-02-11 01:04:53 +0100: Memory Usage (514800K) : Executing rule forbidden.biwind
2026-02-11 01:04:53 +0100: Memory Usage (514800K) : Executing rule forbidden.pemwind
2026-02-11 01:04:53 +0100: Memory Usage (514800K) : Executing rule forbidden.baspoly
2026-02-11 01:04:53 +0100: Memory Usage (514800K) : Executing rule forbidden.deepco
2026-02-11 01:04:53 +0100: Memory Usage (514800K) : Executing rule forbidden.pempoly
2026-02-11 01:04:53 +0100: Memory Usage (514800K) : Executing rule forbidden.empoly
2026-02-11 01:04:53 +0100: Memory Usage (514800K) : Executing rule forbidden.ldmos
2026-02-11 01:04:53 +0100: Memory Usage (514800K) : Executing rule forbidden.pbiwind
2026-02-11 01:04:53 +0100: Memory Usage (514800K) : Executing rule forbidden.nodrc
2026-02-11 01:04:53 +0100: Memory Usage (514800K) : Executing rule forbidden.flash
2026-02-11 01:04:53 +0100: Memory Usage (514800K) : Executing rule forbidden.colwind
2026-02-11 01:04:53 +0100: Memory Usage (514800K) : KLayout DRC run for tables 'main' completed in 47.62 seconds
