Starting…
Running 'Verilator.Lint' at 'runs/RUN_2026-02-09_01-34-10/01-verilator-lint'…
Logging subprocess to [repr.filename]'runs/RUN_2026-02-09_01-34-10/01-verilator-lint/verilator-lint.log'[/repr.filename]…
Running 'Checker.LintTimingConstructs' at 'runs/RUN_2026-02-09_01-34-10/02-checker-linttimingconstructs'…
Check for Lint Timing Errors clear.
Running 'Checker.LintErrors' at 'runs/RUN_2026-02-09_01-34-10/03-checker-linterrors'…
Check for Lint errors clear.
Running 'Checker.LintWarnings' at 'runs/RUN_2026-02-09_01-34-10/04-checker-lintwarnings'…
6 Lint warnings found.
Running 'Yosys.JsonHeader' at 'runs/RUN_2026-02-09_01-34-10/05-yosys-jsonheader'…
Logging subprocess to [repr.filename]'runs/RUN_2026-02-09_01-34-10/05-yosys-jsonheader/yosys-jsonheader.log'[/repr.filename]…
Running 'Yosys.Synthesis' at 'runs/RUN_2026-02-09_01-34-10/06-yosys-synthesis'…
Logging subprocess to [repr.filename]'runs/RUN_2026-02-09_01-34-10/06-yosys-synthesis/yosys-synthesis.log'[/repr.filename]…
Parsing synthesis checks…
Running 'Checker.YosysUnmappedCells' at 'runs/RUN_2026-02-09_01-34-10/07-checker-yosysunmappedcells'…
Check for Unmapped Yosys instances clear.
Running 'Checker.YosysSynthChecks' at 'runs/RUN_2026-02-09_01-34-10/08-checker-yosyssynthchecks'…
Check for Yosys check errors clear.
Running 'Checker.NetlistAssignStatements' at 'runs/RUN_2026-02-09_01-34-10/09-checker-netlistassignstatements'…
Running 'OpenROAD.CheckSDCFiles' at 'runs/RUN_2026-02-09_01-34-10/10-openroad-checksdcfiles'…
Running 'OpenROAD.CheckMacroInstances' at 'runs/RUN_2026-02-09_01-34-10/11-openroad-checkmacroinstances'…
No libs found for macro dac128module at corner nom_typ_1p20V_25C. The module will be black-boxed.
No libs found for macro dac128module at corner nom_typ_1p20V_25C. The module will be black-boxed.
Logging subprocess to [repr.filename]'runs/RUN_2026-02-09_01-34-10/11-openroad-checkmacroinstances/openroad-checkmacroinstances.log'[/repr.filename]…
Running 'OpenROAD.STAPrePNR' at 'runs/RUN_2026-02-09_01-34-10/12-openroad-staprepnr'…
No libs found for macro dac128module at corner nom_fast_1p32V_m40C. The module will be black-boxed.
Starting STA for the nom_fast_1p32V_m40C timing corner…
No libs found for macro dac128module at corner nom_slow_1p08V_125C. The module will be black-boxed.
Starting STA for the nom_slow_1p08V_125C timing corner…
No libs found for macro dac128module at corner nom_typ_1p20V_25C. The module will be black-boxed.
Starting STA for the nom_typ_1p20V_25C timing corner…
Logging subprocess to [repr.filename]'runs/RUN_2026-02-09_01-34-10/12-openroad-staprepnr/nom_slow_1p08V_125C/sta.log'[/repr.filename]…
Logging subprocess to [repr.filename]'runs/RUN_2026-02-09_01-34-10/12-openroad-staprepnr/nom_fast_1p32V_m40C/sta.log'[/repr.filename]…
Logging subprocess to [repr.filename]'runs/RUN_2026-02-09_01-34-10/12-openroad-staprepnr/nom_typ_1p20V_25C/sta.log'[/repr.filename]…
Finished STA for the nom_slow_1p08V_125C timing corner.
Finished STA for the nom_fast_1p32V_m40C timing corner.
Finished STA for the nom_typ_1p20V_25C timing corner.
Running 'OpenROAD.Floorplan' at 'runs/RUN_2026-02-09_01-34-10/13-openroad-floorplan'…
No libs found for macro dac128module at corner nom_typ_1p20V_25C. The module will be black-boxed.
Logging subprocess to [repr.filename]'runs/RUN_2026-02-09_01-34-10/13-openroad-floorplan/openroad-floorplan.log'[/repr.filename]…
[ORD-2011] LEF master dac128module has no liberty cell.
Running 'OpenROAD.DumpRCValues' at 'runs/RUN_2026-02-09_01-34-10/14-openroad-dumprcvalues'…
No libs found for macro dac128module at corner nom_typ_1p20V_25C. The module will be black-boxed.
Logging subprocess to [repr.filename]'runs/RUN_2026-02-09_01-34-10/14-openroad-dumprcvalues/openroad-dumprcvalues.log'[/repr.filename]…
Running 'Odb.CheckMacroAntennaProperties' at 'runs/RUN_2026-02-09_01-34-10/15-odb-checkmacroantennaproperties'…
Logging subprocess to [repr.filename]'runs/RUN_2026-02-09_01-34-10/15-odb-checkmacroantennaproperties/odb-checkmacroantennaproperties.log'[/repr.filename]…
Running 'Odb.SetPowerConnections' at 'runs/RUN_2026-02-09_01-34-10/16-odb-setpowerconnections'…
Logging subprocess to [repr.filename]'runs/RUN_2026-02-09_01-34-10/16-odb-setpowerconnections/odb-setpowerconnections.log'[/repr.filename]…
Running 'Odb.ManualMacroPlacement' at 'runs/RUN_2026-02-09_01-34-10/17-odb-manualmacroplacement'…
Logging subprocess to [repr.filename]'runs/RUN_2026-02-09_01-34-10/17-odb-manualmacroplacement/odb-manualmacroplacement.log'[/repr.filename]…
Running 'OpenROAD.CutRows' at 'runs/RUN_2026-02-09_01-34-10/18-openroad-cutrows'…
No libs found for macro dac128module at corner nom_typ_1p20V_25C. The module will be black-boxed.
Logging subprocess to [repr.filename]'runs/RUN_2026-02-09_01-34-10/18-openroad-cutrows/openroad-cutrows.log'[/repr.filename]…
Running 'OpenROAD.TapEndcapInsertion' at 'runs/RUN_2026-02-09_01-34-10/19-openroad-tapendcapinsertion'…
No libs found for macro dac128module at corner nom_typ_1p20V_25C. The module will be black-boxed.
Logging subprocess to [repr.filename]'runs/RUN_2026-02-09_01-34-10/19-openroad-tapendcapinsertion/openroad-tapendcapinsertion.log'[/repr.filename]…
Running 'Odb.AddPDNObstructions' at 'runs/RUN_2026-02-09_01-34-10/20-odb-addpdnobstructions'…
'PDN_OBSTRUCTIONS' is not defined. Skipping 'Odb.AddPDNObstructions'…
Running 'OpenROAD.GeneratePDN' at 'runs/RUN_2026-02-09_01-34-10/21-openroad-generatepdn'…
No libs found for macro dac128module at corner nom_typ_1p20V_25C. The module will be black-boxed.
Logging subprocess to [repr.filename]'runs/RUN_2026-02-09_01-34-10/21-openroad-generatepdn/openroad-generatepdn.log'[/repr.filename]…
[PDN-0211] Option -starts_with cannot be used with -followpins and will be ignored.
Running 'Odb.RemovePDNObstructions' at 'runs/RUN_2026-02-09_01-34-10/22-odb-removepdnobstructions'…
'PDN_OBSTRUCTIONS' is not defined. Skipping 'Odb.RemovePDNObstructions'…
Running 'Odb.AddRoutingObstructions' at 'runs/RUN_2026-02-09_01-34-10/23-odb-addroutingobstructions'…
'ROUTING_OBSTRUCTIONS' is not defined. Skipping 'Odb.AddRoutingObstructions'…
Running 'OpenROAD.GlobalPlacementSkipIO' at 'runs/RUN_2026-02-09_01-34-10/24-openroad-globalplacementskipio'…
I/O pins were loaded from /home/cmaier/EDA/PUDDING/librelane/def/heichips25_template_small.def. Returning state unaltered…
Running 'OpenROAD.IOPlacement' at 'runs/RUN_2026-02-09_01-34-10/25-openroad-ioplacement'…
I/O pins were loaded from /home/cmaier/EDA/PUDDING/librelane/def/heichips25_template_small.def. Skipping OpenROAD.IOPlacement…
Running 'Odb.CustomIOPlacement' at 'runs/RUN_2026-02-09_01-34-10/26-odb-customioplacement'…
No custom I/O placement file configured, skipping 'Odb.CustomIOPlacement'…
Running 'Odb.ApplyDEFTemplate' at 'runs/RUN_2026-02-09_01-34-10/27-odb-applydeftemplate'…
Logging subprocess to [repr.filename]'runs/RUN_2026-02-09_01-34-10/27-odb-applydeftemplate/odb-applydeftemplate.log'[/repr.filename]…
Bterm VGND is declared as a 'GROUND' pin. It will be ignored.
Bterm VPWR is declared as a 'POWER' pin. It will be ignored.
Running 'OpenROAD.GlobalPlacement' at 'runs/RUN_2026-02-09_01-34-10/28-openroad-globalplacement'…
No libs found for macro dac128module at corner nom_typ_1p20V_25C. The module will be black-boxed.
Logging subprocess to [repr.filename]'runs/RUN_2026-02-09_01-34-10/28-openroad-globalplacement/openroad-globalplacement.log'[/repr.filename]…
Running 'Odb.WriteVerilogHeader' at 'runs/RUN_2026-02-09_01-34-10/29-odb-writeverilogheader'…
Logging subprocess to [repr.filename]'runs/RUN_2026-02-09_01-34-10/29-odb-writeverilogheader/odb-writeverilogheader.log'[/repr.filename]…
Running 'Checker.PowerGridViolations' at 'runs/RUN_2026-02-09_01-34-10/30-checker-powergridviolations'…
Check for power grid violations (as reported by OpenROAD PSM- you may ignore these if LVS passes) clear.
Running 'OpenROAD.STAMidPNR' at 'runs/RUN_2026-02-09_01-34-10/31-openroad-stamidpnr'…
No libs found for macro dac128module at corner nom_typ_1p20V_25C. The module will be black-boxed.
Logging subprocess to [repr.filename]'runs/RUN_2026-02-09_01-34-10/31-openroad-stamidpnr/openroad-stamidpnr.log'[/repr.filename]…
Running 'OpenROAD.RepairDesignPostGPL' at 'runs/RUN_2026-02-09_01-34-10/32-openroad-repairdesignpostgpl'…
No libs found for macro dac128module at corner nom_fast_1p32V_m40C. The module will be black-boxed.
No libs found for macro dac128module at corner nom_slow_1p08V_125C. The module will be black-boxed.
No libs found for macro dac128module at corner nom_typ_1p20V_25C. The module will be black-boxed.
Logging subprocess to [repr.filename]'runs/RUN_2026-02-09_01-34-10/32-openroad-repairdesignpostgpl/openroad-repairdesignpostgpl.log'[/repr.filename]…
Running 'Odb.ManualGlobalPlacement' at 'runs/RUN_2026-02-09_01-34-10/33-odb-manualglobalplacement'…
'MANUAL_GLOBAL_PLACEMENTS' not set. Skipping 'Odb.ManualGlobalPlacement'…
Running 'OpenROAD.DetailedPlacement' at 'runs/RUN_2026-02-09_01-34-10/34-openroad-detailedplacement'…
No libs found for macro dac128module at corner nom_typ_1p20V_25C. The module will be black-boxed.
Logging subprocess to [repr.filename]'runs/RUN_2026-02-09_01-34-10/34-openroad-detailedplacement/openroad-detailedplacement.log'[/repr.filename]…
Running 'OpenROAD.CTS' at 'runs/RUN_2026-02-09_01-34-10/35-openroad-cts'…
No libs found for macro dac128module at corner nom_fast_1p32V_m40C. The module will be black-boxed.
No libs found for macro dac128module at corner nom_slow_1p08V_125C. The module will be black-boxed.
No libs found for macro dac128module at corner nom_typ_1p20V_25C. The module will be black-boxed.
Logging subprocess to [repr.filename]'runs/RUN_2026-02-09_01-34-10/35-openroad-cts/openroad-cts.log'[/repr.filename]…
[CTS-0041] Net "clk" has 0 sinks. Skipping...
[CTS-0083] No clock nets have been found.
[CTS-0082] No valid clock nets in the design.
Running 'OpenROAD.STAMidPNR-1' at 'runs/RUN_2026-02-09_01-34-10/36-openroad-stamidpnr-1'…
No libs found for macro dac128module at corner nom_typ_1p20V_25C. The module will be black-boxed.
Logging subprocess to [repr.filename]'runs/RUN_2026-02-09_01-34-10/36-openroad-stamidpnr-1/openroad-stamidpnr-1.log'[/repr.filename]…
Running 'OpenROAD.ResizerTimingPostCTS' at 'runs/RUN_2026-02-09_01-34-10/37-openroad-resizertimingpostcts'…
No libs found for macro dac128module at corner nom_fast_1p32V_m40C. The module will be black-boxed.
No libs found for macro dac128module at corner nom_slow_1p08V_125C. The module will be black-boxed.
No libs found for macro dac128module at corner nom_typ_1p20V_25C. The module will be black-boxed.
Logging subprocess to [repr.filename]'runs/RUN_2026-02-09_01-34-10/37-openroad-resizertimingpostcts/openroad-resizertimingpostcts.log'[/repr.filename]…
Running 'OpenROAD.STAMidPNR-2' at 'runs/RUN_2026-02-09_01-34-10/38-openroad-stamidpnr-2'…
No libs found for macro dac128module at corner nom_typ_1p20V_25C. The module will be black-boxed.
Logging subprocess to [repr.filename]'runs/RUN_2026-02-09_01-34-10/38-openroad-stamidpnr-2/openroad-stamidpnr-2.log'[/repr.filename]…
Running 'OpenROAD.GlobalRouting' at 'runs/RUN_2026-02-09_01-34-10/39-openroad-globalrouting'…
No libs found for macro dac128module at corner nom_typ_1p20V_25C. The module will be black-boxed.
Logging subprocess to [repr.filename]'runs/RUN_2026-02-09_01-34-10/39-openroad-globalrouting/openroad-globalrouting.log'[/repr.filename]…
Running 'OpenROAD.CheckAntennas' at 'runs/RUN_2026-02-09_01-34-10/40-openroad-checkantennas'…
No libs found for macro dac128module at corner nom_typ_1p20V_25C. The module will be black-boxed.
Logging subprocess to [repr.filename]'runs/RUN_2026-02-09_01-34-10/40-openroad-checkantennas/openroad-checkantennas.log'[/repr.filename]…
Gating variable for step 'OpenROAD.RepairDesignPostGRT' set to 'False'- the step will be skipped.
Skipping step 'Repair Design (Post-Global Routing)'…
Running 'Odb.DiodesOnPorts' at 'runs/RUN_2026-02-09_01-34-10/41-odb-diodesonports'…
'DIODE_ON_PORTS' is set to 'none': skipping 'Odb.DiodesOnPorts'…
Gating variable for step 'Odb.HeuristicDiodeInsertion' set to 'False'- the step will be skipped.
Skipping step 'Heuristic Diode Insertion'…
Running 'OpenROAD.RepairAntennas' at 'runs/RUN_2026-02-09_01-34-10/42-openroad-repairantennas'…
Running 'DiodeInsertion' at 'runs/RUN_2026-02-09_01-34-10/42-openroad-repairantennas/1-diodeinsertion'…
No libs found for macro dac128module at corner nom_typ_1p20V_25C. The module will be black-boxed.
Logging subprocess to [repr.filename]'runs/RUN_2026-02-09_01-34-10/42-openroad-repairantennas/1-diodeinsertion/diodeinsertion.log'[/repr.filename]…
Running 'OpenROAD.CheckAntennas' at 'runs/RUN_2026-02-09_01-34-10/42-openroad-repairantennas/2-openroad-checkantennas'…
No libs found for macro dac128module at corner nom_typ_1p20V_25C. The module will be black-boxed.
Logging subprocess to [repr.filename]'runs/RUN_2026-02-09_01-34-10/42-openroad-repairantennas/2-openroad-checkantennas/openroad-checkantennas.log'[/repr.filename]…
Gating variable for step 'OpenROAD.ResizerTimingPostGRT' set to 'False'- the step will be skipped.
Skipping step 'Resizer Timing Optimizations (Post-Global Routing)'…
Running 'OpenROAD.STAMidPNR-3' at 'runs/RUN_2026-02-09_01-34-10/43-openroad-stamidpnr-3'…
No libs found for macro dac128module at corner nom_typ_1p20V_25C. The module will be black-boxed.
Logging subprocess to [repr.filename]'runs/RUN_2026-02-09_01-34-10/43-openroad-stamidpnr-3/openroad-stamidpnr-3.log'[/repr.filename]…
Running 'OpenROAD.DetailedRouting' at 'runs/RUN_2026-02-09_01-34-10/44-openroad-detailedrouting'…
Running TritonRoute with 8 threads…
No libs found for macro dac128module at corner nom_typ_1p20V_25C. The module will be black-boxed.
Logging subprocess to [repr.filename]'runs/RUN_2026-02-09_01-34-10/44-openroad-detailedrouting/openroad-detailedrouting.log'[/repr.filename]…
[DRT-0349] LEF58_ENCLOSURE with no CUTCLASS is not supported. Skipping for layer Cont
[DRT-0349] LEF58_ENCLOSURE with no CUTCLASS is not supported. Skipping for layer Via1
[DRT-0349] LEF58_ENCLOSURE with no CUTCLASS is not supported. Skipping for layer Via1
[DRT-0349] LEF58_ENCLOSURE with no CUTCLASS is not supported. Skipping for layer Via2
[DRT-0349] LEF58_ENCLOSURE with no CUTCLASS is not supported. Skipping for layer Via3
[DRT-0349] LEF58_ENCLOSURE with no CUTCLASS is not supported. Skipping for layer Via4
[DRT-0349] LEF58_ENCLOSURE with no CUTCLASS is not supported. Skipping for layer TopVia1
[DRT-0349] LEF58_ENCLOSURE with no CUTCLASS is not supported. Skipping for layer TopVia1
[DRT-0349] LEF58_ENCLOSURE with no CUTCLASS is not supported. Skipping for layer TopVia2
[DRT-0349] LEF58_ENCLOSURE with no CUTCLASS is not supported. Skipping for layer TopVia2
Running 'Odb.RemoveRoutingObstructions' at 'runs/RUN_2026-02-09_01-34-10/45-odb-removeroutingobstructions'…
'ROUTING_OBSTRUCTIONS' is not defined. Skipping 'Odb.RemoveRoutingObstructions'…
Running 'OpenROAD.CheckAntennas-1' at 'runs/RUN_2026-02-09_01-34-10/46-openroad-checkantennas-1'…
No libs found for macro dac128module at corner nom_typ_1p20V_25C. The module will be black-boxed.
Logging subprocess to [repr.filename]'runs/RUN_2026-02-09_01-34-10/46-openroad-checkantennas-1/openroad-checkantennas-1.log'[/repr.filename]…
Running 'Checker.TrDRC' at 'runs/RUN_2026-02-09_01-34-10/47-checker-trdrc'…
Check for Routing DRC errors clear.
Running 'Odb.ReportDisconnectedPins' at 'runs/RUN_2026-02-09_01-34-10/48-odb-reportdisconnectedpins'…
Logging subprocess to [repr.filename]'runs/RUN_2026-02-09_01-34-10/48-odb-reportdisconnectedpins/odb-reportdisconnectedpins.log'[/repr.filename]…
Running 'Checker.DisconnectedPins' at 'runs/RUN_2026-02-09_01-34-10/49-checker-disconnectedpins'…
Check for critical disconnected pins clear.
Running 'Odb.ReportWireLength' at 'runs/RUN_2026-02-09_01-34-10/50-odb-reportwirelength'…
Logging subprocess to [repr.filename]'runs/RUN_2026-02-09_01-34-10/50-odb-reportwirelength/odb-reportwirelength.log'[/repr.filename]…
Running 'Checker.WireLength' at 'runs/RUN_2026-02-09_01-34-10/51-checker-wirelength'…
Threshold for Threshold-surpassing long wires is not set. The checker will be skipped.
Running 'OpenROAD.FillInsertion' at 'runs/RUN_2026-02-09_01-34-10/52-openroad-fillinsertion'…
No libs found for macro dac128module at corner nom_typ_1p20V_25C. The module will be black-boxed.
Logging subprocess to [repr.filename]'runs/RUN_2026-02-09_01-34-10/52-openroad-fillinsertion/openroad-fillinsertion.log'[/repr.filename]…
Running 'Odb.CellFrequencyTables' at 'runs/RUN_2026-02-09_01-34-10/53-odb-cellfrequencytables'…
Logging subprocess to [repr.filename]'runs/RUN_2026-02-09_01-34-10/53-odb-cellfrequencytables/buffer_list.txt'[/repr.filename]…
Logging subprocess to [repr.filename]'runs/RUN_2026-02-09_01-34-10/53-odb-cellfrequencytables/odb-cellfrequencytables.log'[/repr.filename]…
Running 'OpenROAD.RCX' at 'runs/RUN_2026-02-09_01-34-10/54-openroad-rcx'…
Running RCX for corners matching nom_* (/home/cmaier/EDA/PUDDING/librelane/runs/RUN_2026-02-09_01-34-10/54-openroad-rcx/nom/rcx.log)…
Logging subprocess to [repr.filename]'runs/RUN_2026-02-09_01-34-10/54-openroad-rcx/nom/rcx.log'[/repr.filename]…
Finished RCX for corners matching nom_*.
Running 'OpenROAD.STAPostPNR' at 'runs/RUN_2026-02-09_01-34-10/55-openroad-stapostpnr'…
No libs found for macro dac128module at corner nom_fast_1p32V_m40C. The module will be black-boxed.
Starting STA for the nom_fast_1p32V_m40C timing corner…
No libs found for macro dac128module at corner nom_slow_1p08V_125C. The module will be black-boxed.
Starting STA for the nom_slow_1p08V_125C timing corner…
No libs found for macro dac128module at corner nom_typ_1p20V_25C. The module will be black-boxed.
Starting STA for the nom_typ_1p20V_25C timing corner…
Logging subprocess to [repr.filename]'runs/RUN_2026-02-09_01-34-10/55-openroad-stapostpnr/nom_fast_1p32V_m40C/sta.log'[/repr.filename]…
Logging subprocess to [repr.filename]'runs/RUN_2026-02-09_01-34-10/55-openroad-stapostpnr/nom_slow_1p08V_125C/sta.log'[/repr.filename]…
Logging subprocess to [repr.filename]'runs/RUN_2026-02-09_01-34-10/55-openroad-stapostpnr/nom_typ_1p20V_25C/sta.log'[/repr.filename]…
Finished STA for the nom_slow_1p08V_125C timing corner.
Logging subprocess to [repr.filename]'runs/RUN_2026-02-09_01-34-10/55-openroad-stapostpnr/nom_slow_1p08V_125C/filter_unannotated.log'[/repr.filename]…
Finished STA for the nom_typ_1p20V_25C timing corner.
Logging subprocess to [repr.filename]'runs/RUN_2026-02-09_01-34-10/55-openroad-stapostpnr/nom_typ_1p20V_25C/filter_unannotated.log'[/repr.filename]…
Finished STA for the nom_fast_1p32V_m40C timing corner.
Logging subprocess to [repr.filename]'runs/RUN_2026-02-09_01-34-10/55-openroad-stapostpnr/nom_fast_1p32V_m40C/filter_unannotated.log'[/repr.filename]…
Running 'OpenROAD.IRDropReport' at 'runs/RUN_2026-02-09_01-34-10/56-openroad-irdropreport'…
'VSRC_LOC_FILES' was not given a value, which may make the results of IR drop analysis inaccurate. If you are not integrating a top-level chip for manufacture, you may ignore this warning, otherwise, see the documentation for 'VSRC_LOC_FILES'.
No libs found for macro dac128module at corner nom_typ_1p20V_25C. The module will be black-boxed.
Logging subprocess to [repr.filename]'runs/RUN_2026-02-09_01-34-10/56-openroad-irdropreport/openroad-irdropreport.log'[/repr.filename]…
+ analyze_power_grid -net VPWR -voltage_file /home/cmaier/EDA/PUDDING/librelane/runs/RUN_2026-02-09_01-34-10/56-openroad-irdropreport/net-VPWR.csv
[INFO PSM-0040] All shapes on net VPWR are connected.
########## IR report #################
Net              : VPWR
Corner           : nom_typ_1p20V_25C
Total power      : 5.24e-05 W
Supply voltage   : 1.20e+00 V
Worstcase voltage: 1.20e+00 V
Average voltage  : 1.20e+00 V
Average IR drop  : 4.17e-05 V
Worstcase IR drop: 2.18e-03 V
Percentage drop  : 0.18 %
######################################
+ analyze_power_grid -net VGND -voltage_file /home/cmaier/EDA/PUDDING/librelane/runs/RUN_2026-02-09_01-34-10/56-openroad-irdropreport/net-VGND.csv
[INFO PSM-0040] All shapes on net VGND are connected.
########## IR report #################
Net              : VGND
Corner           : nom_typ_1p20V_25C
Total power      : 5.24e-05 W
Supply voltage   : 0.00e+00 V
Worstcase voltage: 2.45e-03 V
Average voltage  : 3.99e-05 V
Average IR drop  : 3.99e-05 V
Worstcase IR drop: 2.45e-03 V
Percentage drop  : 0.20 %
######################################

Running 'Magic.StreamOut' at 'runs/RUN_2026-02-09_01-34-10/57-magic-streamout'…
Logging subprocess to [repr.filename]'runs/RUN_2026-02-09_01-34-10/57-magic-streamout/dac128module.get_bbox.log'[/repr.filename]…
Logging subprocess to [repr.filename]'runs/RUN_2026-02-09_01-34-10/57-magic-streamout/magic-streamout.log'[/repr.filename]…
Running 'KLayout.StreamOut' at 'runs/RUN_2026-02-09_01-34-10/58-klayout-streamout'…
Logging subprocess to [repr.filename]'runs/RUN_2026-02-09_01-34-10/58-klayout-streamout/klayout-streamout.log'[/repr.filename]…
Running 'Magic.WriteLEF' at 'runs/RUN_2026-02-09_01-34-10/59-magic-writelef'…
Logging subprocess to [repr.filename]'runs/RUN_2026-02-09_01-34-10/59-magic-writelef/magic-writelef.log'[/repr.filename]…
Running 'Odb.CheckDesignAntennaProperties' at 'runs/RUN_2026-02-09_01-34-10/60-odb-checkdesignantennaproperties'…
Logging subprocess to [repr.filename]'runs/RUN_2026-02-09_01-34-10/60-odb-checkdesignantennaproperties/odb-checkdesignantennaproperties.log'[/repr.filename]…
Cell 'heichips25_pudding' has (15) input pin(s) without antenna gate information. They might not be connected to a gate.
Running 'KLayout.XOR' at 'runs/RUN_2026-02-09_01-34-10/61-klayout-xor'…
Running XOR with 8 threads…
Logging subprocess to [repr.filename]'runs/RUN_2026-02-09_01-34-10/61-klayout-xor/klayout-xor.log'[/repr.filename]…
Running 'Checker.XOR' at 'runs/RUN_2026-02-09_01-34-10/62-checker-xor'…
Check for XOR differences clear.
Running 'Magic.DRC' at 'runs/RUN_2026-02-09_01-34-10/63-magic-drc'…
Logging subprocess to [repr.filename]'runs/RUN_2026-02-09_01-34-10/63-magic-drc/magic-drc.log'[/repr.filename]…
Running 'KLayout.DRC' at 'runs/RUN_2026-02-09_01-34-10/64-klayout-drc'…
Running KLayout DRC with 8 threads…
Logging subprocess to [repr.filename]'runs/RUN_2026-02-09_01-34-10/64-klayout-drc/klayout-drc.log'[/repr.filename]…
Logging subprocess to [repr.filename]'runs/RUN_2026-02-09_01-34-10/64-klayout-drc/xml_drc_report_to_json.log'[/repr.filename]…
Running 'Checker.MagicDRC' at 'runs/RUN_2026-02-09_01-34-10/65-checker-magicdrc'…
6 Magic DRC errors found. - deferred
Running 'Checker.KLayoutDRC' at 'runs/RUN_2026-02-09_01-34-10/66-checker-klayoutdrc'…
2 KLayout DRC errors found. - deferred
Running 'Magic.SpiceExtraction' at 'runs/RUN_2026-02-09_01-34-10/67-magic-spiceextraction'…
Logging subprocess to [repr.filename]'runs/RUN_2026-02-09_01-34-10/67-magic-spiceextraction/magic-spiceextraction.log'[/repr.filename]…
Running 'Checker.IllegalOverlap' at 'runs/RUN_2026-02-09_01-34-10/68-checker-illegaloverlap'…
Check for Magic Illegal Overlap errors clear.
Running 'Netgen.LVS' at 'runs/RUN_2026-02-09_01-34-10/69-netgen-lvs'…
Logging subprocess to [repr.filename]'runs/RUN_2026-02-09_01-34-10/69-netgen-lvs/netgen-lvs.log'[/repr.filename]…
Running 'Checker.LVS' at 'runs/RUN_2026-02-09_01-34-10/70-checker-lvs'…
Check for LVS errors clear.
Gating variable for step 'Yosys.EQY' set to 'False'- the step will be skipped.
Skipping step 'Equivalence Check'…
Running 'Checker.SetupViolations' at 'runs/RUN_2026-02-09_01-34-10/71-checker-setupviolations'…
No setup violations found
Running 'Checker.HoldViolations' at 'runs/RUN_2026-02-09_01-34-10/72-checker-holdviolations'…
No hold violations found
Running 'Checker.MaxSlewViolations' at 'runs/RUN_2026-02-09_01-34-10/73-checker-maxslewviolations'…
No max slew violations found
Running 'Checker.MaxCapViolations' at 'runs/RUN_2026-02-09_01-34-10/74-checker-maxcapviolations'…
No max cap violations found
Running 'Misc.ReportManufacturability' at 'runs/RUN_2026-02-09_01-34-10/75-misc-reportmanufacturability'…
Saving views to '/home/cmaier/EDA/PUDDING/librelane/runs/RUN_2026-02-09_01-34-10/final'…
