
Magic 8.3 revision 528 - Compiled on Sat Jun 21 19:19:56 UTC 2025.
Starting magic under Tcl interpreter
Using the terminal as the console.
Using NULL graphics device.
Processing system .magicrc file
Sourcing design .magicrc for technology ihp-sg13g2 ...
2 Magic internal units = 1 Lambda
Input style sg13g2(): scaleFactor=2, multiplier=2
The following types are not handled by extraction and will be treated as non-electrical types:
    fillfet sealcont difffill nemitter hvnemitter hvisodiffres sealvia1 sealvia2 sealvia3 sealvia4 sealvia5 sealvia6 pad seal thruvia 
Scaled tech values by 2 / 1 to match internal grid scaling
Loading "/nix/store/3x0iz65q90laa2wjrvxaqx13fnzp1abs-python3-3.12.10-env/lib/python3.12/site-packages/librelane/scripts/magic/wrapper.tcl" from command line.
Warning: Calma reading is not undoable!  I hope that's OK.
Library written using GDS-II Release 3.0
Library name: heichips25_pudding
Reading "sg13g2_decap_8".
Reading "sg13g2_buf_1".
Reading "sg13g2_fill_2".
Reading "sg13g2_fill_1".
Reading "sg13g2_decap_4".
Reading "sg13g2_inv_1".
Reading "sg13g2_buf_2".
Reading "SB_FEOL$contacts$1$1$1".
Reading "SB_FEOL$contacts$3$2$1".
Reading "SB_via_stack$1$1$1".
Reading "SB_FEOL$contacts$9$1".
Reading "SB_via_stack$3".
Reading "SB_via_stack$2$1".
Reading "SB_NONOVERLAP".
Reading "SB_DAC_SW".
Reading "SB_FEOL$contacts$6$1".
Reading "SB_FEOL$contacts$7$1".
Reading "SB_FEOL$contacts$5$1".
Reading "SB_FEOL$contacts$4$1".
Reading "SB_FEOL$contacts$1$2".
Reading "SB_FEOL$contacts$3$1".
Reading "SB_FEOL$contacts$8".
Reading "SB_via_stack$5".
Reading "SB_via_stack$6".
Reading "SB_via_stack$9$1".
Reading "SB_CASCODEDRIVE".
Reading "SB_PCSOURCE2U".
Reading "SB_via_stack$4$1".
Reading "SB_via_stack$7$1$1".
Reading "SB_via_stack$6$2$1".
Reading "SB_CASCODEBIAS".
Reading "SB_UNITSOURCE2U_1".
Reading "SB_via_stack".
Reading "SB_DAC2U64OUT2IN".
Reading "SB_via_stack$4".
Reading "SB_dac128module_vdd_strap".
Reading "SB_dac128module_vss_strap".
Reading "SB_dac2u128out4in".
Reading "dac128module".
Reading "sg13g2_tiehi".
CIF file read warning: CIF style sg13g2(): units rescaled by factor of 5 / 1
Reading "heichips25_pudding".
    5000 uses
[INFO] Loading heichips25_pudding

DRC style is now "drc(full)"
Loading DRC CIF style.
No errors found.
[INFO] COUNT: 0
[INFO] Should be divided by 3 or 4
[INFO] DRC Checking DONE (/home/cmaier/EDA/PUDDING/librelane/runs/RUN_2026-02-06_06-55-27/63-magic-drc/reports/drc_violations.magic.rpt)
[INFO] Saving mag view with DRC errors (/home/cmaier/EDA/PUDDING/librelane/runs/RUN_2026-02-06_06-55-27/63-magic-drc/views/heichips25_pudding.drc.mag)
[INFO] Saved
