# Logfile created on 2026-02-09 02:45:52 +0100 by logger.rb/v1.6.0
2026-02-09 02:45:52 +0100: Memory Usage (422820K) : Starting running IHP-SG13G2 KLayout DRC runset on /home/cmaier/EDA/PUDDING/gds/dac128module.gds
2026-02-09 02:45:52 +0100: Memory Usage (422820K) : Ruby Version for klayout: 3.3.10
2026-02-09 02:45:52 +0100: Memory Usage (423996K) : Loading database to memory is complete.
2026-02-09 02:45:52 +0100: Memory Usage (423996K) : IHP-SG13G2 KLayout DRC runset output at: /home/cmaier/EDA/PUDDING/gds/drc_run_dac128module/dac128module_dac128module_main.lyrdb
2026-02-09 02:45:52 +0100: Memory Usage (424184K) : Evaluate switches.
2026-02-09 02:45:52 +0100: Memory Usage (424184K) : tables selected: main
2026-02-09 02:45:52 +0100: Memory Usage (424184K) : KLayout will use 1 thread(s) in tiling mode.
2026-02-09 02:45:52 +0100: Memory Usage (424184K) : deep mode is enabled.
2026-02-09 02:45:52 +0100: Memory Usage (424184K) : FEOL enabled: true
2026-02-09 02:45:52 +0100: Memory Usage (424184K) : BEOL enabled: true
2026-02-09 02:45:52 +0100: Memory Usage (424184K) : OFFGRID enabled: true
2026-02-09 02:45:52 +0100: Memory Usage (424184K) : PIN enabled: true
2026-02-09 02:45:52 +0100: Memory Usage (424184K) : FORBIDDEN enabled: true
2026-02-09 02:45:52 +0100: Memory Usage (424184K) : RECOMMENDED enabled: true
2026-02-09 02:45:52 +0100: Memory Usage (424184K) : PreCheck DRC enabled: false
2026-02-09 02:45:52 +0100: Memory Usage (424184K) : CONNECTIVITY_RULES enabled: true.
2026-02-09 02:45:52 +0100: Memory Usage (424184K) : Read in polygons from layers.
2026-02-09 02:45:52 +0100: Memory Usage (425640K) : activ_drw has 1852 polygons
2026-02-09 02:45:52 +0100: Memory Usage (425640K) : activ_pin has 0 polygons
2026-02-09 02:45:52 +0100: Memory Usage (425640K) : activ_mask has 0 polygons
2026-02-09 02:45:52 +0100: Memory Usage (425640K) : activ_filler has 0 polygons
2026-02-09 02:45:52 +0100: Memory Usage (425640K) : activ_nofill has 0 polygons
2026-02-09 02:45:52 +0100: Memory Usage (425640K) : activ_opc has 0 polygons
2026-02-09 02:45:52 +0100: Memory Usage (425640K) : activ_iopc has 0 polygons
2026-02-09 02:45:52 +0100: Memory Usage (425640K) : activ_noqrc has 0 polygons
2026-02-09 02:45:52 +0100: Memory Usage (425640K) : biwind_drw has 0 polygons
2026-02-09 02:45:52 +0100: Memory Usage (425640K) : biwind_opc has 0 polygons
2026-02-09 02:45:52 +0100: Memory Usage (425640K) : pemwind_drw has 0 polygons
2026-02-09 02:45:52 +0100: Memory Usage (425640K) : gatpoly_drw has 1988 polygons
2026-02-09 02:45:52 +0100: Memory Usage (425640K) : gatpoly_pin has 0 polygons
2026-02-09 02:45:52 +0100: Memory Usage (425640K) : gatpoly_filler has 0 polygons
2026-02-09 02:45:52 +0100: Memory Usage (425640K) : gatpoly_nofill has 0 polygons
2026-02-09 02:45:52 +0100: Memory Usage (425640K) : gatpoly_opc has 0 polygons
2026-02-09 02:45:52 +0100: Memory Usage (425640K) : gatpoly_iopc has 0 polygons
2026-02-09 02:45:52 +0100: Memory Usage (425640K) : gatpoly_noqrc has 0 polygons
2026-02-09 02:45:52 +0100: Memory Usage (425640K) : cont_drw has 8324 polygons
2026-02-09 02:45:52 +0100: Memory Usage (425640K) : cont_opc has 0 polygons
2026-02-09 02:45:52 +0100: Memory Usage (425640K) : nsd_drw has 0 polygons
2026-02-09 02:45:52 +0100: Memory Usage (425640K) : nsd_block has 0 polygons
2026-02-09 02:45:52 +0100: Memory Usage (425640K) : metal1_drw has 6770 polygons
2026-02-09 02:45:52 +0100: Memory Usage (425768K) : metal1_pin has 934 polygons
2026-02-09 02:45:52 +0100: Memory Usage (425768K) : metal1_mask has 0 polygons
2026-02-09 02:45:52 +0100: Memory Usage (425768K) : metal1_filler has 0 polygons
2026-02-09 02:45:52 +0100: Memory Usage (425768K) : metal1_nofill has 0 polygons
2026-02-09 02:45:52 +0100: Memory Usage (425768K) : metal1_slit has 0 polygons
2026-02-09 02:45:52 +0100: Memory Usage (426072K) : metal1_text has 934 polygons
2026-02-09 02:45:52 +0100: Memory Usage (426072K) : metal1_opc has 0 polygons
2026-02-09 02:45:52 +0100: Memory Usage (426328K) : metal1_noqrc has 0 polygons
2026-02-09 02:45:52 +0100: Memory Usage (426328K) : metal1_res has 0 polygons
2026-02-09 02:45:52 +0100: Memory Usage (426456K) : metal1_iprobe has 0 polygons
2026-02-09 02:45:52 +0100: Memory Usage (426456K) : metal1_diffprb has 0 polygons
2026-02-09 02:45:52 +0100: Memory Usage (426456K) : passiv_drw has 0 polygons
2026-02-09 02:45:52 +0100: Memory Usage (426456K) : passiv_pin has 0 polygons
2026-02-09 02:45:52 +0100: Memory Usage (426456K) : passiv_sbump has 0 polygons
2026-02-09 02:45:52 +0100: Memory Usage (426456K) : passiv_pillar has 0 polygons
2026-02-09 02:45:52 +0100: Memory Usage (426584K) : passiv_pdl has 0 polygons
2026-02-09 02:45:52 +0100: Memory Usage (426712K) : metal2_drw has 2784 polygons
2026-02-09 02:45:52 +0100: Memory Usage (426840K) : metal2_pin has 1980 polygons
2026-02-09 02:45:52 +0100: Memory Usage (426840K) : metal2_mask has 0 polygons
2026-02-09 02:45:52 +0100: Memory Usage (426968K) : metal2_filler has 0 polygons
2026-02-09 02:45:52 +0100: Memory Usage (426968K) : metal2_nofill has 0 polygons
2026-02-09 02:45:52 +0100: Memory Usage (427096K) : metal2_slit has 0 polygons
2026-02-09 02:45:52 +0100: Memory Usage (427096K) : metal2_text has 1980 polygons
2026-02-09 02:45:52 +0100: Memory Usage (427224K) : metal2_opc has 0 polygons
2026-02-09 02:45:52 +0100: Memory Usage (427224K) : metal2_noqrc has 0 polygons
2026-02-09 02:45:52 +0100: Memory Usage (427224K) : metal2_res has 0 polygons
2026-02-09 02:45:52 +0100: Memory Usage (427352K) : metal2_iprobe has 0 polygons
2026-02-09 02:45:52 +0100: Memory Usage (427352K) : metal2_diffprb has 0 polygons
2026-02-09 02:45:52 +0100: Memory Usage (427352K) : baspoly_drw has 0 polygons
2026-02-09 02:45:52 +0100: Memory Usage (427480K) : baspoly_pin has 0 polygons
2026-02-09 02:45:52 +0100: Memory Usage (427480K) : psd_drw has 533 polygons
2026-02-09 02:45:52 +0100: Memory Usage (427480K) : nldb_drw has 0 polygons
2026-02-09 02:45:52 +0100: Memory Usage (427480K) : digibnd_drw has 0 polygons
2026-02-09 02:45:52 +0100: Memory Usage (427480K) : via1_drw has 1900 polygons
2026-02-09 02:45:52 +0100: Memory Usage (427480K) : backmetal1_drw has 0 polygons
2026-02-09 02:45:52 +0100: Memory Usage (427608K) : backmetal1_pin has 0 polygons
2026-02-09 02:45:52 +0100: Memory Usage (427608K) : backmetal1_mask has 0 polygons
2026-02-09 02:45:52 +0100: Memory Usage (427736K) : backmetal1_filler has 0 polygons
2026-02-09 02:45:52 +0100: Memory Usage (427736K) : backmetal1_nofill has 0 polygons
2026-02-09 02:45:52 +0100: Memory Usage (427864K) : backmetal1_slit has 0 polygons
2026-02-09 02:45:52 +0100: Memory Usage (427864K) : backmetal1_text has 0 polygons
2026-02-09 02:45:52 +0100: Memory Usage (427992K) : backmetal1_opc has 0 polygons
2026-02-09 02:45:52 +0100: Memory Usage (427992K) : backmetal1_noqrc has 0 polygons
2026-02-09 02:45:52 +0100: Memory Usage (428120K) : backmetal1_res has 0 polygons
2026-02-09 02:45:52 +0100: Memory Usage (428120K) : backmetal1_iprobe has 0 polygons
2026-02-09 02:45:52 +0100: Memory Usage (428248K) : backmetal1_diffprb has 0 polygons
2026-02-09 02:45:52 +0100: Memory Usage (428248K) : backpassiv_drw has 0 polygons
2026-02-09 02:45:52 +0100: Memory Usage (428376K) : res_drw has 0 polygons
2026-02-09 02:45:52 +0100: Memory Usage (428376K) : sram_drw has 0 polygons
2026-02-09 02:45:52 +0100: Memory Usage (428504K) : trans_drw has 0 polygons
2026-02-09 02:45:52 +0100: Memory Usage (428504K) : ind_drw has 0 polygons
2026-02-09 02:45:52 +0100: Memory Usage (428632K) : ind_pin has 0 polygons
2026-02-09 02:45:52 +0100: Memory Usage (428632K) : ind_text has 0 polygons
2026-02-09 02:45:52 +0100: Memory Usage (428760K) : salblock_drw has 0 polygons
2026-02-09 02:45:52 +0100: Memory Usage (428760K) : via2_drw has 668 polygons
2026-02-09 02:45:52 +0100: Memory Usage (428888K) : metal3_drw has 1098 polygons
2026-02-09 02:45:52 +0100: Memory Usage (428888K) : metal3_pin has 546 polygons
2026-02-09 02:45:52 +0100: Memory Usage (429016K) : metal3_mask has 0 polygons
2026-02-09 02:45:52 +0100: Memory Usage (429016K) : metal3_filler has 0 polygons
2026-02-09 02:45:52 +0100: Memory Usage (429144K) : metal3_nofill has 0 polygons
2026-02-09 02:45:52 +0100: Memory Usage (429144K) : metal3_slit has 0 polygons
2026-02-09 02:45:52 +0100: Memory Usage (429144K) : metal3_text has 414 polygons
2026-02-09 02:45:52 +0100: Memory Usage (429272K) : metal3_opc has 0 polygons
2026-02-09 02:45:52 +0100: Memory Usage (429272K) : metal3_noqrc has 0 polygons
2026-02-09 02:45:52 +0100: Memory Usage (429400K) : metal3_res has 0 polygons
2026-02-09 02:45:52 +0100: Memory Usage (429400K) : metal3_iprobe has 0 polygons
2026-02-09 02:45:52 +0100: Memory Usage (429528K) : metal3_diffprb has 0 polygons
2026-02-09 02:45:52 +0100: Memory Usage (429784K) : nwell_drw has 533 polygons
2026-02-09 02:45:52 +0100: Memory Usage (429912K) : nwell_pin has 0 polygons
2026-02-09 02:45:52 +0100: Memory Usage (429912K) : nbulay_drw has 0 polygons
2026-02-09 02:45:52 +0100: Memory Usage (429912K) : nbulay_pin has 0 polygons
2026-02-09 02:45:52 +0100: Memory Usage (429912K) : nbulay_block has 0 polygons
2026-02-09 02:45:52 +0100: Memory Usage (429912K) : emwind_drw has 0 polygons
2026-02-09 02:45:52 +0100: Memory Usage (429912K) : emwind_opc has 0 polygons
2026-02-09 02:45:52 +0100: Memory Usage (429912K) : deepco_drw has 0 polygons
2026-02-09 02:45:52 +0100: Memory Usage (430040K) : deepco_drw has 0 polygons
2026-02-09 02:45:52 +0100: Memory Usage (430040K) : mim_drw has 0 polygons
2026-02-09 02:45:52 +0100: Memory Usage (430168K) : edgeseal_drw has 0 polygons
2026-02-09 02:45:52 +0100: Memory Usage (430168K) : edgeseal_bound has 0 polygons
2026-02-09 02:45:52 +0100: Memory Usage (430296K) : substrate_drw has 0 polygons
2026-02-09 02:45:52 +0100: Memory Usage (430296K) : substrate_text has 0 polygons
2026-02-09 02:45:52 +0100: Memory Usage (430424K) : dfpad_drw has 0 polygons
2026-02-09 02:45:52 +0100: Memory Usage (430424K) : dfpad_pillar has 0 polygons
2026-02-09 02:45:52 +0100: Memory Usage (430552K) : dfpad_sbump has 0 polygons
2026-02-09 02:45:52 +0100: Memory Usage (430552K) : thickgateox_drw has 0 polygons
2026-02-09 02:45:52 +0100: Memory Usage (430680K) : pldb_drw has 0 polygons
2026-02-09 02:45:52 +0100: Memory Usage (430680K) : pwell_drw has 0 polygons
2026-02-09 02:45:52 +0100: Memory Usage (430808K) : pwell_pin has 0 polygons
2026-02-09 02:45:52 +0100: Memory Usage (430808K) : pwell_block has 0 polygons
2026-02-09 02:45:52 +0100: Memory Usage (430936K) : ic_drw has 0 polygons
2026-02-09 02:45:52 +0100: Memory Usage (430936K) : via3_drw has 960 polygons
2026-02-09 02:45:52 +0100: Memory Usage (431064K) : metal4_drw has 50 polygons
2026-02-09 02:45:52 +0100: Memory Usage (431064K) : metal4_pin has 0 polygons
2026-02-09 02:45:52 +0100: Memory Usage (431192K) : metal4_mask has 0 polygons
2026-02-09 02:45:52 +0100: Memory Usage (431320K) : metal4_filler has 0 polygons
2026-02-09 02:45:52 +0100: Memory Usage (431320K) : metal4_nofill has 0 polygons
2026-02-09 02:45:52 +0100: Memory Usage (431448K) : metal4_slit has 0 polygons
2026-02-09 02:45:52 +0100: Memory Usage (431448K) : metal4_text has 0 polygons
2026-02-09 02:45:52 +0100: Memory Usage (431448K) : metal4_opc has 0 polygons
2026-02-09 02:45:52 +0100: Memory Usage (431576K) : metal4_noqrc has 0 polygons
2026-02-09 02:45:52 +0100: Memory Usage (431576K) : metal4_res has 0 polygons
2026-02-09 02:45:52 +0100: Memory Usage (431704K) : metal4_iprobe has 0 polygons
2026-02-09 02:45:52 +0100: Memory Usage (431704K) : metal4_diffprb has 0 polygons
2026-02-09 02:45:52 +0100: Memory Usage (431832K) : heattrans_drw has 0 polygons
2026-02-09 02:45:52 +0100: Memory Usage (431832K) : heatres_drw has 0 polygons
2026-02-09 02:45:52 +0100: Memory Usage (431960K) : pempoly_drw has 0 polygons
2026-02-09 02:45:52 +0100: Memory Usage (432088K) : fbe_drw has 0 polygons
2026-02-09 02:45:52 +0100: Memory Usage (432088K) : empoly_drw has 0 polygons
2026-02-09 02:45:52 +0100: Memory Usage (432216K) : ldmos_drw has 0 polygons
2026-02-09 02:45:52 +0100: Memory Usage (432216K) : pbiwind_drw has 0 polygons
2026-02-09 02:45:52 +0100: Memory Usage (432344K) : digisub_drw has 0 polygons
2026-02-09 02:45:52 +0100: Memory Usage (432344K) : nodrc_drw has 0 polygons
2026-02-09 02:45:52 +0100: Memory Usage (432472K) : text_drw has 0 polygons
2026-02-09 02:45:52 +0100: Memory Usage (432472K) : via4_drw has 2000 polygons
2026-02-09 02:45:52 +0100: Memory Usage (432472K) : metal5_drw has 12 polygons
2026-02-09 02:45:52 +0100: Memory Usage (432600K) : metal5_pin has 2 polygons
2026-02-09 02:45:52 +0100: Memory Usage (432600K) : metal5_mask has 0 polygons
2026-02-09 02:45:52 +0100: Memory Usage (432728K) : metal5_filler has 0 polygons
2026-02-09 02:45:52 +0100: Memory Usage (432856K) : metal5_nofill has 0 polygons
2026-02-09 02:45:52 +0100: Memory Usage (432856K) : metal5_slit has 0 polygons
2026-02-09 02:45:52 +0100: Memory Usage (432856K) : metal5_text has 2 polygons
2026-02-09 02:45:52 +0100: Memory Usage (432984K) : metal5_opc has 0 polygons
2026-02-09 02:45:52 +0100: Memory Usage (432984K) : metal5_noqrc has 0 polygons
2026-02-09 02:45:52 +0100: Memory Usage (433112K) : metal5_res has 0 polygons
2026-02-09 02:45:52 +0100: Memory Usage (433240K) : metal5_iprobe has 0 polygons
2026-02-09 02:45:52 +0100: Memory Usage (433240K) : metal5_diffprb has 0 polygons
2026-02-09 02:45:52 +0100: Memory Usage (433240K) : radhard_drw has 0 polygons
2026-02-09 02:45:52 +0100: Memory Usage (433368K) : memcap_drw has 0 polygons
2026-02-09 02:45:52 +0100: Memory Usage (433496K) : varicap_drw has 0 polygons
2026-02-09 02:45:52 +0100: Memory Usage (433496K) : flash_drw has 0 polygons
2026-02-09 02:45:52 +0100: Memory Usage (433624K) : intbondvia_drw has 0 polygons
2026-02-09 02:45:52 +0100: Memory Usage (433624K) : intbondmet_drw has 0 polygons
2026-02-09 02:45:52 +0100: Memory Usage (433752K) : devbondvia_drw has 0 polygons
2026-02-09 02:45:52 +0100: Memory Usage (433752K) : devbondmet_drw has 0 polygons
2026-02-09 02:45:52 +0100: Memory Usage (433752K) : devtrench_drw has 0 polygons
2026-02-09 02:45:52 +0100: Memory Usage (433752K) : redist_drw has 0 polygons
2026-02-09 02:45:52 +0100: Memory Usage (433752K) : graphbot_drw has 0 polygons
2026-02-09 02:45:52 +0100: Memory Usage (433752K) : graphtop_drw has 0 polygons
2026-02-09 02:45:52 +0100: Memory Usage (433752K) : antvia1_drw has 0 polygons
2026-02-09 02:45:52 +0100: Memory Usage (433752K) : antmetal2_drw has 0 polygons
2026-02-09 02:45:52 +0100: Memory Usage (433752K) : graphcont_drw has 0 polygons
2026-02-09 02:45:52 +0100: Memory Usage (433752K) : siwg_drw has 0 polygons
2026-02-09 02:45:52 +0100: Memory Usage (433752K) : siwg_filler has 0 polygons
2026-02-09 02:45:52 +0100: Memory Usage (433752K) : siwg_nofill has 0 polygons
2026-02-09 02:45:52 +0100: Memory Usage (433752K) : sigrating_drw has 0 polygons
2026-02-09 02:45:52 +0100: Memory Usage (433752K) : singrating_drw has 0 polygons
2026-02-09 02:45:52 +0100: Memory Usage (433752K) : graphpas_drw has 0 polygons
2026-02-09 02:45:52 +0100: Memory Usage (433752K) : emwind3_drw has 0 polygons
2026-02-09 02:45:52 +0100: Memory Usage (433752K) : emwihv3_drw has 0 polygons
2026-02-09 02:45:52 +0100: Memory Usage (433752K) : redbulay_drw has 0 polygons
2026-02-09 02:45:52 +0100: Memory Usage (433752K) : smos_drw has 0 polygons
2026-02-09 02:45:52 +0100: Memory Usage (433752K) : graphpad_drw has 0 polygons
2026-02-09 02:45:52 +0100: Memory Usage (433752K) : polimide_drw has 0 polygons
2026-02-09 02:45:52 +0100: Memory Usage (433752K) : polimide_pin has 0 polygons
2026-02-09 02:45:52 +0100: Memory Usage (433752K) : recog_drw has 0 polygons
2026-02-09 02:45:52 +0100: Memory Usage (433752K) : recog_pin has 0 polygons
2026-02-09 02:45:52 +0100: Memory Usage (433752K) : recog_esd has 0 polygons
2026-02-09 02:45:52 +0100: Memory Usage (433752K) : recog_diode has 0 polygons
2026-02-09 02:45:52 +0100: Memory Usage (433752K) : recog_tsv has 0 polygons
2026-02-09 02:45:52 +0100: Memory Usage (433752K) : recog_iprobe has 0 polygons
2026-02-09 02:45:52 +0100: Memory Usage (433752K) : recog_diffprb has 0 polygons
2026-02-09 02:45:52 +0100: Memory Usage (433752K) : recog_pillar has 0 polygons
2026-02-09 02:45:52 +0100: Memory Usage (433752K) : recog_sbump has 0 polygons
2026-02-09 02:45:52 +0100: Memory Usage (433752K) : recog_otp has 0 polygons
2026-02-09 02:45:52 +0100: Memory Usage (433752K) : recog_pdiode has 0 polygons
2026-02-09 02:45:52 +0100: Memory Usage (433752K) : recog_mom has 0 polygons
2026-02-09 02:45:52 +0100: Memory Usage (433752K) : recog_pcm has 0 polygons
2026-02-09 02:45:52 +0100: Memory Usage (433752K) : colopen_drw has 0 polygons
2026-02-09 02:45:52 +0100: Memory Usage (433752K) : graphmetal1_drw has 0 polygons
2026-02-09 02:45:52 +0100: Memory Usage (433752K) : graphmetal1_filler has 0 polygons
2026-02-09 02:45:52 +0100: Memory Usage (433752K) : graphmetal1_nofill has 0 polygons
2026-02-09 02:45:52 +0100: Memory Usage (433752K) : graphmetal1_slit has 0 polygons
2026-02-09 02:45:52 +0100: Memory Usage (433752K) : graphmetal1_opc has 0 polygons
2026-02-09 02:45:52 +0100: Memory Usage (433752K) : graphmet1l_drw has 0 polygons
2026-02-09 02:45:52 +0100: Memory Usage (433752K) : graphmet1l_filler has 0 polygons
2026-02-09 02:45:52 +0100: Memory Usage (433752K) : graphmet1l_nofill has 0 polygons
2026-02-09 02:45:52 +0100: Memory Usage (433752K) : graphmet1l_slit has 0 polygons
2026-02-09 02:45:52 +0100: Memory Usage (433752K) : graphmet1l_opc has 0 polygons
2026-02-09 02:45:52 +0100: Memory Usage (433752K) : extblock_drw has 0 polygons
2026-02-09 02:45:52 +0100: Memory Usage (433752K) : nldd_drw has 0 polygons
2026-02-09 02:45:52 +0100: Memory Usage (433752K) : pldd_drw has 0 polygons
2026-02-09 02:45:52 +0100: Memory Usage (433752K) : next_drw has 0 polygons
2026-02-09 02:45:52 +0100: Memory Usage (433752K) : pext_drw has 0 polygons
2026-02-09 02:45:52 +0100: Memory Usage (433752K) : nexthv_drw has 0 polygons
2026-02-09 02:45:52 +0100: Memory Usage (433752K) : pexthv_drw has 0 polygons
2026-02-09 02:45:52 +0100: Memory Usage (433752K) : graphgate_drw has 0 polygons
2026-02-09 02:45:52 +0100: Memory Usage (433752K) : sinwg_drw has 0 polygons
2026-02-09 02:45:52 +0100: Memory Usage (433880K) : sinwg_filler has 0 polygons
2026-02-09 02:45:52 +0100: Memory Usage (433880K) : sinwg_nofill has 0 polygons
2026-02-09 02:45:52 +0100: Memory Usage (434008K) : mempad_drw has 0 polygons
2026-02-09 02:45:52 +0100: Memory Usage (434008K) : topvia1_drw has 0 polygons
2026-02-09 02:45:52 +0100: Memory Usage (434136K) : topmetal1_drw has 0 polygons
2026-02-09 02:45:52 +0100: Memory Usage (434136K) : topmetal1_pin has 0 polygons
2026-02-09 02:45:52 +0100: Memory Usage (434264K) : topmetal1_mask has 0 polygons
2026-02-09 02:45:52 +0100: Memory Usage (434264K) : topmetal1_filler has 0 polygons
2026-02-09 02:45:52 +0100: Memory Usage (434392K) : topmetal1_nofill has 0 polygons
2026-02-09 02:45:52 +0100: Memory Usage (434392K) : topmetal1_slit has 0 polygons
2026-02-09 02:45:52 +0100: Memory Usage (434520K) : topmetal1_text has 0 polygons
2026-02-09 02:45:52 +0100: Memory Usage (434520K) : topmetal1_noqrc has 0 polygons
2026-02-09 02:45:52 +0100: Memory Usage (434648K) : topmetal1_res has 0 polygons
2026-02-09 02:45:52 +0100: Memory Usage (434648K) : topmetal1_iprobe has 0 polygons
2026-02-09 02:45:52 +0100: Memory Usage (434776K) : topmetal1_diffprb has 0 polygons
2026-02-09 02:45:52 +0100: Memory Usage (434776K) : inldpwl_drw has 0 polygons
2026-02-09 02:45:52 +0100: Memory Usage (434904K) : polyres_drw has 0 polygons
2026-02-09 02:45:52 +0100: Memory Usage (434904K) : polyres_pin has 0 polygons
2026-02-09 02:45:52 +0100: Memory Usage (435032K) : vmim_drw has 0 polygons
2026-02-09 02:45:52 +0100: Memory Usage (435032K) : nbulaycut_drw has 0 polygons
2026-02-09 02:45:52 +0100: Memory Usage (435160K) : antmetal1_drw has 0 polygons
2026-02-09 02:45:52 +0100: Memory Usage (435160K) : topvia2_drw has 0 polygons
2026-02-09 02:45:52 +0100: Memory Usage (435288K) : topmetal2_drw has 0 polygons
2026-02-09 02:45:52 +0100: Memory Usage (435288K) : topmetal2_pin has 0 polygons
2026-02-09 02:45:52 +0100: Memory Usage (435416K) : topmetal2_mask has 0 polygons
2026-02-09 02:45:52 +0100: Memory Usage (435416K) : topmetal2_filler has 0 polygons
2026-02-09 02:45:52 +0100: Memory Usage (435544K) : topmetal2_nofill has 0 polygons
2026-02-09 02:45:52 +0100: Memory Usage (435544K) : topmetal2_slit has 0 polygons
2026-02-09 02:45:52 +0100: Memory Usage (435672K) : topmetal2_text has 0 polygons
2026-02-09 02:45:52 +0100: Memory Usage (435672K) : topmetal2_noqrc has 0 polygons
2026-02-09 02:45:52 +0100: Memory Usage (435800K) : topmetal2_res has 0 polygons
2026-02-09 02:45:52 +0100: Memory Usage (435800K) : topmetal2_iprobe has 0 polygons
2026-02-09 02:45:52 +0100: Memory Usage (435928K) : topmetal2_diffprb has 0 polygons
2026-02-09 02:45:52 +0100: Memory Usage (435928K) : snsring_drw has 0 polygons
2026-02-09 02:45:52 +0100: Memory Usage (436056K) : sensor_drw has 0 polygons
2026-02-09 02:45:52 +0100: Memory Usage (436056K) : snsarms_drw has 0 polygons
2026-02-09 02:45:52 +0100: Memory Usage (436184K) : snscmosvia_drw has 0 polygons
2026-02-09 02:45:52 +0100: Memory Usage (436184K) : colwind_drw has 0 polygons
2026-02-09 02:45:52 +0100: Memory Usage (436312K) : flm_drw has 0 polygons
2026-02-09 02:45:52 +0100: Memory Usage (436312K) : hafniumox_drw has 0 polygons
2026-02-09 02:45:52 +0100: Memory Usage (436440K) : memvia_drw has 0 polygons
2026-02-09 02:45:52 +0100: Memory Usage (436440K) : thinfilmres_drw has 0 polygons
2026-02-09 02:45:52 +0100: Memory Usage (436568K) : rfmem_drw has 0 polygons
2026-02-09 02:45:52 +0100: Memory Usage (436568K) : norcx_drw has 0 polygons
2026-02-09 02:45:52 +0100: Memory Usage (436696K) : norcx_m2m3 has 0 polygons
2026-02-09 02:45:52 +0100: Memory Usage (436696K) : norcx_m2m4 has 0 polygons
2026-02-09 02:45:52 +0100: Memory Usage (436824K) : norcx_m2m5 has 0 polygons
2026-02-09 02:45:52 +0100: Memory Usage (436952K) : norcx_m2tm1 has 0 polygons
2026-02-09 02:45:52 +0100: Memory Usage (436952K) : norcx_m2tm2 has 0 polygons
2026-02-09 02:45:52 +0100: Memory Usage (436952K) : norcx_m3m4 has 0 polygons
2026-02-09 02:45:52 +0100: Memory Usage (436952K) : norcx_m3m5 has 0 polygons
2026-02-09 02:45:52 +0100: Memory Usage (436952K) : norcx_m3tm1 has 0 polygons
2026-02-09 02:45:52 +0100: Memory Usage (436952K) : norcx_m3tm2 has 0 polygons
2026-02-09 02:45:52 +0100: Memory Usage (436952K) : norcx_m4m5 has 0 polygons
2026-02-09 02:45:52 +0100: Memory Usage (436952K) : norcx_m4tm1 has 0 polygons
2026-02-09 02:45:52 +0100: Memory Usage (436952K) : norcx_m4tm2 has 0 polygons
2026-02-09 02:45:52 +0100: Memory Usage (436952K) : norcx_m5tm1 has 0 polygons
2026-02-09 02:45:52 +0100: Memory Usage (436952K) : norcx_m5tm2 has 0 polygons
2026-02-09 02:45:52 +0100: Memory Usage (436952K) : norcx_tm1tm2 has 0 polygons
2026-02-09 02:45:52 +0100: Memory Usage (436952K) : norcx_m1sub has 0 polygons
2026-02-09 02:45:52 +0100: Memory Usage (436952K) : norcx_m2sub has 0 polygons
2026-02-09 02:45:52 +0100: Memory Usage (436952K) : norcx_m3sub has 0 polygons
2026-02-09 02:45:52 +0100: Memory Usage (436952K) : norcx_m4sub has 0 polygons
2026-02-09 02:45:52 +0100: Memory Usage (436952K) : norcx_m5sub has 0 polygons
2026-02-09 02:45:52 +0100: Memory Usage (436952K) : norcx_tm1sub has 0 polygons
2026-02-09 02:45:52 +0100: Memory Usage (436952K) : norcx_tm2sub has 0 polygons
2026-02-09 02:45:52 +0100: Memory Usage (436952K) : snsbotvia_drw has 0 polygons
2026-02-09 02:45:52 +0100: Memory Usage (436952K) : snstopvia_drw has 0 polygons
2026-02-09 02:45:52 +0100: Memory Usage (436952K) : deepvia_drw has 0 polygons
2026-02-09 02:45:52 +0100: Memory Usage (436952K) : fgetch_drw has 0 polygons
2026-02-09 02:45:52 +0100: Memory Usage (436952K) : ctrgat_drw has 0 polygons
2026-02-09 02:45:52 +0100: Memory Usage (436952K) : fgimp_drw has 0 polygons
2026-02-09 02:45:52 +0100: Memory Usage (436952K) : emwihv_drw has 0 polygons
2026-02-09 02:45:52 +0100: Memory Usage (436952K) : lbe_drw has 0 polygons
2026-02-09 02:45:52 +0100: Memory Usage (436952K) : alcustop_drw has 0 polygons
2026-02-09 02:45:52 +0100: Memory Usage (436952K) : nometfiller_drw has 0 polygons
2026-02-09 02:45:52 +0100: Memory Usage (436952K) : prboundary_drw has 0 polygons
2026-02-09 02:45:52 +0100: Memory Usage (436952K) : exchange0_drw has 0 polygons
2026-02-09 02:45:52 +0100: Memory Usage (436952K) : exchange0_pin has 0 polygons
2026-02-09 02:45:52 +0100: Memory Usage (436952K) : exchange0_text has 0 polygons
2026-02-09 02:45:52 +0100: Memory Usage (436952K) : exchange1_drw has 0 polygons
2026-02-09 02:45:52 +0100: Memory Usage (436952K) : exchange1_pin has 0 polygons
2026-02-09 02:45:52 +0100: Memory Usage (436952K) : exchange1_text has 0 polygons
2026-02-09 02:45:52 +0100: Memory Usage (436952K) : exchange2_drw has 0 polygons
2026-02-09 02:45:52 +0100: Memory Usage (436952K) : exchange2_pin has 0 polygons
2026-02-09 02:45:52 +0100: Memory Usage (436952K) : exchange2_text has 0 polygons
2026-02-09 02:45:52 +0100: Memory Usage (436952K) : exchange3_drw has 0 polygons
2026-02-09 02:45:52 +0100: Memory Usage (436952K) : exchange3_pin has 0 polygons
2026-02-09 02:45:52 +0100: Memory Usage (436952K) : exchange3_text has 0 polygons
2026-02-09 02:45:52 +0100: Memory Usage (436952K) : exchange4_drw has 0 polygons
2026-02-09 02:45:52 +0100: Memory Usage (436952K) : exchange4_pin has 0 polygons
2026-02-09 02:45:52 +0100: Memory Usage (436952K) : exchange4_text has 0 polygons
2026-02-09 02:45:52 +0100: Memory Usage (436952K) : isonwell_drw has 0 polygons
2026-02-09 02:45:52 +0100: Memory Usage (436952K) : Total no. of polygons in the design is 36264
2026-02-09 02:45:52 +0100: Memory Usage (436952K) : Loaded TECH DRC rules values from /home/cmaier/.ciel/ciel/ihp-sg13g2/versions/c4b8b4e5e7a05f375cca3815d51b3a37721fbf5c/ihp-sg13g2/libs.tech/klayout/python/sg13g2_pycell_lib/sg13g2_tech_mod.json
2026-02-09 02:45:52 +0100: Memory Usage (436952K) : Loaded default DRC rules values from /home/cmaier/.ciel/ciel/ihp-sg13g2/versions/c4b8b4e5e7a05f375cca3815d51b3a37721fbf5c/ihp-sg13g2/libs.tech/klayout/tech/drc/rule_decks/sg13g2_tech_default.json
2026-02-09 02:45:52 +0100: Memory Usage (436952K) : The following rules values were missing in tech json and default values were used:
2026-02-09 02:45:52 +0100: Memory Usage (436952K) :   - Cnt_c_digibnd
2026-02-09 02:45:52 +0100: Memory Usage (437592K) : Total area of the design is 3547.3437999999996 um^2.
2026-02-09 02:45:52 +0100: Memory Usage (437592K) : The design dimensions are 134.42000000000002 µm * 26.39 µm.
2026-02-09 02:45:52 +0100: Memory Usage (437592K) : Starting general IHP-SG13G2 derivations.
2026-02-09 02:45:52 +0100: Memory Usage (437592K) : Starting Pwell derivations
2026-02-09 02:45:52 +0100: Memory Usage (439348K) : Starting n-Activ derivations
2026-02-09 02:45:52 +0100: Memory Usage (439348K) : Starting p-Activ derivations
2026-02-09 02:45:52 +0100: Memory Usage (439348K) : Starting ptap derivations
2026-02-09 02:45:52 +0100: Memory Usage (439476K) : Starting ntap derivations
2026-02-09 02:45:52 +0100: Memory Usage (439476K) : Starting pact FET derivations
2026-02-09 02:45:52 +0100: Memory Usage (439476K) : Starting nact FET derivations
2026-02-09 02:45:52 +0100: Memory Usage (439476K) : Starting Gate derivations
2026-02-09 02:45:53 +0100: Memory Usage (439476K) : Starting cont/contbar general derivations
2026-02-09 02:45:53 +0100: Memory Usage (439476K) : Starting pad general derivations
2026-02-09 02:45:53 +0100: Memory Usage (439476K) : Starting IHP-SG13G2 DRC connectivity related derivations.
2026-02-09 02:45:53 +0100: Memory Usage (439476K) : Starting IHP-SG13G2 DRC connectivity setup
2026-02-09 02:45:53 +0100: Memory Usage (439664K) : Starting IHP-SG13G2 DRC rules.
2026-02-09 02:45:53 +0100: Memory Usage (439664K) : Running all FEOL rules
2026-02-09 02:45:53 +0100: Memory Usage (439664K) : Running all BEOL rules
2026-02-09 02:45:53 +0100: Memory Usage (439664K) : Running all PIN rules
2026-02-09 02:45:53 +0100: Memory Usage (439664K) : Running all FORBIDDEN rules
2026-02-09 02:45:53 +0100: Memory Usage (439664K) : Starting 5.1 NWell table
2026-02-09 02:45:53 +0100: Memory Usage (439664K) : Executing rule NW.b
2026-02-09 02:45:53 +0100: Memory Usage (441492K) : Executing rule NW.b1
2026-02-09 02:45:53 +0100: Memory Usage (441492K) : Starting 5.2 PWell:block
2026-02-09 02:45:53 +0100: Memory Usage (441492K) : Executing rule PWB.e
2026-02-09 02:45:53 +0100: Memory Usage (441492K) : Executing rule PWB.e1
2026-02-09 02:45:53 +0100: Memory Usage (441492K) : Executing rule PWB.f
2026-02-09 02:45:53 +0100: Memory Usage (441492K) : Executing rule PWB.f1
2026-02-09 02:45:53 +0100: Memory Usage (441492K) : Starting 5.3 nBuLay table
2026-02-09 02:45:53 +0100: Memory Usage (441492K) : Executing rule NBL.b
2026-02-09 02:45:53 +0100: Memory Usage (441492K) : Executing rule NBL.c
2026-02-09 02:45:53 +0100: Memory Usage (441492K) : Executing rule NBL.d
2026-02-09 02:45:53 +0100: Memory Usage (441492K) : Executing rule NBL.e
2026-02-09 02:45:53 +0100: Memory Usage (441492K) : Executing rule NBL.f
2026-02-09 02:45:53 +0100: Memory Usage (441492K) : Starting 5.5. Activ table
2026-02-09 02:45:53 +0100: Memory Usage (441492K) : Executing rule Act.a
2026-02-09 02:45:53 +0100: Memory Usage (441492K) : Executing rule Act.b
2026-02-09 02:45:53 +0100: Memory Usage (441668K) : Starting 5.6 Activ:filler table
2026-02-09 02:45:53 +0100: Memory Usage (441668K) : Executing rule AFil.c1
2026-02-09 02:45:53 +0100: Memory Usage (441668K) : Executing rule AFil.c
2026-02-09 02:45:53 +0100: Memory Usage (441668K) : Executing rule AFil.d
2026-02-09 02:45:53 +0100: Memory Usage (441668K) : Executing rule AFil.e
2026-02-09 02:45:53 +0100: Memory Usage (441668K) : Executing rule AFil.j
2026-02-09 02:45:53 +0100: Memory Usage (441668K) : Starting 5.7. ThickGateOx table
2026-02-09 02:45:53 +0100: Memory Usage (441668K) : Executing rule TGO.f
2026-02-09 02:45:53 +0100: Memory Usage (441668K) : Starting 5.8. GatPoly table
2026-02-09 02:45:53 +0100: Memory Usage (441668K) : Executing rule Gat.a
2026-02-09 02:45:53 +0100: Memory Usage (441668K) : Executing rule Gat.b
2026-02-09 02:45:53 +0100: Memory Usage (441668K) : Executing rule Gat.d
2026-02-09 02:45:53 +0100: Memory Usage (441668K) : Executing rule Gat.a1
2026-02-09 02:45:53 +0100: Memory Usage (442280K) : Executing rule Gat.a2
2026-02-09 02:45:53 +0100: Memory Usage (442280K) : Executing rule Gat.g
2026-02-09 02:45:53 +0100: Memory Usage (442280K) : Starting 5.9 GatPoly:filler
2026-02-09 02:45:53 +0100: Memory Usage (442280K) : Executing rule GFil.d
2026-02-09 02:45:53 +0100: Memory Usage (442280K) : Executing rule GFil.e
2026-02-09 02:45:53 +0100: Memory Usage (442280K) : Executing rule GFil.i
2026-02-09 02:45:53 +0100: Memory Usage (442280K) : Starting 5.10 pSD table
2026-02-09 02:45:53 +0100: Memory Usage (442280K) : Executing rule pSD.c1
2026-02-09 02:45:53 +0100: Memory Usage (442280K) : Starting 5.14. Cont table
2026-02-09 02:45:53 +0100: Memory Usage (442280K) : Executing rule Cnt.a
2026-02-09 02:45:53 +0100: Memory Usage (442280K) : Executing rule Cnt.b
2026-02-09 02:45:53 +0100: Memory Usage (442280K) : Executing rule Cnt.c
2026-02-09 02:45:53 +0100: Memory Usage (442280K) : Executing rule Cnt.c
2026-02-09 02:45:53 +0100: Memory Usage (442280K) : Executing rule Cnt.d
2026-02-09 02:45:53 +0100: Memory Usage (442280K) : Executing rule Cnt.e
2026-02-09 02:45:53 +0100: Memory Usage (442280K) : Executing rule Cnt.g1
2026-02-09 02:45:53 +0100: Memory Usage (442280K) : Executing rule Cnt.g2
2026-02-09 02:45:53 +0100: Memory Usage (442280K) : Starting 5.15. ContBar table
2026-02-09 02:45:53 +0100: Memory Usage (442280K) : Executing rule CntB.b1
2026-02-09 02:45:53 +0100: Memory Usage (442280K) : Executing rule CntB.h1
2026-02-09 02:45:53 +0100: Memory Usage (442280K) : Starting 6.1.3 NPN Substrate-Tie table
2026-02-09 02:45:53 +0100: Memory Usage (442280K) : Executing rule npn13G2.bR 
2026-02-09 02:45:53 +0100: Memory Usage (442280K) : Executing rule npn13G2L.cR 
2026-02-09 02:45:53 +0100: Memory Usage (442280K) : Executing rule npn13G2V.cR 
2026-02-09 02:45:53 +0100: Memory Usage (442280K) : Starting 6.7 Schottky diode table
2026-02-09 02:45:53 +0100: Memory Usage (442280K) : Executing rule Sdiod.d
2026-02-09 02:45:53 +0100: Memory Usage (442280K) : Executing rule Sdiod.e
2026-02-09 02:45:53 +0100: Memory Usage (442280K) : Starting 7.2 Latch-up table
2026-02-09 02:45:53 +0100: Memory Usage (442280K) : Executing rule LU.b
2026-02-09 02:45:53 +0100: Memory Usage (442280K) : Starting 5.16. Metal1 table
2026-02-09 02:45:53 +0100: Memory Usage (442280K) : Executing rule M1.a
2026-02-09 02:45:53 +0100: Memory Usage (442280K) : Executing rule M1.b
2026-02-09 02:45:53 +0100: Memory Usage (443048K) : Executing rule M1.e
2026-02-09 02:45:54 +0100: Memory Usage (443048K) : Executing rule M1.f
2026-02-09 02:45:54 +0100: Memory Usage (443048K) : Executing rule M1.g
2026-02-09 02:45:54 +0100: Memory Usage (443048K) : Executing rule M1.i
2026-02-09 02:45:54 +0100: Memory Usage (443048K) : Starting 5.17 Metaln table
2026-02-09 02:45:54 +0100: Memory Usage (443048K) : Executing rule M2.a
2026-02-09 02:45:54 +0100: Memory Usage (443048K) : Executing rule M2.b
2026-02-09 02:45:54 +0100: Memory Usage (443048K) : Executing rule M2.e
2026-02-09 02:45:54 +0100: Memory Usage (443048K) : Executing rule M2.f
2026-02-09 02:45:54 +0100: Memory Usage (443048K) : Executing rule M2.g
2026-02-09 02:45:54 +0100: Memory Usage (443048K) : Executing rule M2.i
2026-02-09 02:45:54 +0100: Memory Usage (443048K) : Executing rule M3.a
2026-02-09 02:45:54 +0100: Memory Usage (443048K) : Executing rule M3.b
2026-02-09 02:45:54 +0100: Memory Usage (443048K) : Executing rule M3.e
2026-02-09 02:45:54 +0100: Memory Usage (443048K) : Executing rule M3.f
2026-02-09 02:45:54 +0100: Memory Usage (443048K) : Executing rule M3.g
2026-02-09 02:45:54 +0100: Memory Usage (443048K) : Executing rule M3.i
2026-02-09 02:45:54 +0100: Memory Usage (443048K) : Executing rule M4.a
2026-02-09 02:45:54 +0100: Memory Usage (443048K) : Executing rule M4.b
2026-02-09 02:45:54 +0100: Memory Usage (443048K) : Executing rule M4.e
2026-02-09 02:45:54 +0100: Memory Usage (443048K) : Executing rule M4.f
2026-02-09 02:45:54 +0100: Memory Usage (443048K) : Executing rule M4.g
2026-02-09 02:45:54 +0100: Memory Usage (443048K) : Executing rule M4.i
2026-02-09 02:45:54 +0100: Memory Usage (443048K) : Executing rule M5.a
2026-02-09 02:45:54 +0100: Memory Usage (443048K) : Executing rule M5.b
2026-02-09 02:45:54 +0100: Memory Usage (443048K) : Executing rule M5.e
2026-02-09 02:45:54 +0100: Memory Usage (443048K) : Executing rule M5.f
2026-02-09 02:45:54 +0100: Memory Usage (443048K) : Executing rule M5.g
2026-02-09 02:45:54 +0100: Memory Usage (443048K) : Executing rule M5.i
2026-02-09 02:45:54 +0100: Memory Usage (443048K) : Starting 5.18 Metaln:filler table
2026-02-09 02:45:54 +0100: Memory Usage (443048K) : Executing rule M1Fil.c
2026-02-09 02:45:54 +0100: Memory Usage (443048K) : Executing rule M1Fil.a2
2026-02-09 02:45:54 +0100: Memory Usage (443048K) : Executing rule M2Fil.c
2026-02-09 02:45:54 +0100: Memory Usage (443048K) : Executing rule M2Fil.a2
2026-02-09 02:45:54 +0100: Memory Usage (443048K) : Executing rule M3Fil.c
2026-02-09 02:45:54 +0100: Memory Usage (443048K) : Executing rule M3Fil.a2
2026-02-09 02:45:54 +0100: Memory Usage (443048K) : Executing rule M4Fil.c
2026-02-09 02:45:54 +0100: Memory Usage (443048K) : Executing rule M4Fil.a2
2026-02-09 02:45:54 +0100: Memory Usage (443048K) : Executing rule M5Fil.c
2026-02-09 02:45:54 +0100: Memory Usage (443048K) : Executing rule M5Fil.a2
2026-02-09 02:45:54 +0100: Memory Usage (443048K) : Starting 5.19. Via1 table
2026-02-09 02:45:54 +0100: Memory Usage (443048K) : Starting 5.19. Via1 table derivations
2026-02-09 02:45:54 +0100: Memory Usage (443048K) : Executing rule V1.a
2026-02-09 02:45:54 +0100: Memory Usage (443048K) : Executing rule V1.b
2026-02-09 02:45:54 +0100: Memory Usage (443048K) : Executing rule V1.c
2026-02-09 02:45:54 +0100: Memory Usage (443176K) : Starting 5.20. Vian table
2026-02-09 02:45:54 +0100: Memory Usage (443176K) : Executing rule V2.a
2026-02-09 02:45:54 +0100: Memory Usage (443560K) : Executing rule V2.b
2026-02-09 02:45:54 +0100: Memory Usage (443688K) : Executing rule V2.c
2026-02-09 02:45:54 +0100: Memory Usage (443944K) : Executing rule V3.a
2026-02-09 02:45:54 +0100: Memory Usage (444200K) : Executing rule V3.b
2026-02-09 02:45:54 +0100: Memory Usage (444328K) : Executing rule V3.c
2026-02-09 02:45:54 +0100: Memory Usage (444584K) : Executing rule V4.a
2026-02-09 02:45:54 +0100: Memory Usage (444840K) : Executing rule V4.b
2026-02-09 02:45:54 +0100: Memory Usage (445096K) : Executing rule V4.c
2026-02-09 02:45:54 +0100: Memory Usage (445224K) : Starting 5.21. TopVia1 table
2026-02-09 02:45:54 +0100: Memory Usage (445224K) : Executing rule TV1.a
2026-02-09 02:45:54 +0100: Memory Usage (445480K) : Executing rule TV1.b
2026-02-09 02:45:54 +0100: Memory Usage (445608K) : Executing rule TV1.c
2026-02-09 02:45:54 +0100: Memory Usage (445736K) : Executing rule TV1.d
2026-02-09 02:45:54 +0100: Memory Usage (445864K) : Starting 5.22. TopMetal1 table
2026-02-09 02:45:54 +0100: Memory Usage (445864K) : Executing rule TM1.a
2026-02-09 02:45:54 +0100: Memory Usage (445992K) : Executing rule TM1.b
2026-02-09 02:45:54 +0100: Memory Usage (446120K) : Starting 5.23 TopMetal1:filler table
2026-02-09 02:45:54 +0100: Memory Usage (446120K) : Executing rule TM1Fil.c
2026-02-09 02:45:54 +0100: Memory Usage (446248K) : Executing rule TM1Fil.a1
2026-02-09 02:45:54 +0100: Memory Usage (446248K) : Starting 5.24. TopVia2 table
2026-02-09 02:45:54 +0100: Memory Usage (446376K) : Executing rule TV2.a
2026-02-09 02:45:54 +0100: Memory Usage (446632K) : Executing rule TV2.b
2026-02-09 02:45:54 +0100: Memory Usage (446760K) : Executing rule TV2.c
2026-02-09 02:45:54 +0100: Memory Usage (446888K) : Executing rule TV2.d
2026-02-09 02:45:54 +0100: Memory Usage (446888K) : Starting 5.25. TopMetal2 table
2026-02-09 02:45:54 +0100: Memory Usage (446888K) : Executing rule TM2.a
2026-02-09 02:45:54 +0100: Memory Usage (447016K) : Executing rule TM2.b
2026-02-09 02:45:54 +0100: Memory Usage (447272K) : Executing rule TM2.bR
2026-02-09 02:45:54 +0100: Memory Usage (447272K) : Starting 5.26 TopMetal2:filler table
2026-02-09 02:45:54 +0100: Memory Usage (447272K) : Executing rule TM2Fil.c
2026-02-09 02:45:54 +0100: Memory Usage (447272K) : Executing rule TM2Fil.a1
2026-02-09 02:45:54 +0100: Memory Usage (447272K) : Starting 5.27. Passiv table
2026-02-09 02:45:54 +0100: Memory Usage (447272K) : Executing rule Pas.a
2026-02-09 02:45:54 +0100: Memory Usage (447272K) : Executing rule Pas.b
2026-02-09 02:45:54 +0100: Memory Usage (447272K) : Executing rule Pas.c
2026-02-09 02:45:54 +0100: Memory Usage (447272K) : Starting 6.9.2 Copper Pillar table
2026-02-09 02:45:54 +0100: Memory Usage (447272K) : Executing rule Padc.a
2026-02-09 02:45:54 +0100: Memory Usage (447272K) : Executing rule Padc.b
2026-02-09 02:45:54 +0100: Memory Usage (447272K) : Executing rule Padc.c
2026-02-09 02:45:54 +0100: Memory Usage (447272K) : Executing rule Padb.f
2026-02-09 02:45:54 +0100: Memory Usage (447272K) : Starting 6.9 Pad table
2026-02-09 02:45:54 +0100: Memory Usage (447272K) : Executing rule Pad.m
2026-02-09 02:45:54 +0100: Memory Usage (447272K) : Executing rule Pad.fR_M1
2026-02-09 02:45:54 +0100: Memory Usage (447272K) : Executing rule Pad.fR_M2
2026-02-09 02:45:54 +0100: Memory Usage (447272K) : Executing rule Pad.fR_M3
2026-02-09 02:45:54 +0100: Memory Usage (447272K) : Executing rule Pad.fR_M4
2026-02-09 02:45:54 +0100: Memory Usage (447272K) : Executing rule Pad.fR_M5
2026-02-09 02:45:54 +0100: Memory Usage (447272K) : Executing rule Pad.fR_TM1
2026-02-09 02:45:54 +0100: Memory Usage (447272K) : Executing rule Pad.fR_TM2
2026-02-09 02:45:54 +0100: Memory Usage (447272K) : Executing rule Pad.i
2026-02-09 02:45:54 +0100: Memory Usage (447272K) : Starting 6.9.1 Solder Bump
2026-02-09 02:45:54 +0100: Memory Usage (447272K) : Executing rule Padb.a
2026-02-09 02:45:54 +0100: Memory Usage (447272K) : Executing rule Padb.b
2026-02-09 02:45:54 +0100: Memory Usage (447272K) : Executing rule Padb.c
2026-02-09 02:45:54 +0100: Memory Usage (447272K) : Executing rule Padb.f
2026-02-09 02:45:54 +0100: Memory Usage (447272K) : Executing rule Padb.d
2026-02-09 02:45:54 +0100: Memory Usage (447272K) : Starting 6.10 Sealring table
2026-02-09 02:45:54 +0100: Memory Usage (447272K) : Executing rule Seal.l
2026-02-09 02:45:54 +0100: Memory Usage (447272K) : Executing rule Seal.n
2026-02-09 02:45:54 +0100: Memory Usage (447272K) : Executing rule seal.b_metal1
2026-02-09 02:45:54 +0100: Memory Usage (447272K) : Executing rule seal.b_metal2
2026-02-09 02:45:54 +0100: Memory Usage (447272K) : Executing rule seal.b_metal3
2026-02-09 02:45:54 +0100: Memory Usage (447272K) : Executing rule seal.b_metal4
2026-02-09 02:45:54 +0100: Memory Usage (447272K) : Executing rule seal.b_metal5
2026-02-09 02:45:54 +0100: Memory Usage (447272K) : Executing rule seal.b_topmetal1
2026-02-09 02:45:54 +0100: Memory Usage (447272K) : Executing rule seal.b_topmetal2
2026-02-09 02:45:54 +0100: Memory Usage (447272K) : Executing rule seal.b_activ
2026-02-09 02:45:54 +0100: Memory Usage (447272K) : Executing rule seal.b_psd
2026-02-09 02:45:54 +0100: Memory Usage (447272K) : Executing rule Seal.k
2026-02-09 02:45:54 +0100: Memory Usage (447272K) : Executing rule Seal.m
2026-02-09 02:45:54 +0100: Memory Usage (447272K) : Starting 6.11 MIM table
2026-02-09 02:45:54 +0100: Memory Usage (447272K) : Executing rule MIM.c
2026-02-09 02:45:54 +0100: Memory Usage (447272K) : Executing rule MIM.d
2026-02-09 02:45:54 +0100: Memory Usage (447272K) : Executing rule MIM.gR
2026-02-09 02:45:54 +0100: Memory Usage (447272K) : Starting 7.3 Metal Slits table
2026-02-09 02:45:54 +0100: Memory Usage (447272K) : Executing rule Slt.e1_M1
2026-02-09 02:45:54 +0100: Memory Usage (447272K) : Executing rule Slt.e1_M2
2026-02-09 02:45:54 +0100: Memory Usage (447272K) : Executing rule Slt.e1_M3
2026-02-09 02:45:54 +0100: Memory Usage (447272K) : Executing rule Slt.e1_M4
2026-02-09 02:45:54 +0100: Memory Usage (447272K) : Executing rule Slt.e1_M5
2026-02-09 02:45:54 +0100: Memory Usage (447272K) : Executing rule Slt.e1_TM1
2026-02-09 02:45:54 +0100: Memory Usage (447272K) : Executing rule Slt.e1_TM2
2026-02-09 02:45:54 +0100: Memory Usage (447272K) : Starting 9.1. LBE table
2026-02-09 02:45:54 +0100: Memory Usage (447272K) : Executing rule LBE.a
2026-02-09 02:45:54 +0100: Memory Usage (447272K) : Executing rule LBE.b
2026-02-09 02:45:54 +0100: Memory Usage (447400K) : Executing rule LBE.b1
2026-02-09 02:45:54 +0100: Memory Usage (447400K) : Executing rule LBE.c
2026-02-09 02:45:54 +0100: Memory Usage (447400K) : Executing rule LBE.d
2026-02-09 02:45:54 +0100: Memory Usage (447400K) : Executing rule LBE.h
2026-02-09 02:45:54 +0100: Memory Usage (447528K) : Starting 7.4. PIN table
2026-02-09 02:45:54 +0100: Memory Usage (447528K) : Executing rule Pin.a
2026-02-09 02:45:54 +0100: Memory Usage (447528K) : Executing rule Pin.b
2026-02-09 02:45:54 +0100: Memory Usage (447528K) : Executing rule Pin.e
2026-02-09 02:45:54 +0100: Memory Usage (447784K) : Executing rule Pin.f_M2
2026-02-09 02:45:54 +0100: Memory Usage (447784K) : Executing rule Pin.f_M3
2026-02-09 02:45:54 +0100: Memory Usage (448040K) : Executing rule Pin.f_M4
2026-02-09 02:45:54 +0100: Memory Usage (448168K) : Executing rule Pin.f_M5
2026-02-09 02:45:54 +0100: Memory Usage (448424K) : Executing rule Pin.g
2026-02-09 02:45:54 +0100: Memory Usage (448552K) : Executing rule Pin.h
2026-02-09 02:45:54 +0100: Memory Usage (448680K) : Starting 3.2. FORBIDDEN table
2026-02-09 02:45:54 +0100: Memory Usage (448680K) : Executing rule forbidden.biwind
2026-02-09 02:45:54 +0100: Memory Usage (448808K) : Executing rule forbidden.pemwind
2026-02-09 02:45:54 +0100: Memory Usage (448936K) : Executing rule forbidden.baspoly
2026-02-09 02:45:54 +0100: Memory Usage (448936K) : Executing rule forbidden.deepco
2026-02-09 02:45:54 +0100: Memory Usage (449064K) : Executing rule forbidden.pempoly
2026-02-09 02:45:54 +0100: Memory Usage (449064K) : Executing rule forbidden.empoly
2026-02-09 02:45:54 +0100: Memory Usage (449192K) : Executing rule forbidden.ldmos
2026-02-09 02:45:54 +0100: Memory Usage (449320K) : Executing rule forbidden.pbiwind
2026-02-09 02:45:54 +0100: Memory Usage (449448K) : Executing rule forbidden.nodrc
2026-02-09 02:45:54 +0100: Memory Usage (449448K) : Executing rule forbidden.flash
2026-02-09 02:45:54 +0100: Memory Usage (449576K) : Executing rule forbidden.colwind
2026-02-09 02:45:54 +0100: Memory Usage (449704K) : KLayout DRC run for tables 'main' completed in 2.36 seconds
