heichips25_pudding
----------------------------------------
Metal2 spacing < 0.21um (M2.b)
----------------------------------------
 361.525um 156.030um 361.725um 156.190um
 362.075um 156.030um 362.275um 156.190um
 363.525um 156.030um 363.725um 156.190um
 364.075um 156.030um 364.275um 156.190um
 365.525um 156.030um 365.725um 156.190um
 366.075um 156.030um 366.275um 156.190um
 367.525um 156.030um 367.725um 156.190um
 368.075um 156.030um 368.275um 156.190um
 369.525um 156.030um 369.725um 156.190um
 370.075um 156.030um 370.275um 156.190um
 371.525um 156.030um 371.725um 156.190um
 372.075um 156.030um 372.275um 156.190um
 373.525um 156.030um 373.725um 156.190um
 374.075um 156.030um 374.275um 156.190um
 375.525um 156.030um 375.725um 156.190um
 376.075um 156.030um 376.275um 156.190um
 377.525um 156.030um 377.725um 156.190um
 378.075um 156.030um 378.275um 156.190um
 379.525um 156.030um 379.725um 156.190um
 380.075um 156.030um 380.275um 156.190um
 381.525um 156.030um 381.725um 156.190um
 382.075um 156.030um 382.275um 156.190um
 383.525um 156.030um 383.725um 156.190um
 384.075um 156.030um 384.275um 156.190um
 385.525um 156.030um 385.725um 156.190um
 386.075um 156.030um 386.275um 156.190um
 387.525um 156.030um 387.725um 156.190um
 388.075um 156.030um 388.275um 156.190um
 389.525um 156.030um 389.725um 156.190um
 390.075um 156.030um 390.275um 156.190um
 391.525um 156.030um 391.725um 156.190um
 392.075um 156.030um 392.275um 156.190um
 393.525um 156.030um 393.725um 156.190um
 394.075um 156.030um 394.275um 156.190um
 395.525um 156.030um 395.725um 156.190um
 396.075um 156.030um 396.275um 156.190um
 397.525um 156.030um 397.725um 156.190um
 398.075um 156.030um 398.275um 156.190um
 399.525um 156.030um 399.725um 156.190um
 400.075um 156.030um 400.275um 156.190um
 401.525um 156.030um 401.725um 156.190um
 402.075um 156.030um 402.275um 156.190um
 403.525um 156.030um 403.725um 156.190um
 404.075um 156.030um 404.275um 156.190um
 405.525um 156.030um 405.725um 156.190um
 406.075um 156.030um 406.275um 156.190um
 407.525um 156.030um 407.725um 156.190um
 408.075um 156.030um 408.275um 156.190um
 409.525um 156.030um 409.725um 156.190um
 410.075um 156.030um 410.275um 156.190um
 411.525um 156.030um 411.725um 156.190um
 412.075um 156.030um 412.275um 156.190um
 413.525um 156.030um 413.725um 156.190um
 414.075um 156.030um 414.275um 156.190um
 415.525um 156.030um 415.725um 156.190um
 416.075um 156.030um 416.275um 156.190um
 417.525um 156.030um 417.725um 156.190um
 418.075um 156.030um 418.275um 156.190um
 419.525um 156.030um 419.725um 156.190um
 420.075um 156.030um 420.275um 156.190um
 421.525um 156.030um 421.725um 156.190um
 422.075um 156.030um 422.275um 156.190um
 423.525um 156.030um 423.725um 156.190um
 424.075um 156.030um 424.275um 156.190um
 425.525um 156.030um 425.725um 156.190um
 426.075um 156.030um 426.275um 156.190um
 427.525um 156.030um 427.725um 156.190um
 428.075um 156.030um 428.275um 156.190um
 429.525um 156.030um 429.725um 156.190um
 430.075um 156.030um 430.275um 156.190um
 431.525um 156.030um 431.725um 156.190um
 432.075um 156.030um 432.275um 156.190um
 433.525um 156.030um 433.725um 156.190um
 434.075um 156.030um 434.275um 156.190um
 435.525um 156.030um 435.725um 156.190um
 436.075um 156.030um 436.275um 156.190um
 437.525um 156.030um 437.725um 156.190um
 438.075um 156.030um 438.275um 156.190um
 439.525um 156.030um 439.725um 156.190um
 440.075um 156.030um 440.275um 156.190um
 441.525um 156.030um 441.725um 156.190um
 442.075um 156.030um 442.275um 156.190um
 443.525um 156.030um 443.725um 156.190um
 444.075um 156.030um 444.275um 156.190um
 445.525um 156.030um 445.725um 156.190um
 446.075um 156.030um 446.275um 156.190um
 447.525um 156.030um 447.725um 156.190um
 448.075um 156.030um 448.275um 156.190um
 449.525um 156.030um 449.725um 156.190um
 450.075um 156.030um 450.275um 156.190um
 451.525um 156.030um 451.725um 156.190um
 452.075um 156.030um 452.275um 156.190um
 453.525um 156.030um 453.725um 156.190um
 454.075um 156.030um 454.275um 156.190um
 455.525um 156.030um 455.725um 156.190um
 456.075um 156.030um 456.275um 156.190um
 457.525um 156.030um 457.725um 156.190um
 458.075um 156.030um 458.275um 156.190um
 459.525um 156.030um 459.725um 156.190um
 460.075um 156.030um 460.275um 156.190um
 461.525um 156.030um 461.725um 156.190um
 462.075um 156.030um 462.275um 156.190um
 463.525um 156.030um 463.725um 156.190um
 464.075um 156.030um 464.275um 156.190um
 465.525um 156.030um 465.725um 156.190um
 466.075um 156.030um 466.275um 156.190um
 467.525um 156.030um 467.725um 156.190um
 468.075um 156.030um 468.275um 156.190um
 469.525um 156.030um 469.725um 156.190um
 470.075um 156.030um 470.275um 156.190um
 471.525um 156.030um 471.725um 156.190um
 472.075um 156.030um 472.275um 156.190um
 473.525um 156.030um 473.725um 156.190um
 474.075um 156.030um 474.275um 156.190um
 475.525um 156.030um 475.725um 156.190um
 476.075um 156.030um 476.275um 156.190um
 477.525um 156.030um 477.725um 156.190um
 478.075um 156.030um 478.275um 156.190um
 479.525um 156.030um 479.725um 156.190um
 480.075um 156.030um 480.275um 156.190um
 481.525um 156.030um 481.725um 156.190um
 482.075um 156.030um 482.275um 156.190um
 483.525um 156.030um 483.725um 156.190um
 484.075um 156.030um 484.275um 156.190um
 485.525um 156.030um 485.725um 156.190um
 486.075um 156.030um 486.275um 156.190um
 487.525um 156.030um 487.725um 156.190um
 488.075um 156.030um 488.275um 156.190um
 489.525um 156.030um 489.725um 156.190um
 490.075um 156.030um 490.275um 156.190um
 491.525um 156.030um 491.725um 156.190um
 492.075um 156.030um 492.275um 156.190um
 361.525um 156.240um 361.725um 156.400um
 362.075um 156.240um 362.275um 156.400um
 363.525um 156.240um 363.725um 156.400um
 364.075um 156.240um 364.275um 156.400um
 365.525um 156.240um 365.725um 156.400um
 366.075um 156.240um 366.275um 156.400um
 367.525um 156.240um 367.725um 156.400um
 368.075um 156.240um 368.275um 156.400um
 369.525um 156.240um 369.725um 156.400um
 370.075um 156.240um 370.275um 156.400um
 371.525um 156.240um 371.725um 156.400um
 372.075um 156.240um 372.275um 156.400um
 373.525um 156.240um 373.725um 156.400um
 374.075um 156.240um 374.275um 156.400um
 375.525um 156.240um 375.725um 156.400um
 376.075um 156.240um 376.275um 156.400um
 377.525um 156.240um 377.725um 156.400um
 378.075um 156.240um 378.275um 156.400um
 379.525um 156.240um 379.725um 156.400um
 380.075um 156.240um 380.275um 156.400um
 381.525um 156.240um 381.725um 156.400um
 382.075um 156.240um 382.275um 156.400um
 383.525um 156.240um 383.725um 156.400um
 384.075um 156.240um 384.275um 156.400um
 385.525um 156.240um 385.725um 156.400um
 386.075um 156.240um 386.275um 156.400um
 387.525um 156.240um 387.725um 156.400um
 388.075um 156.240um 388.275um 156.400um
 389.525um 156.240um 389.725um 156.400um
 390.075um 156.240um 390.275um 156.400um
 391.525um 156.240um 391.725um 156.400um
 392.075um 156.240um 392.275um 156.400um
 393.525um 156.240um 393.725um 156.400um
 394.075um 156.240um 394.275um 156.400um
 395.525um 156.240um 395.725um 156.400um
 396.075um 156.240um 396.275um 156.400um
 397.525um 156.240um 397.725um 156.400um
 398.075um 156.240um 398.275um 156.400um
 399.525um 156.240um 399.725um 156.400um
 400.075um 156.240um 400.275um 156.400um
 401.525um 156.240um 401.725um 156.400um
 402.075um 156.240um 402.275um 156.400um
 403.525um 156.240um 403.725um 156.400um
 404.075um 156.240um 404.275um 156.400um
 405.525um 156.240um 405.725um 156.400um
 406.075um 156.240um 406.275um 156.400um
 407.525um 156.240um 407.725um 156.400um
 408.075um 156.240um 408.275um 156.400um
 409.525um 156.240um 409.725um 156.400um
 410.075um 156.240um 410.275um 156.400um
 411.525um 156.240um 411.725um 156.400um
 412.075um 156.240um 412.275um 156.400um
 413.525um 156.240um 413.725um 156.400um
 414.075um 156.240um 414.275um 156.400um
 415.525um 156.240um 415.725um 156.400um
 416.075um 156.240um 416.275um 156.400um
 417.525um 156.240um 417.725um 156.400um
 418.075um 156.240um 418.275um 156.400um
 419.525um 156.240um 419.725um 156.400um
 420.075um 156.240um 420.275um 156.400um
 421.525um 156.240um 421.725um 156.400um
 422.075um 156.240um 422.275um 156.400um
 423.525um 156.240um 423.725um 156.400um
 424.075um 156.240um 424.275um 156.400um
 425.525um 156.240um 425.725um 156.400um
 426.075um 156.240um 426.275um 156.400um
 427.525um 156.240um 427.725um 156.400um
 428.075um 156.240um 428.275um 156.400um
 429.525um 156.240um 429.725um 156.400um
 430.075um 156.240um 430.275um 156.400um
 431.525um 156.240um 431.725um 156.400um
 432.075um 156.240um 432.275um 156.400um
 433.525um 156.240um 433.725um 156.400um
 434.075um 156.240um 434.275um 156.400um
 435.525um 156.240um 435.725um 156.400um
 436.075um 156.240um 436.275um 156.400um
 437.525um 156.240um 437.725um 156.400um
 438.075um 156.240um 438.275um 156.400um
 439.525um 156.240um 439.725um 156.400um
 440.075um 156.240um 440.275um 156.400um
 441.525um 156.240um 441.725um 156.400um
 442.075um 156.240um 442.275um 156.400um
 443.525um 156.240um 443.725um 156.400um
 444.075um 156.240um 444.275um 156.400um
 445.525um 156.240um 445.725um 156.400um
 446.075um 156.240um 446.275um 156.400um
 447.525um 156.240um 447.725um 156.400um
 448.075um 156.240um 448.275um 156.400um
 449.525um 156.240um 449.725um 156.400um
 450.075um 156.240um 450.275um 156.400um
 451.525um 156.240um 451.725um 156.400um
 452.075um 156.240um 452.275um 156.400um
 453.525um 156.240um 453.725um 156.400um
 454.075um 156.240um 454.275um 156.400um
 455.525um 156.240um 455.725um 156.400um
 456.075um 156.240um 456.275um 156.400um
 457.525um 156.240um 457.725um 156.400um
 458.075um 156.240um 458.275um 156.400um
 459.525um 156.240um 459.725um 156.400um
 460.075um 156.240um 460.275um 156.400um
 461.525um 156.240um 461.725um 156.400um
 462.075um 156.240um 462.275um 156.400um
 463.525um 156.240um 463.725um 156.400um
 464.075um 156.240um 464.275um 156.400um
 465.525um 156.240um 465.725um 156.400um
 466.075um 156.240um 466.275um 156.400um
 467.525um 156.240um 467.725um 156.400um
 468.075um 156.240um 468.275um 156.400um
 469.525um 156.240um 469.725um 156.400um
 470.075um 156.240um 470.275um 156.400um
 471.525um 156.240um 471.725um 156.400um
 472.075um 156.240um 472.275um 156.400um
 473.525um 156.240um 473.725um 156.400um
 474.075um 156.240um 474.275um 156.400um
 475.525um 156.240um 475.725um 156.400um
 476.075um 156.240um 476.275um 156.400um
 477.525um 156.240um 477.725um 156.400um
 478.075um 156.240um 478.275um 156.400um
 479.525um 156.240um 479.725um 156.400um
 480.075um 156.240um 480.275um 156.400um
 481.525um 156.240um 481.725um 156.400um
 482.075um 156.240um 482.275um 156.400um
 483.525um 156.240um 483.725um 156.400um
 484.075um 156.240um 484.275um 156.400um
 485.525um 156.240um 485.725um 156.400um
 486.075um 156.240um 486.275um 156.400um
 487.525um 156.240um 487.725um 156.400um
 488.075um 156.240um 488.275um 156.400um
 489.525um 156.240um 489.725um 156.400um
 490.075um 156.240um 490.275um 156.400um
 491.525um 156.240um 491.725um 156.400um
 492.075um 156.240um 492.275um 156.400um
----------------------------------------
Metal5 > 10.0um with runlength > 10.0um spacing to unrelated m5 < 0.6um (M5.f)
----------------------------------------
 372.790um 129.400um 384.860um 129.460um
 433.540um 129.400um 452.330um 129.460um
----------------------------------------
Metal2 minimum area < 0.144um^2 (M2.d)
----------------------------------------
 362.070um 156.760um 362.280um 156.805um
 362.070um 156.560um 362.075um 156.760um
 362.070um 156.515um 362.280um 156.560um
 362.075um 156.240um 362.275um 156.515um
 365.520um 156.760um 365.730um 156.805um
 365.520um 156.560um 365.525um 156.760um
 365.520um 156.515um 365.730um 156.560um
 365.525um 156.240um 365.725um 156.515um
 371.520um 156.760um 371.730um 156.805um
 371.520um 156.560um 371.525um 156.760um
 371.520um 156.515um 371.730um 156.560um
 371.525um 156.240um 371.725um 156.515um
 375.520um 156.760um 375.730um 156.805um
 375.520um 156.560um 375.525um 156.760um
 375.520um 156.515um 375.730um 156.560um
 375.525um 156.240um 375.725um 156.515um
 395.520um 156.760um 395.730um 156.805um
 395.520um 156.560um 395.525um 156.760um
 395.520um 156.515um 395.730um 156.560um
 395.525um 156.240um 395.725um 156.515um
 400.070um 156.760um 400.280um 156.805um
 400.070um 156.560um 400.075um 156.760um
 400.070um 156.515um 400.280um 156.560um
 400.075um 156.240um 400.275um 156.515um
 402.070um 156.760um 402.280um 156.805um
 402.070um 156.560um 402.075um 156.760um
 402.070um 156.515um 402.280um 156.560um
 402.075um 156.240um 402.275um 156.515um
 414.070um 156.760um 414.280um 156.805um
 414.070um 156.560um 414.075um 156.760um
 414.070um 156.515um 414.280um 156.560um
 414.075um 156.240um 414.275um 156.515um
 426.070um 156.760um 426.280um 156.805um
 426.070um 156.560um 426.075um 156.760um
 426.070um 156.515um 426.280um 156.560um
 426.075um 156.240um 426.275um 156.515um
 453.520um 156.760um 453.730um 156.805um
 453.520um 156.560um 453.525um 156.760um
 453.520um 156.515um 453.730um 156.560um
 453.525um 156.240um 453.725um 156.515um
 456.070um 156.760um 456.280um 156.805um
 456.070um 156.560um 456.075um 156.760um
 456.070um 156.515um 456.280um 156.560um
 456.075um 156.240um 456.275um 156.515um
 482.070um 156.760um 482.280um 156.805um
 482.070um 156.560um 482.075um 156.760um
 482.070um 156.515um 482.280um 156.560um
 482.075um 156.240um 482.275um 156.515um
----------------------------------------
Metal6 spacing < 1.64um (TM1.b)
----------------------------------------
 411.980um 157.900um 413.340um 159.540um
 411.980um 126.900um 413.340um 128.540um
 411.980um 126.900um 413.340um 129.050um
 411.980um 129.050um 413.340um 129.670um
 411.980um 129.670um 413.340um 156.770um
 411.980um 156.770um 413.340um 157.390um
 411.980um 157.390um 413.340um 159.540um
 410.340um 157.390um 411.700um 157.900um
 410.340um 156.770um 410.570um 157.390um
 410.570um 156.770um 411.190um 157.390um
 411.190um 156.770um 411.700um 157.390um
 410.340um 129.670um 411.700um 156.770um
 410.340um 129.050um 410.570um 129.670um
 410.570um 129.050um 411.190um 129.670um
 411.190um 129.050um 411.700um 129.670um
 410.340um 128.540um 411.700um 129.050um
----------------------------------------
[INFO] COUNT: 330
[INFO] Should be divided by 3 or 4

