2026-02-09 03:16:27 +0100: Memory Usage (422080K) : Starting running IHP-SG13G2 KLayout DRC runset on /home/cmaier/EDA/PUDDING/librelane/runs/RUN_2026-02-09_03-13-23/57-magic-streamout/heichips25_pudding.gds
2026-02-09 03:16:27 +0100: Memory Usage (422080K) : Ruby Version for klayout: 3.3.10
2026-02-09 03:16:27 +0100: Memory Usage (426160K) : Loading database to memory is complete.
2026-02-09 03:16:27 +0100: Memory Usage (426160K) : IHP-SG13G2 KLayout DRC runset output at: /home/cmaier/EDA/PUDDING/librelane/runs/RUN_2026-02-09_03-13-23/64-klayout-drc/reports/drc.klayout.lyrdb
2026-02-09 03:16:27 +0100: Memory Usage (426160K) : Evaluate switches.
2026-02-09 03:16:27 +0100: Memory Usage (426160K) : tables selected: main
2026-02-09 03:16:27 +0100: Memory Usage (426160K) : KLayout will use 8 thread(s) in tiling mode.
2026-02-09 03:16:27 +0100: Memory Usage (426160K) : deep mode is enabled.
2026-02-09 03:16:27 +0100: Memory Usage (426160K) : FEOL enabled: true
2026-02-09 03:16:27 +0100: Memory Usage (426160K) : BEOL enabled: true
2026-02-09 03:16:27 +0100: Memory Usage (426160K) : OFFGRID enabled: true
2026-02-09 03:16:27 +0100: Memory Usage (426160K) : PIN enabled: true
2026-02-09 03:16:27 +0100: Memory Usage (426160K) : FORBIDDEN enabled: true
2026-02-09 03:16:27 +0100: Memory Usage (426160K) : RECOMMENDED enabled: false
2026-02-09 03:16:27 +0100: Memory Usage (426160K) : PreCheck DRC enabled: false
2026-02-09 03:16:27 +0100: Memory Usage (426160K) : CONNECTIVITY_RULES enabled: true.
2026-02-09 03:16:27 +0100: Memory Usage (426160K) : Read in polygons from layers.
2026-02-09 03:16:27 +0100: Memory Usage (428000K) : activ_drw has 32059 polygons
2026-02-09 03:16:27 +0100: Memory Usage (428256K) : activ_pin has 0 polygons
2026-02-09 03:16:27 +0100: Memory Usage (428256K) : activ_mask has 0 polygons
2026-02-09 03:16:27 +0100: Memory Usage (428384K) : activ_filler has 0 polygons
2026-02-09 03:16:27 +0100: Memory Usage (428384K) : activ_nofill has 0 polygons
2026-02-09 03:16:27 +0100: Memory Usage (428512K) : activ_opc has 0 polygons
2026-02-09 03:16:27 +0100: Memory Usage (428512K) : activ_iopc has 0 polygons
2026-02-09 03:16:27 +0100: Memory Usage (428640K) : activ_noqrc has 0 polygons
2026-02-09 03:16:27 +0100: Memory Usage (428896K) : biwind_drw has 0 polygons
2026-02-09 03:16:27 +0100: Memory Usage (428896K) : biwind_opc has 0 polygons
2026-02-09 03:16:27 +0100: Memory Usage (429024K) : pemwind_drw has 0 polygons
2026-02-09 03:16:27 +0100: Memory Usage (429024K) : gatpoly_drw has 23957 polygons
2026-02-09 03:16:27 +0100: Memory Usage (429024K) : gatpoly_pin has 0 polygons
2026-02-09 03:16:27 +0100: Memory Usage (429024K) : gatpoly_filler has 0 polygons
2026-02-09 03:16:27 +0100: Memory Usage (429024K) : gatpoly_nofill has 0 polygons
2026-02-09 03:16:27 +0100: Memory Usage (429024K) : gatpoly_opc has 0 polygons
2026-02-09 03:16:27 +0100: Memory Usage (429024K) : gatpoly_iopc has 0 polygons
2026-02-09 03:16:27 +0100: Memory Usage (429024K) : gatpoly_noqrc has 0 polygons
2026-02-09 03:16:27 +0100: Memory Usage (429024K) : cont_drw has 218610 polygons
2026-02-09 03:16:27 +0100: Memory Usage (429024K) : cont_opc has 0 polygons
2026-02-09 03:16:27 +0100: Memory Usage (429152K) : nsd_drw has 0 polygons
2026-02-09 03:16:27 +0100: Memory Usage (429152K) : nsd_block has 0 polygons
2026-02-09 03:16:27 +0100: Memory Usage (429280K) : metal1_drw has 37151 polygons
2026-02-09 03:16:27 +0100: Memory Usage (429408K) : metal1_pin has 17899 polygons
2026-02-09 03:16:27 +0100: Memory Usage (429408K) : metal1_mask has 0 polygons
2026-02-09 03:16:27 +0100: Memory Usage (429536K) : metal1_filler has 0 polygons
2026-02-09 03:16:27 +0100: Memory Usage (429664K) : metal1_nofill has 0 polygons
2026-02-09 03:16:27 +0100: Memory Usage (429664K) : metal1_slit has 0 polygons
2026-02-09 03:16:27 +0100: Memory Usage (429840K) : metal1_text has 17504 polygons
2026-02-09 03:16:27 +0100: Memory Usage (429968K) : metal1_opc has 0 polygons
2026-02-09 03:16:27 +0100: Memory Usage (429968K) : metal1_noqrc has 0 polygons
2026-02-09 03:16:27 +0100: Memory Usage (430096K) : metal1_res has 0 polygons
2026-02-09 03:16:27 +0100: Memory Usage (430224K) : metal1_iprobe has 0 polygons
2026-02-09 03:16:27 +0100: Memory Usage (430224K) : metal1_diffprb has 0 polygons
2026-02-09 03:16:27 +0100: Memory Usage (430352K) : passiv_drw has 0 polygons
2026-02-09 03:16:27 +0100: Memory Usage (430352K) : passiv_pin has 0 polygons
2026-02-09 03:16:27 +0100: Memory Usage (430480K) : passiv_sbump has 0 polygons
2026-02-09 03:16:27 +0100: Memory Usage (430480K) : passiv_pillar has 0 polygons
2026-02-09 03:16:27 +0100: Memory Usage (430608K) : passiv_pdl has 0 polygons
2026-02-09 03:16:27 +0100: Memory Usage (430736K) : metal2_drw has 11006 polygons
2026-02-09 03:16:27 +0100: Memory Usage (430864K) : metal2_pin has 3960 polygons
2026-02-09 03:16:27 +0100: Memory Usage (430992K) : metal2_mask has 0 polygons
2026-02-09 03:16:27 +0100: Memory Usage (430992K) : metal2_filler has 0 polygons
2026-02-09 03:16:27 +0100: Memory Usage (430992K) : metal2_nofill has 0 polygons
2026-02-09 03:16:27 +0100: Memory Usage (431120K) : metal2_slit has 0 polygons
2026-02-09 03:16:27 +0100: Memory Usage (431120K) : metal2_text has 4511 polygons
2026-02-09 03:16:27 +0100: Memory Usage (431376K) : metal2_opc has 0 polygons
2026-02-09 03:16:27 +0100: Memory Usage (431376K) : metal2_noqrc has 0 polygons
2026-02-09 03:16:27 +0100: Memory Usage (431504K) : metal2_res has 0 polygons
2026-02-09 03:16:27 +0100: Memory Usage (431504K) : metal2_iprobe has 0 polygons
2026-02-09 03:16:27 +0100: Memory Usage (431632K) : metal2_diffprb has 0 polygons
2026-02-09 03:16:27 +0100: Memory Usage (431760K) : baspoly_drw has 0 polygons
2026-02-09 03:16:27 +0100: Memory Usage (431760K) : baspoly_pin has 0 polygons
2026-02-09 03:16:27 +0100: Memory Usage (431888K) : psd_drw has 15376 polygons
2026-02-09 03:16:28 +0100: Memory Usage (431888K) : nldb_drw has 0 polygons
2026-02-09 03:16:28 +0100: Memory Usage (432016K) : digibnd_drw has 0 polygons
2026-02-09 03:16:28 +0100: Memory Usage (432144K) : via1_drw has 10399 polygons
2026-02-09 03:16:28 +0100: Memory Usage (432272K) : backmetal1_drw has 0 polygons
2026-02-09 03:16:28 +0100: Memory Usage (432272K) : backmetal1_pin has 0 polygons
2026-02-09 03:16:28 +0100: Memory Usage (432400K) : backmetal1_mask has 0 polygons
2026-02-09 03:16:28 +0100: Memory Usage (432400K) : backmetal1_filler has 0 polygons
2026-02-09 03:16:28 +0100: Memory Usage (432528K) : backmetal1_nofill has 0 polygons
2026-02-09 03:16:28 +0100: Memory Usage (432528K) : backmetal1_slit has 0 polygons
2026-02-09 03:16:28 +0100: Memory Usage (432656K) : backmetal1_text has 0 polygons
2026-02-09 03:16:28 +0100: Memory Usage (432656K) : backmetal1_opc has 0 polygons
2026-02-09 03:16:28 +0100: Memory Usage (432784K) : backmetal1_noqrc has 0 polygons
2026-02-09 03:16:28 +0100: Memory Usage (432784K) : backmetal1_res has 0 polygons
2026-02-09 03:16:28 +0100: Memory Usage (432912K) : backmetal1_iprobe has 0 polygons
2026-02-09 03:16:28 +0100: Memory Usage (432912K) : backmetal1_diffprb has 0 polygons
2026-02-09 03:16:28 +0100: Memory Usage (433040K) : backpassiv_drw has 0 polygons
2026-02-09 03:16:28 +0100: Memory Usage (433040K) : res_drw has 0 polygons
2026-02-09 03:16:28 +0100: Memory Usage (433168K) : sram_drw has 0 polygons
2026-02-09 03:16:28 +0100: Memory Usage (433168K) : trans_drw has 0 polygons
2026-02-09 03:16:28 +0100: Memory Usage (433296K) : ind_drw has 0 polygons
2026-02-09 03:16:28 +0100: Memory Usage (433296K) : ind_pin has 0 polygons
2026-02-09 03:16:28 +0100: Memory Usage (433424K) : ind_text has 0 polygons
2026-02-09 03:16:28 +0100: Memory Usage (433424K) : salblock_drw has 0 polygons
2026-02-09 03:16:28 +0100: Memory Usage (433552K) : via2_drw has 7523 polygons
2026-02-09 03:16:28 +0100: Memory Usage (433808K) : metal3_drw has 3824 polygons
2026-02-09 03:16:28 +0100: Memory Usage (433808K) : metal3_pin has 1135 polygons
2026-02-09 03:16:28 +0100: Memory Usage (433936K) : metal3_mask has 0 polygons
2026-02-09 03:16:28 +0100: Memory Usage (433936K) : metal3_filler has 0 polygons
2026-02-09 03:16:28 +0100: Memory Usage (434064K) : metal3_nofill has 0 polygons
2026-02-09 03:16:28 +0100: Memory Usage (434064K) : metal3_slit has 0 polygons
2026-02-09 03:16:28 +0100: Memory Usage (434192K) : metal3_text has 987 polygons
2026-02-09 03:16:28 +0100: Memory Usage (434192K) : metal3_opc has 0 polygons
2026-02-09 03:16:28 +0100: Memory Usage (434320K) : metal3_noqrc has 0 polygons
2026-02-09 03:16:28 +0100: Memory Usage (434448K) : metal3_res has 0 polygons
2026-02-09 03:16:28 +0100: Memory Usage (434448K) : metal3_iprobe has 0 polygons
2026-02-09 03:16:28 +0100: Memory Usage (434576K) : metal3_diffprb has 0 polygons
2026-02-09 03:16:28 +0100: Memory Usage (434576K) : nwell_drw has 8221 polygons
2026-02-09 03:16:28 +0100: Memory Usage (434704K) : nwell_pin has 0 polygons
2026-02-09 03:16:28 +0100: Memory Usage (434704K) : nbulay_drw has 0 polygons
2026-02-09 03:16:28 +0100: Memory Usage (434832K) : nbulay_pin has 0 polygons
2026-02-09 03:16:28 +0100: Memory Usage (434832K) : nbulay_block has 0 polygons
2026-02-09 03:16:28 +0100: Memory Usage (434960K) : emwind_drw has 0 polygons
2026-02-09 03:16:28 +0100: Memory Usage (434960K) : emwind_opc has 0 polygons
2026-02-09 03:16:28 +0100: Memory Usage (435088K) : deepco_drw has 0 polygons
2026-02-09 03:16:28 +0100: Memory Usage (435088K) : deepco_drw has 0 polygons
2026-02-09 03:16:28 +0100: Memory Usage (435216K) : mim_drw has 0 polygons
2026-02-09 03:16:28 +0100: Memory Usage (435216K) : edgeseal_drw has 0 polygons
2026-02-09 03:16:28 +0100: Memory Usage (435344K) : edgeseal_bound has 0 polygons
2026-02-09 03:16:28 +0100: Memory Usage (435344K) : substrate_drw has 0 polygons
2026-02-09 03:16:28 +0100: Memory Usage (435472K) : substrate_text has 0 polygons
2026-02-09 03:16:28 +0100: Memory Usage (435472K) : dfpad_drw has 0 polygons
2026-02-09 03:16:28 +0100: Memory Usage (435600K) : dfpad_pillar has 0 polygons
2026-02-09 03:16:28 +0100: Memory Usage (435600K) : dfpad_sbump has 0 polygons
2026-02-09 03:16:28 +0100: Memory Usage (435728K) : thickgateox_drw has 0 polygons
2026-02-09 03:16:28 +0100: Memory Usage (435728K) : pldb_drw has 0 polygons
2026-02-09 03:16:28 +0100: Memory Usage (435856K) : pwell_drw has 0 polygons
2026-02-09 03:16:28 +0100: Memory Usage (435856K) : pwell_pin has 0 polygons
2026-02-09 03:16:28 +0100: Memory Usage (435984K) : pwell_block has 0 polygons
2026-02-09 03:16:28 +0100: Memory Usage (435984K) : ic_drw has 0 polygons
2026-02-09 03:16:28 +0100: Memory Usage (436240K) : via3_drw has 7209 polygons
2026-02-09 03:16:28 +0100: Memory Usage (436368K) : metal4_drw has 1184 polygons
2026-02-09 03:16:28 +0100: Memory Usage (436368K) : metal4_pin has 0 polygons
2026-02-09 03:16:28 +0100: Memory Usage (436496K) : metal4_mask has 0 polygons
2026-02-09 03:16:28 +0100: Memory Usage (436496K) : metal4_filler has 0 polygons
2026-02-09 03:16:28 +0100: Memory Usage (436624K) : metal4_nofill has 0 polygons
2026-02-09 03:16:28 +0100: Memory Usage (436624K) : metal4_slit has 0 polygons
2026-02-09 03:16:28 +0100: Memory Usage (436752K) : metal4_text has 1 polygons
2026-02-09 03:16:28 +0100: Memory Usage (436752K) : metal4_opc has 0 polygons
2026-02-09 03:16:28 +0100: Memory Usage (436880K) : metal4_noqrc has 0 polygons
2026-02-09 03:16:28 +0100: Memory Usage (436880K) : metal4_res has 0 polygons
2026-02-09 03:16:28 +0100: Memory Usage (437008K) : metal4_iprobe has 0 polygons
2026-02-09 03:16:28 +0100: Memory Usage (437008K) : metal4_diffprb has 0 polygons
2026-02-09 03:16:28 +0100: Memory Usage (437136K) : heattrans_drw has 0 polygons
2026-02-09 03:16:28 +0100: Memory Usage (437136K) : heatres_drw has 0 polygons
2026-02-09 03:16:28 +0100: Memory Usage (437136K) : pempoly_drw has 0 polygons
2026-02-09 03:16:28 +0100: Memory Usage (437136K) : fbe_drw has 0 polygons
2026-02-09 03:16:28 +0100: Memory Usage (437136K) : empoly_drw has 0 polygons
2026-02-09 03:16:28 +0100: Memory Usage (437136K) : ldmos_drw has 0 polygons
2026-02-09 03:16:28 +0100: Memory Usage (437136K) : pbiwind_drw has 0 polygons
2026-02-09 03:16:28 +0100: Memory Usage (437136K) : digisub_drw has 0 polygons
2026-02-09 03:16:28 +0100: Memory Usage (437136K) : nodrc_drw has 0 polygons
2026-02-09 03:16:28 +0100: Memory Usage (437136K) : text_drw has 0 polygons
2026-02-09 03:16:28 +0100: Memory Usage (437136K) : via4_drw has 9282 polygons
2026-02-09 03:16:28 +0100: Memory Usage (437136K) : metal5_drw has 1132 polygons
2026-02-09 03:16:28 +0100: Memory Usage (437136K) : metal5_pin has 4 polygons
2026-02-09 03:16:28 +0100: Memory Usage (437136K) : metal5_mask has 0 polygons
2026-02-09 03:16:28 +0100: Memory Usage (437136K) : metal5_filler has 0 polygons
2026-02-09 03:16:28 +0100: Memory Usage (437136K) : metal5_nofill has 0 polygons
2026-02-09 03:16:28 +0100: Memory Usage (437136K) : metal5_slit has 0 polygons
2026-02-09 03:16:28 +0100: Memory Usage (437136K) : metal5_text has 6 polygons
2026-02-09 03:16:28 +0100: Memory Usage (437136K) : metal5_opc has 0 polygons
2026-02-09 03:16:28 +0100: Memory Usage (437136K) : metal5_noqrc has 0 polygons
2026-02-09 03:16:28 +0100: Memory Usage (437136K) : metal5_res has 0 polygons
2026-02-09 03:16:28 +0100: Memory Usage (437136K) : metal5_iprobe has 0 polygons
2026-02-09 03:16:28 +0100: Memory Usage (437136K) : metal5_diffprb has 0 polygons
2026-02-09 03:16:28 +0100: Memory Usage (437136K) : radhard_drw has 0 polygons
2026-02-09 03:16:28 +0100: Memory Usage (437136K) : memcap_drw has 0 polygons
2026-02-09 03:16:28 +0100: Memory Usage (437136K) : varicap_drw has 0 polygons
2026-02-09 03:16:28 +0100: Memory Usage (437136K) : flash_drw has 0 polygons
2026-02-09 03:16:28 +0100: Memory Usage (437136K) : intbondvia_drw has 0 polygons
2026-02-09 03:16:28 +0100: Memory Usage (437136K) : intbondmet_drw has 0 polygons
2026-02-09 03:16:28 +0100: Memory Usage (437136K) : devbondvia_drw has 0 polygons
2026-02-09 03:16:28 +0100: Memory Usage (437136K) : devbondmet_drw has 0 polygons
2026-02-09 03:16:28 +0100: Memory Usage (437136K) : devtrench_drw has 0 polygons
2026-02-09 03:16:28 +0100: Memory Usage (437136K) : redist_drw has 0 polygons
2026-02-09 03:16:28 +0100: Memory Usage (437136K) : graphbot_drw has 0 polygons
2026-02-09 03:16:28 +0100: Memory Usage (437136K) : graphtop_drw has 0 polygons
2026-02-09 03:16:28 +0100: Memory Usage (437136K) : antvia1_drw has 0 polygons
2026-02-09 03:16:28 +0100: Memory Usage (437136K) : antmetal2_drw has 0 polygons
2026-02-09 03:16:28 +0100: Memory Usage (437136K) : graphcont_drw has 0 polygons
2026-02-09 03:16:28 +0100: Memory Usage (437136K) : siwg_drw has 0 polygons
2026-02-09 03:16:28 +0100: Memory Usage (437136K) : siwg_filler has 0 polygons
2026-02-09 03:16:28 +0100: Memory Usage (437136K) : siwg_nofill has 0 polygons
2026-02-09 03:16:28 +0100: Memory Usage (437136K) : sigrating_drw has 0 polygons
2026-02-09 03:16:28 +0100: Memory Usage (437136K) : singrating_drw has 0 polygons
2026-02-09 03:16:28 +0100: Memory Usage (437136K) : graphpas_drw has 0 polygons
2026-02-09 03:16:28 +0100: Memory Usage (437136K) : emwind3_drw has 0 polygons
2026-02-09 03:16:28 +0100: Memory Usage (437136K) : emwihv3_drw has 0 polygons
2026-02-09 03:16:28 +0100: Memory Usage (437136K) : redbulay_drw has 0 polygons
2026-02-09 03:16:28 +0100: Memory Usage (437136K) : smos_drw has 0 polygons
2026-02-09 03:16:28 +0100: Memory Usage (437136K) : graphpad_drw has 0 polygons
2026-02-09 03:16:28 +0100: Memory Usage (437136K) : polimide_drw has 0 polygons
2026-02-09 03:16:28 +0100: Memory Usage (437136K) : polimide_pin has 0 polygons
2026-02-09 03:16:28 +0100: Memory Usage (437136K) : recog_drw has 0 polygons
2026-02-09 03:16:28 +0100: Memory Usage (437136K) : recog_pin has 0 polygons
2026-02-09 03:16:28 +0100: Memory Usage (437136K) : recog_esd has 0 polygons
2026-02-09 03:16:28 +0100: Memory Usage (437136K) : recog_diode has 0 polygons
2026-02-09 03:16:28 +0100: Memory Usage (437136K) : recog_tsv has 0 polygons
2026-02-09 03:16:28 +0100: Memory Usage (437136K) : recog_iprobe has 0 polygons
2026-02-09 03:16:28 +0100: Memory Usage (437136K) : recog_diffprb has 0 polygons
2026-02-09 03:16:28 +0100: Memory Usage (437136K) : recog_pillar has 0 polygons
2026-02-09 03:16:28 +0100: Memory Usage (437136K) : recog_sbump has 0 polygons
2026-02-09 03:16:28 +0100: Memory Usage (437136K) : recog_otp has 0 polygons
2026-02-09 03:16:28 +0100: Memory Usage (437136K) : recog_pdiode has 0 polygons
2026-02-09 03:16:28 +0100: Memory Usage (437136K) : recog_mom has 0 polygons
2026-02-09 03:16:28 +0100: Memory Usage (437136K) : recog_pcm has 0 polygons
2026-02-09 03:16:28 +0100: Memory Usage (437136K) : colopen_drw has 0 polygons
2026-02-09 03:16:28 +0100: Memory Usage (437136K) : graphmetal1_drw has 0 polygons
2026-02-09 03:16:28 +0100: Memory Usage (437136K) : graphmetal1_filler has 0 polygons
2026-02-09 03:16:28 +0100: Memory Usage (437136K) : graphmetal1_nofill has 0 polygons
2026-02-09 03:16:28 +0100: Memory Usage (437136K) : graphmetal1_slit has 0 polygons
2026-02-09 03:16:28 +0100: Memory Usage (437136K) : graphmetal1_opc has 0 polygons
2026-02-09 03:16:28 +0100: Memory Usage (437136K) : graphmet1l_drw has 0 polygons
2026-02-09 03:16:28 +0100: Memory Usage (437136K) : graphmet1l_filler has 0 polygons
2026-02-09 03:16:28 +0100: Memory Usage (437136K) : graphmet1l_nofill has 0 polygons
2026-02-09 03:16:28 +0100: Memory Usage (437136K) : graphmet1l_slit has 0 polygons
2026-02-09 03:16:28 +0100: Memory Usage (437136K) : graphmet1l_opc has 0 polygons
2026-02-09 03:16:28 +0100: Memory Usage (437136K) : extblock_drw has 0 polygons
2026-02-09 03:16:28 +0100: Memory Usage (437136K) : nldd_drw has 0 polygons
2026-02-09 03:16:28 +0100: Memory Usage (437136K) : pldd_drw has 0 polygons
2026-02-09 03:16:28 +0100: Memory Usage (437136K) : next_drw has 0 polygons
2026-02-09 03:16:28 +0100: Memory Usage (437136K) : pext_drw has 0 polygons
2026-02-09 03:16:28 +0100: Memory Usage (437136K) : nexthv_drw has 0 polygons
2026-02-09 03:16:28 +0100: Memory Usage (437136K) : pexthv_drw has 0 polygons
2026-02-09 03:16:28 +0100: Memory Usage (437136K) : graphgate_drw has 0 polygons
2026-02-09 03:16:28 +0100: Memory Usage (437136K) : sinwg_drw has 0 polygons
2026-02-09 03:16:28 +0100: Memory Usage (437136K) : sinwg_filler has 0 polygons
2026-02-09 03:16:28 +0100: Memory Usage (437136K) : sinwg_nofill has 0 polygons
2026-02-09 03:16:28 +0100: Memory Usage (437136K) : mempad_drw has 0 polygons
2026-02-09 03:16:28 +0100: Memory Usage (437136K) : topvia1_drw has 2796 polygons
2026-02-09 03:16:28 +0100: Memory Usage (437136K) : topmetal1_drw has 55 polygons
2026-02-09 03:16:28 +0100: Memory Usage (437136K) : topmetal1_pin has 49 polygons
2026-02-09 03:16:28 +0100: Memory Usage (437136K) : topmetal1_mask has 0 polygons
2026-02-09 03:16:28 +0100: Memory Usage (437136K) : topmetal1_filler has 0 polygons
2026-02-09 03:16:28 +0100: Memory Usage (437136K) : topmetal1_nofill has 0 polygons
2026-02-09 03:16:28 +0100: Memory Usage (437136K) : topmetal1_slit has 0 polygons
2026-02-09 03:16:28 +0100: Memory Usage (437136K) : topmetal1_text has 50 polygons
2026-02-09 03:16:28 +0100: Memory Usage (437136K) : topmetal1_noqrc has 0 polygons
2026-02-09 03:16:28 +0100: Memory Usage (437136K) : topmetal1_res has 0 polygons
2026-02-09 03:16:28 +0100: Memory Usage (437136K) : topmetal1_iprobe has 0 polygons
2026-02-09 03:16:28 +0100: Memory Usage (437136K) : topmetal1_diffprb has 0 polygons
2026-02-09 03:16:28 +0100: Memory Usage (437136K) : inldpwl_drw has 0 polygons
2026-02-09 03:16:28 +0100: Memory Usage (437136K) : polyres_drw has 0 polygons
2026-02-09 03:16:28 +0100: Memory Usage (437136K) : polyres_pin has 0 polygons
2026-02-09 03:16:28 +0100: Memory Usage (437136K) : vmim_drw has 0 polygons
2026-02-09 03:16:28 +0100: Memory Usage (437136K) : nbulaycut_drw has 0 polygons
2026-02-09 03:16:28 +0100: Memory Usage (437136K) : antmetal1_drw has 0 polygons
2026-02-09 03:16:28 +0100: Memory Usage (437136K) : topvia2_drw has 441 polygons
2026-02-09 03:16:28 +0100: Memory Usage (437136K) : topmetal2_drw has 18 polygons
2026-02-09 03:16:28 +0100: Memory Usage (437136K) : topmetal2_pin has 18 polygons
2026-02-09 03:16:28 +0100: Memory Usage (437136K) : topmetal2_mask has 0 polygons
2026-02-09 03:16:28 +0100: Memory Usage (437136K) : topmetal2_filler has 0 polygons
2026-02-09 03:16:28 +0100: Memory Usage (437136K) : topmetal2_nofill has 0 polygons
2026-02-09 03:16:28 +0100: Memory Usage (437136K) : topmetal2_slit has 0 polygons
2026-02-09 03:16:28 +0100: Memory Usage (437136K) : topmetal2_text has 20 polygons
2026-02-09 03:16:28 +0100: Memory Usage (437136K) : topmetal2_noqrc has 0 polygons
2026-02-09 03:16:28 +0100: Memory Usage (437136K) : topmetal2_res has 0 polygons
2026-02-09 03:16:28 +0100: Memory Usage (437136K) : topmetal2_iprobe has 0 polygons
2026-02-09 03:16:28 +0100: Memory Usage (437136K) : topmetal2_diffprb has 0 polygons
2026-02-09 03:16:28 +0100: Memory Usage (437136K) : snsring_drw has 0 polygons
2026-02-09 03:16:28 +0100: Memory Usage (437136K) : sensor_drw has 0 polygons
2026-02-09 03:16:28 +0100: Memory Usage (437136K) : snsarms_drw has 0 polygons
2026-02-09 03:16:28 +0100: Memory Usage (437136K) : snscmosvia_drw has 0 polygons
2026-02-09 03:16:28 +0100: Memory Usage (437264K) : colwind_drw has 0 polygons
2026-02-09 03:16:28 +0100: Memory Usage (437264K) : flm_drw has 0 polygons
2026-02-09 03:16:28 +0100: Memory Usage (437392K) : hafniumox_drw has 0 polygons
2026-02-09 03:16:28 +0100: Memory Usage (437392K) : memvia_drw has 0 polygons
2026-02-09 03:16:28 +0100: Memory Usage (437520K) : thinfilmres_drw has 0 polygons
2026-02-09 03:16:28 +0100: Memory Usage (437520K) : rfmem_drw has 0 polygons
2026-02-09 03:16:28 +0100: Memory Usage (437648K) : norcx_drw has 0 polygons
2026-02-09 03:16:28 +0100: Memory Usage (437648K) : norcx_m2m3 has 0 polygons
2026-02-09 03:16:28 +0100: Memory Usage (437776K) : norcx_m2m4 has 0 polygons
2026-02-09 03:16:28 +0100: Memory Usage (437776K) : norcx_m2m5 has 0 polygons
2026-02-09 03:16:28 +0100: Memory Usage (437904K) : norcx_m2tm1 has 0 polygons
2026-02-09 03:16:28 +0100: Memory Usage (437904K) : norcx_m2tm2 has 0 polygons
2026-02-09 03:16:28 +0100: Memory Usage (438032K) : norcx_m3m4 has 0 polygons
2026-02-09 03:16:28 +0100: Memory Usage (438032K) : norcx_m3m5 has 0 polygons
2026-02-09 03:16:28 +0100: Memory Usage (438160K) : norcx_m3tm1 has 0 polygons
2026-02-09 03:16:28 +0100: Memory Usage (438160K) : norcx_m3tm2 has 0 polygons
2026-02-09 03:16:28 +0100: Memory Usage (438288K) : norcx_m4m5 has 0 polygons
2026-02-09 03:16:28 +0100: Memory Usage (438288K) : norcx_m4tm1 has 0 polygons
2026-02-09 03:16:28 +0100: Memory Usage (438416K) : norcx_m4tm2 has 0 polygons
2026-02-09 03:16:28 +0100: Memory Usage (438416K) : norcx_m5tm1 has 0 polygons
2026-02-09 03:16:28 +0100: Memory Usage (438544K) : norcx_m5tm2 has 0 polygons
2026-02-09 03:16:28 +0100: Memory Usage (438544K) : norcx_tm1tm2 has 0 polygons
2026-02-09 03:16:28 +0100: Memory Usage (438672K) : norcx_m1sub has 0 polygons
2026-02-09 03:16:28 +0100: Memory Usage (438672K) : norcx_m2sub has 0 polygons
2026-02-09 03:16:28 +0100: Memory Usage (438800K) : norcx_m3sub has 0 polygons
2026-02-09 03:16:28 +0100: Memory Usage (438800K) : norcx_m4sub has 0 polygons
2026-02-09 03:16:28 +0100: Memory Usage (438928K) : norcx_m5sub has 0 polygons
2026-02-09 03:16:28 +0100: Memory Usage (438928K) : norcx_tm1sub has 0 polygons
2026-02-09 03:16:28 +0100: Memory Usage (439056K) : norcx_tm2sub has 0 polygons
2026-02-09 03:16:28 +0100: Memory Usage (439056K) : snsbotvia_drw has 0 polygons
2026-02-09 03:16:28 +0100: Memory Usage (439184K) : snstopvia_drw has 0 polygons
2026-02-09 03:16:28 +0100: Memory Usage (439184K) : deepvia_drw has 0 polygons
2026-02-09 03:16:28 +0100: Memory Usage (439312K) : fgetch_drw has 0 polygons
2026-02-09 03:16:28 +0100: Memory Usage (439312K) : ctrgat_drw has 0 polygons
2026-02-09 03:16:28 +0100: Memory Usage (439440K) : fgimp_drw has 0 polygons
2026-02-09 03:16:28 +0100: Memory Usage (439440K) : emwihv_drw has 0 polygons
2026-02-09 03:16:28 +0100: Memory Usage (439568K) : lbe_drw has 0 polygons
2026-02-09 03:16:28 +0100: Memory Usage (439568K) : alcustop_drw has 0 polygons
2026-02-09 03:16:28 +0100: Memory Usage (439696K) : nometfiller_drw has 0 polygons
2026-02-09 03:16:28 +0100: Memory Usage (439696K) : prboundary_drw has 0 polygons
2026-02-09 03:16:28 +0100: Memory Usage (439824K) : exchange0_drw has 0 polygons
2026-02-09 03:16:28 +0100: Memory Usage (439824K) : exchange0_pin has 0 polygons
2026-02-09 03:16:28 +0100: Memory Usage (439952K) : exchange0_text has 0 polygons
2026-02-09 03:16:28 +0100: Memory Usage (439952K) : exchange1_drw has 0 polygons
2026-02-09 03:16:28 +0100: Memory Usage (440080K) : exchange1_pin has 0 polygons
2026-02-09 03:16:28 +0100: Memory Usage (440080K) : exchange1_text has 0 polygons
2026-02-09 03:16:28 +0100: Memory Usage (440208K) : exchange2_drw has 0 polygons
2026-02-09 03:16:28 +0100: Memory Usage (440208K) : exchange2_pin has 0 polygons
2026-02-09 03:16:28 +0100: Memory Usage (440208K) : exchange2_text has 0 polygons
2026-02-09 03:16:28 +0100: Memory Usage (440336K) : exchange3_drw has 0 polygons
2026-02-09 03:16:28 +0100: Memory Usage (440336K) : exchange3_pin has 0 polygons
2026-02-09 03:16:28 +0100: Memory Usage (440464K) : exchange3_text has 0 polygons
2026-02-09 03:16:28 +0100: Memory Usage (440464K) : exchange4_drw has 0 polygons
2026-02-09 03:16:28 +0100: Memory Usage (440592K) : exchange4_pin has 0 polygons
2026-02-09 03:16:28 +0100: Memory Usage (440592K) : exchange4_text has 0 polygons
2026-02-09 03:16:28 +0100: Memory Usage (440720K) : isonwell_drw has 0 polygons
2026-02-09 03:16:28 +0100: Memory Usage (440720K) : Total no. of polygons in the design is 436387
2026-02-09 03:16:28 +0100: Memory Usage (440720K) : Loaded TECH DRC rules values from /home/cmaier/.ciel/ciel/ihp-sg13g2/versions/c4b8b4e5e7a05f375cca3815d51b3a37721fbf5c/ihp-sg13g2/libs.tech/klayout/python/sg13g2_pycell_lib/sg13g2_tech_mod.json
2026-02-09 03:16:28 +0100: Memory Usage (440720K) : Loaded default DRC rules values from /home/cmaier/.ciel/ciel/ihp-sg13g2/versions/c4b8b4e5e7a05f375cca3815d51b3a37721fbf5c/ihp-sg13g2/libs.tech/klayout/tech/drc/rule_decks/sg13g2_tech_default.json
2026-02-09 03:16:28 +0100: Memory Usage (440720K) : The following rules values were missing in tech json and default values were used:
2026-02-09 03:16:28 +0100: Memory Usage (440720K) :   - Cnt_c_digibnd
2026-02-09 03:16:28 +0100: Memory Usage (441744K) : Total area of the design is 100000.0 um^2.
2026-02-09 03:16:28 +0100: Memory Usage (441744K) : The design dimensions are 500.0 µm * 200.0 µm.
2026-02-09 03:16:28 +0100: Memory Usage (441744K) : Starting general IHP-SG13G2 derivations.
2026-02-09 03:16:28 +0100: Memory Usage (441744K) : Starting Pwell derivations
2026-02-09 03:16:28 +0100: Memory Usage (448940K) : Starting n-Activ derivations
2026-02-09 03:16:29 +0100: Memory Usage (453676K) : Starting p-Activ derivations
2026-02-09 03:16:29 +0100: Memory Usage (458412K) : Starting ptap derivations
2026-02-09 03:16:29 +0100: Memory Usage (463276K) : Starting ntap derivations
2026-02-09 03:16:29 +0100: Memory Usage (467756K) : Starting pact FET derivations
2026-02-09 03:16:29 +0100: Memory Usage (470828K) : Starting nact FET derivations
2026-02-09 03:16:29 +0100: Memory Usage (475308K) : Starting Gate derivations
2026-02-09 03:16:29 +0100: Memory Usage (475308K) : Starting cont/contbar general derivations
2026-02-09 03:16:30 +0100: Memory Usage (489900K) : Starting pad general derivations
2026-02-09 03:16:30 +0100: Memory Usage (489900K) : Starting IHP-SG13G2 DRC connectivity related derivations.
2026-02-09 03:16:30 +0100: Memory Usage (489900K) : Starting IHP-SG13G2 DRC connectivity setup
2026-02-09 03:16:32 +0100: Memory Usage (490160K) : Starting IHP-SG13G2 DRC rules.
2026-02-09 03:16:32 +0100: Memory Usage (490160K) : Running all FEOL rules
2026-02-09 03:16:32 +0100: Memory Usage (490160K) : Running all BEOL rules
2026-02-09 03:16:32 +0100: Memory Usage (490160K) : Running all PIN rules
2026-02-09 03:16:32 +0100: Memory Usage (490160K) : Running all FORBIDDEN rules
2026-02-09 03:16:32 +0100: Memory Usage (490160K) : Starting 5.1 NWell table
2026-02-09 03:16:32 +0100: Memory Usage (490160K) : Executing rule NW.b
2026-02-09 03:16:32 +0100: Memory Usage (494376K) : Executing rule NW.b1
2026-02-09 03:16:32 +0100: Memory Usage (494376K) : Starting 5.2 PWell:block
2026-02-09 03:16:32 +0100: Memory Usage (494376K) : Executing rule PWB.e
2026-02-09 03:16:32 +0100: Memory Usage (494376K) : Executing rule PWB.e1
2026-02-09 03:16:32 +0100: Memory Usage (494376K) : Executing rule PWB.f
2026-02-09 03:16:32 +0100: Memory Usage (494376K) : Executing rule PWB.f1
2026-02-09 03:16:32 +0100: Memory Usage (494376K) : Starting 5.3 nBuLay table
2026-02-09 03:16:33 +0100: Memory Usage (495656K) : Executing rule NBL.b
2026-02-09 03:16:33 +0100: Memory Usage (495656K) : Executing rule NBL.c
2026-02-09 03:16:33 +0100: Memory Usage (495656K) : Executing rule NBL.d
2026-02-09 03:16:33 +0100: Memory Usage (496168K) : Executing rule NBL.e
2026-02-09 03:16:33 +0100: Memory Usage (496936K) : Executing rule NBL.f
2026-02-09 03:16:33 +0100: Memory Usage (496936K) : Starting 5.5. Activ table
2026-02-09 03:16:33 +0100: Memory Usage (496936K) : Executing rule Act.a
2026-02-09 03:16:33 +0100: Memory Usage (496936K) : Executing rule Act.b
2026-02-09 03:16:33 +0100: Memory Usage (500340K) : Starting 5.6 Activ:filler table
2026-02-09 03:16:33 +0100: Memory Usage (500340K) : Executing rule AFil.c1
2026-02-09 03:16:33 +0100: Memory Usage (500340K) : Executing rule AFil.c
2026-02-09 03:16:33 +0100: Memory Usage (500340K) : Executing rule AFil.d
2026-02-09 03:16:33 +0100: Memory Usage (500340K) : Executing rule AFil.e
2026-02-09 03:16:33 +0100: Memory Usage (500340K) : Executing rule AFil.j
2026-02-09 03:16:33 +0100: Memory Usage (500340K) : Starting 5.7. ThickGateOx table
2026-02-09 03:16:33 +0100: Memory Usage (500340K) : Executing rule TGO.f
2026-02-09 03:16:33 +0100: Memory Usage (500340K) : Starting 5.8. GatPoly table
2026-02-09 03:16:33 +0100: Memory Usage (500340K) : Executing rule Gat.a
2026-02-09 03:16:33 +0100: Memory Usage (500340K) : Executing rule Gat.b
2026-02-09 03:16:33 +0100: Memory Usage (502260K) : Executing rule Gat.d
2026-02-09 03:16:33 +0100: Memory Usage (502260K) : Executing rule Gat.a1
2026-02-09 03:16:34 +0100: Memory Usage (502728K) : Executing rule Gat.a2
2026-02-09 03:16:34 +0100: Memory Usage (504904K) : Executing rule Gat.g
2026-02-09 03:16:34 +0100: Memory Usage (505032K) : Starting 5.9 GatPoly:filler
2026-02-09 03:16:34 +0100: Memory Usage (505032K) : Executing rule GFil.d
2026-02-09 03:16:34 +0100: Memory Usage (505032K) : Executing rule GFil.e
2026-02-09 03:16:34 +0100: Memory Usage (505032K) : Executing rule GFil.i
2026-02-09 03:16:34 +0100: Memory Usage (505032K) : Starting 5.10 pSD table
2026-02-09 03:16:34 +0100: Memory Usage (505032K) : Executing rule pSD.c1
2026-02-09 03:16:34 +0100: Memory Usage (509128K) : Starting 5.14. Cont table
2026-02-09 03:16:34 +0100: Memory Usage (509128K) : Executing rule Cnt.a
2026-02-09 03:16:35 +0100: Memory Usage (520264K) : Executing rule Cnt.b
2026-02-09 03:16:35 +0100: Memory Usage (520136K) : Executing rule Cnt.c
2026-02-09 03:16:37 +0100: Memory Usage (527944K) : Executing rule Cnt.c
2026-02-09 03:16:37 +0100: Memory Usage (527944K) : Executing rule Cnt.d
2026-02-09 03:16:37 +0100: Memory Usage (527944K) : Executing rule Cnt.e
2026-02-09 03:16:37 +0100: Memory Usage (527944K) : Executing rule Cnt.g1
2026-02-09 03:16:38 +0100: Memory Usage (527944K) : Executing rule Cnt.g2
2026-02-09 03:16:39 +0100: Memory Usage (533064K) : Starting 5.15. ContBar table
2026-02-09 03:16:39 +0100: Memory Usage (533064K) : Executing rule CntB.b1
2026-02-09 03:16:39 +0100: Memory Usage (533064K) : Executing rule CntB.h1
2026-02-09 03:16:39 +0100: Memory Usage (533064K) : Starting 6.1.3 NPN Substrate-Tie table
2026-02-09 03:16:39 +0100: Memory Usage (533064K) : Executing rule npn13G2.bR 
2026-02-09 03:16:39 +0100: Memory Usage (533064K) : Executing rule npn13G2L.cR 
2026-02-09 03:16:39 +0100: Memory Usage (533064K) : Executing rule npn13G2V.cR 
2026-02-09 03:16:39 +0100: Memory Usage (533064K) : Starting 6.7 Schottky diode table
2026-02-09 03:16:39 +0100: Memory Usage (533064K) : Executing rule Sdiod.d
2026-02-09 03:16:39 +0100: Memory Usage (533064K) : Executing rule Sdiod.e
2026-02-09 03:16:39 +0100: Memory Usage (533064K) : Starting 7.2 Latch-up table
2026-02-09 03:16:39 +0100: Memory Usage (533064K) : Executing rule LU.b
2026-02-09 03:16:40 +0100: Memory Usage (534344K) : Starting 5.16. Metal1 table
2026-02-09 03:16:40 +0100: Memory Usage (534344K) : Executing rule M1.a
2026-02-09 03:16:40 +0100: Memory Usage (534344K) : Executing rule M1.b
2026-02-09 03:16:43 +0100: Memory Usage (531712K) : Executing rule M1.e
2026-02-09 03:16:47 +0100: Memory Usage (532224K) : Executing rule M1.f
2026-02-09 03:16:48 +0100: Memory Usage (532352K) : Executing rule M1.g
2026-02-09 03:16:48 +0100: Memory Usage (536084K) : Executing rule M1.i
2026-02-09 03:16:48 +0100: Memory Usage (556052K) : Starting 5.17 Metaln table
2026-02-09 03:16:48 +0100: Memory Usage (556052K) : Executing rule M2.a
2026-02-09 03:16:48 +0100: Memory Usage (556052K) : Executing rule M2.b
2026-02-09 03:16:48 +0100: Memory Usage (556052K) : Executing rule M2.e
2026-02-09 03:16:48 +0100: Memory Usage (556052K) : Executing rule M2.f
2026-02-09 03:16:49 +0100: Memory Usage (556052K) : Executing rule M2.g
2026-02-09 03:16:49 +0100: Memory Usage (542904K) : Executing rule M2.i
2026-02-09 03:16:49 +0100: Memory Usage (543032K) : Executing rule M3.a
2026-02-09 03:16:49 +0100: Memory Usage (543032K) : Executing rule M3.b
2026-02-09 03:16:49 +0100: Memory Usage (543032K) : Executing rule M3.e
2026-02-09 03:16:49 +0100: Memory Usage (543160K) : Executing rule M3.f
2026-02-09 03:16:49 +0100: Memory Usage (543160K) : Executing rule M3.g
2026-02-09 03:16:49 +0100: Memory Usage (543160K) : Executing rule M3.i
2026-02-09 03:16:49 +0100: Memory Usage (543160K) : Executing rule M4.a
2026-02-09 03:16:49 +0100: Memory Usage (543160K) : Executing rule M4.b
2026-02-09 03:16:49 +0100: Memory Usage (543288K) : Executing rule M4.e
2026-02-09 03:16:49 +0100: Memory Usage (543288K) : Executing rule M4.f
2026-02-09 03:16:49 +0100: Memory Usage (543288K) : Executing rule M4.g
2026-02-09 03:16:49 +0100: Memory Usage (543288K) : Executing rule M4.i
2026-02-09 03:16:49 +0100: Memory Usage (543288K) : Executing rule M5.a
2026-02-09 03:16:49 +0100: Memory Usage (543288K) : Executing rule M5.b
2026-02-09 03:16:49 +0100: Memory Usage (543288K) : Executing rule M5.e
2026-02-09 03:16:49 +0100: Memory Usage (543288K) : Executing rule M5.f
2026-02-09 03:16:49 +0100: Memory Usage (543288K) : Executing rule M5.g
2026-02-09 03:16:49 +0100: Memory Usage (543288K) : Executing rule M5.i
2026-02-09 03:16:49 +0100: Memory Usage (543288K) : Starting 5.18 Metaln:filler table
2026-02-09 03:16:49 +0100: Memory Usage (543288K) : Executing rule M1Fil.c
2026-02-09 03:16:49 +0100: Memory Usage (543288K) : Executing rule M1Fil.a2
2026-02-09 03:16:49 +0100: Memory Usage (543288K) : Executing rule M2Fil.c
2026-02-09 03:16:49 +0100: Memory Usage (543288K) : Executing rule M2Fil.a2
2026-02-09 03:16:49 +0100: Memory Usage (543288K) : Executing rule M3Fil.c
2026-02-09 03:16:49 +0100: Memory Usage (543288K) : Executing rule M3Fil.a2
2026-02-09 03:16:49 +0100: Memory Usage (543288K) : Executing rule M4Fil.c
2026-02-09 03:16:49 +0100: Memory Usage (543288K) : Executing rule M4Fil.a2
2026-02-09 03:16:49 +0100: Memory Usage (543288K) : Executing rule M5Fil.c
2026-02-09 03:16:49 +0100: Memory Usage (543288K) : Executing rule M5Fil.a2
2026-02-09 03:16:49 +0100: Memory Usage (543288K) : Starting 5.19. Via1 table
2026-02-09 03:16:49 +0100: Memory Usage (543288K) : Starting 5.19. Via1 table derivations
2026-02-09 03:16:49 +0100: Memory Usage (543288K) : Executing rule V1.a
2026-02-09 03:16:49 +0100: Memory Usage (543288K) : Executing rule V1.b
2026-02-09 03:16:49 +0100: Memory Usage (543924K) : Executing rule V1.c
2026-02-09 03:16:50 +0100: Memory Usage (545460K) : Starting 5.20. Vian table
2026-02-09 03:16:50 +0100: Memory Usage (545460K) : Executing rule V2.a
2026-02-09 03:16:50 +0100: Memory Usage (545460K) : Executing rule V2.b
2026-02-09 03:16:50 +0100: Memory Usage (545460K) : Executing rule V2.c
2026-02-09 03:16:50 +0100: Memory Usage (545460K) : Executing rule V3.a
2026-02-09 03:16:50 +0100: Memory Usage (545460K) : Executing rule V3.b
2026-02-09 03:16:50 +0100: Memory Usage (545588K) : Executing rule V3.c
2026-02-09 03:16:50 +0100: Memory Usage (545588K) : Executing rule V4.a
2026-02-09 03:16:50 +0100: Memory Usage (545588K) : Executing rule V4.b
2026-02-09 03:16:50 +0100: Memory Usage (545588K) : Executing rule V4.c
2026-02-09 03:16:50 +0100: Memory Usage (545588K) : Starting 5.21. TopVia1 table
2026-02-09 03:16:50 +0100: Memory Usage (545588K) : Executing rule TV1.a
2026-02-09 03:16:50 +0100: Memory Usage (545588K) : Executing rule TV1.b
2026-02-09 03:16:50 +0100: Memory Usage (545588K) : Executing rule TV1.c
2026-02-09 03:16:50 +0100: Memory Usage (545588K) : Executing rule TV1.d
2026-02-09 03:16:50 +0100: Memory Usage (545460K) : Starting 5.22. TopMetal1 table
2026-02-09 03:16:50 +0100: Memory Usage (545460K) : Executing rule TM1.a
2026-02-09 03:16:50 +0100: Memory Usage (545460K) : Executing rule TM1.b
2026-02-09 03:16:50 +0100: Memory Usage (545460K) : Starting 5.23 TopMetal1:filler table
2026-02-09 03:16:50 +0100: Memory Usage (545460K) : Executing rule TM1Fil.c
2026-02-09 03:16:50 +0100: Memory Usage (545460K) : Executing rule TM1Fil.a1
2026-02-09 03:16:50 +0100: Memory Usage (545460K) : Starting 5.24. TopVia2 table
2026-02-09 03:16:50 +0100: Memory Usage (545460K) : Executing rule TV2.a
2026-02-09 03:16:50 +0100: Memory Usage (545460K) : Executing rule TV2.b
2026-02-09 03:16:50 +0100: Memory Usage (545588K) : Executing rule TV2.c
2026-02-09 03:16:50 +0100: Memory Usage (545588K) : Executing rule TV2.d
2026-02-09 03:16:50 +0100: Memory Usage (545588K) : Starting 5.25. TopMetal2 table
2026-02-09 03:16:50 +0100: Memory Usage (545588K) : Executing rule TM2.a
2026-02-09 03:16:50 +0100: Memory Usage (545588K) : Executing rule TM2.b
2026-02-09 03:16:50 +0100: Memory Usage (545588K) : Executing rule TM2.bR
2026-02-09 03:16:50 +0100: Memory Usage (545588K) : Starting 5.26 TopMetal2:filler table
2026-02-09 03:16:50 +0100: Memory Usage (545588K) : Executing rule TM2Fil.c
2026-02-09 03:16:51 +0100: Memory Usage (545588K) : Executing rule TM2Fil.a1
2026-02-09 03:16:51 +0100: Memory Usage (545588K) : Starting 5.27. Passiv table
2026-02-09 03:16:51 +0100: Memory Usage (545588K) : Executing rule Pas.a
2026-02-09 03:16:51 +0100: Memory Usage (545588K) : Executing rule Pas.b
2026-02-09 03:16:51 +0100: Memory Usage (545588K) : Executing rule Pas.c
2026-02-09 03:16:51 +0100: Memory Usage (545588K) : Starting 6.9.2 Copper Pillar table
2026-02-09 03:16:51 +0100: Memory Usage (545588K) : Executing rule Padc.a
2026-02-09 03:16:51 +0100: Memory Usage (545588K) : Executing rule Padc.b
2026-02-09 03:16:51 +0100: Memory Usage (545588K) : Executing rule Padc.c
2026-02-09 03:16:51 +0100: Memory Usage (545588K) : Executing rule Padb.f
2026-02-09 03:16:51 +0100: Memory Usage (545588K) : Starting 6.9.1 Solder Bump
2026-02-09 03:16:51 +0100: Memory Usage (545588K) : Executing rule Padb.a
2026-02-09 03:16:51 +0100: Memory Usage (545588K) : Executing rule Padb.b
2026-02-09 03:16:51 +0100: Memory Usage (545588K) : Executing rule Padb.c
2026-02-09 03:16:51 +0100: Memory Usage (545588K) : Executing rule Padb.f
2026-02-09 03:16:51 +0100: Memory Usage (545588K) : Executing rule Padb.d
2026-02-09 03:16:51 +0100: Memory Usage (545588K) : Starting 6.10 Sealring table
2026-02-09 03:16:51 +0100: Memory Usage (545588K) : Executing rule Seal.l
2026-02-09 03:16:51 +0100: Memory Usage (545588K) : Executing rule Seal.n
2026-02-09 03:16:51 +0100: Memory Usage (545588K) : Executing rule seal.b_metal1
2026-02-09 03:16:51 +0100: Memory Usage (545588K) : Executing rule seal.b_metal2
2026-02-09 03:16:51 +0100: Memory Usage (545588K) : Executing rule seal.b_metal3
2026-02-09 03:16:51 +0100: Memory Usage (545588K) : Executing rule seal.b_metal4
2026-02-09 03:16:51 +0100: Memory Usage (545588K) : Executing rule seal.b_metal5
2026-02-09 03:16:51 +0100: Memory Usage (545588K) : Executing rule seal.b_topmetal1
2026-02-09 03:16:51 +0100: Memory Usage (545588K) : Executing rule seal.b_topmetal2
2026-02-09 03:16:51 +0100: Memory Usage (545588K) : Executing rule seal.b_activ
2026-02-09 03:16:51 +0100: Memory Usage (545588K) : Executing rule seal.b_psd
2026-02-09 03:16:51 +0100: Memory Usage (545588K) : Executing rule Seal.k
2026-02-09 03:16:51 +0100: Memory Usage (545588K) : Executing rule Seal.m
2026-02-09 03:16:51 +0100: Memory Usage (545588K) : Starting 6.11 MIM table
2026-02-09 03:16:51 +0100: Memory Usage (545588K) : Executing rule MIM.c
2026-02-09 03:16:51 +0100: Memory Usage (545588K) : Executing rule MIM.d
2026-02-09 03:16:51 +0100: Memory Usage (545588K) : Executing rule MIM.gR
2026-02-09 03:16:51 +0100: Memory Usage (545588K) : Starting 7.3 Metal Slits table
2026-02-09 03:16:51 +0100: Memory Usage (545588K) : Executing rule Slt.e1_M1
2026-02-09 03:16:51 +0100: Memory Usage (545588K) : Executing rule Slt.e1_M2
2026-02-09 03:16:51 +0100: Memory Usage (545588K) : Executing rule Slt.e1_M3
2026-02-09 03:16:51 +0100: Memory Usage (545588K) : Executing rule Slt.e1_M4
2026-02-09 03:16:51 +0100: Memory Usage (545588K) : Executing rule Slt.e1_M5
2026-02-09 03:16:51 +0100: Memory Usage (545588K) : Executing rule Slt.e1_TM1
2026-02-09 03:16:51 +0100: Memory Usage (545588K) : Executing rule Slt.e1_TM2
2026-02-09 03:16:51 +0100: Memory Usage (545588K) : Starting 9.1. LBE table
2026-02-09 03:16:51 +0100: Memory Usage (545588K) : Executing rule LBE.a
2026-02-09 03:16:51 +0100: Memory Usage (545588K) : Executing rule LBE.b
2026-02-09 03:16:51 +0100: Memory Usage (545588K) : Executing rule LBE.b1
2026-02-09 03:16:51 +0100: Memory Usage (545588K) : Executing rule LBE.c
2026-02-09 03:16:51 +0100: Memory Usage (545588K) : Executing rule LBE.d
2026-02-09 03:16:51 +0100: Memory Usage (545588K) : Executing rule LBE.h
2026-02-09 03:16:51 +0100: Memory Usage (545588K) : Starting 7.4. PIN table
2026-02-09 03:16:51 +0100: Memory Usage (545588K) : Executing rule Pin.a
2026-02-09 03:16:51 +0100: Memory Usage (545588K) : Executing rule Pin.b
2026-02-09 03:16:51 +0100: Memory Usage (545588K) : Executing rule Pin.e
2026-02-09 03:16:51 +0100: Memory Usage (548532K) : Executing rule Pin.f_M2
2026-02-09 03:16:51 +0100: Memory Usage (548532K) : Executing rule Pin.f_M3
2026-02-09 03:16:51 +0100: Memory Usage (548532K) : Executing rule Pin.f_M4
2026-02-09 03:16:51 +0100: Memory Usage (548532K) : Executing rule Pin.f_M5
2026-02-09 03:16:51 +0100: Memory Usage (548532K) : Executing rule Pin.g
2026-02-09 03:16:51 +0100: Memory Usage (548532K) : Executing rule Pin.h
2026-02-09 03:16:51 +0100: Memory Usage (548532K) : Starting 3.2. FORBIDDEN table
2026-02-09 03:16:51 +0100: Memory Usage (548532K) : Executing rule forbidden.biwind
2026-02-09 03:16:51 +0100: Memory Usage (548532K) : Executing rule forbidden.pemwind
2026-02-09 03:16:51 +0100: Memory Usage (548532K) : Executing rule forbidden.baspoly
2026-02-09 03:16:51 +0100: Memory Usage (548532K) : Executing rule forbidden.deepco
2026-02-09 03:16:51 +0100: Memory Usage (548532K) : Executing rule forbidden.pempoly
2026-02-09 03:16:51 +0100: Memory Usage (548532K) : Executing rule forbidden.empoly
2026-02-09 03:16:51 +0100: Memory Usage (548532K) : Executing rule forbidden.ldmos
2026-02-09 03:16:51 +0100: Memory Usage (548532K) : Executing rule forbidden.pbiwind
2026-02-09 03:16:52 +0100: Memory Usage (548532K) : Executing rule forbidden.nodrc
2026-02-09 03:16:52 +0100: Memory Usage (548532K) : Executing rule forbidden.flash
2026-02-09 03:16:52 +0100: Memory Usage (548532K) : Executing rule forbidden.colwind
2026-02-09 03:16:52 +0100: Memory Usage (548532K) : KLayout DRC run for tables 'main' completed in 24.22 seconds
