Netgen 1.5.308 compiled on Tue Jan  6 19:09:47 UTC 2026
Warning: netgen command 'format' use fully-qualified name '::netgen::format'
Warning: netgen command 'global' use fully-qualified name '::netgen::global'
Warning:  A case-insensitive file has been read and so the	verilog file must be treated case-insensitive to match.
Reading SPICE netlist file '/home/cmaier/.ciel/ciel/ihp-sg13g2/versions/c4b8b4e5e7a05f375cca3815d51b3a37721fbf5c/ihp-sg13g2/libs.ref/sg13g2_stdcell/spice/sg13g2_stdcell.spice'...
Call to undefined subcircuit sg13_lv_nmos
Creating placeholder cell definition.
Call to undefined subcircuit sg13_lv_pmos
Creating placeholder cell definition.
Call to undefined subcircuit dantenna
Creating placeholder cell definition.
Call to undefined subcircuit dpantenna
Creating placeholder cell definition.
Reading SPICE netlist file '/home/cmaier/.ciel/ciel/ihp-sg13g2/versions/c4b8b4e5e7a05f375cca3815d51b3a37721fbf5c/ihp-sg13g2/libs.ref/sg13g2_io/spice/sg13g2_io.spi'...
Call to undefined subcircuit sg13_hv_nmos
Creating placeholder cell definition.
Call to undefined subcircuit sg13_hv_pmos
Creating placeholder cell definition.
Call to undefined subcircuit rppd
Creating placeholder cell definition.
Reading Verilog netlist file '/home/cmaier/EDA/PUDDING/librelane/runs/RUN_2026-02-09_04-26-24/52-openroad-fillinsertion/heichips25_pudding.pnl.v'...
Warning:  A case-insensitive file has been read and so the	verilog file must be treated case-insensitive to match.
Creating placeholder cell definition for module dac128module.
Note:  Implicit pin X in instance clkload0 of sg13g2_buf_8 in cell heichips25_pudding
Note:  Implicit pin Y in instance clkload1 of sg13g2_inv_2 in cell heichips25_pudding
Note:  Implicit pin Y in instance clkload2 of sg13g2_inv_2 in cell heichips25_pudding
Note:  Implicit pin Y in instance clkload3 of sg13g2_inv_4 in cell heichips25_pudding
Note:  Implicit pin Y in instance clkload4 of sg13g2_inv_2 in cell heichips25_pudding
Note:  Implicit pin Y in instance clkload5 of sg13g2_inv_2 in cell heichips25_pudding
Note:  Implicit pin Y in instance clkload6 of sg13g2_inv_2 in cell heichips25_pudding
Note:  Implicit pin Y in instance clkload7 of sg13g2_inv_1 in cell heichips25_pudding
Note:  Implicit pin Y in instance clkload8 of sg13g2_inv_1 in cell heichips25_pudding
Note:  Implicit pin Y in instance clkload9 of sg13g2_inv_4 in cell heichips25_pudding
Note:  Implicit pin X in instance clkload10 of sg13g2_buf_8 in cell heichips25_pudding
Note:  Implicit pin Y in instance clkload11 of sg13g2_inv_2 in cell heichips25_pudding
Note:  Implicit pin X in instance clkload12 of sg13g2_buf_8 in cell heichips25_pudding
Note:  Implicit pin Y in instance clkload13 of sg13g2_inv_4 in cell heichips25_pudding
Note:  Implicit pin Y in instance clkload14 of sg13g2_inv_2 in cell heichips25_pudding
Treating empty subcircuits as black-box cells
Generating JSON file result

Reading setup file /nix/store/0kwn3pa8al4np6jss3x11hhh5wp0h27q-python3-3.13.9-env/lib/python3.13/site-packages/librelane/scripts/netgen/setup.tcl

Model rppd pin 1 == 2
No property b found for device rppd
Model sg13_hv_nmos pin 1 == 3
No property ng found for device sg13_hv_nmos
No property as found for device sg13_hv_nmos
No property ad found for device sg13_hv_nmos
No property pd found for device sg13_hv_nmos
No property ps found for device sg13_hv_nmos
No property trise found for device sg13_hv_nmos
No property z1 found for device sg13_hv_nmos
No property z2 found for device sg13_hv_nmos
No property wmin found for device sg13_hv_nmos
No property rfmode found for device sg13_hv_nmos
No property pre_layout found for device sg13_hv_nmos
Model sg13_hv_pmos pin 1 == 3
No property ng found for device sg13_hv_pmos
No property as found for device sg13_hv_pmos
No property ad found for device sg13_hv_pmos
No property pd found for device sg13_hv_pmos
No property ps found for device sg13_hv_pmos
No property trise found for device sg13_hv_pmos
No property z1 found for device sg13_hv_pmos
No property z2 found for device sg13_hv_pmos
No property wmin found for device sg13_hv_pmos
No property rfmode found for device sg13_hv_pmos
No property pre_layout found for device sg13_hv_pmos
Model sg13_lv_nmos pin 1 == 3
No property trise found for device sg13_lv_nmos
No property z1 found for device sg13_lv_nmos
No property z2 found for device sg13_lv_nmos
No property wmin found for device sg13_lv_nmos
No property rfmode found for device sg13_lv_nmos
No property pre_layout found for device sg13_lv_nmos
Model sg13_lv_pmos pin 1 == 3
No property trise found for device sg13_lv_pmos
No property z1 found for device sg13_lv_pmos
No property z2 found for device sg13_lv_pmos
No property wmin found for device sg13_lv_pmos
No property rfmode found for device sg13_lv_pmos
No property pre_layout found for device sg13_lv_pmos
No property DEV_A found for device dantenna
No property DEV_P found for device dantenna
No property DEV_C found for device dantenna
No property DEV_A found for device dpantenna
No property DEV_P found for device dpantenna
No property DEV_C found for device dpantenna
Comparison output logged to file /home/cmaier/EDA/PUDDING/librelane/runs/RUN_2026-02-09_04-26-24/69-netgen-lvs/reports/lvs.netgen.rpt
Logging to file "/home/cmaier/EDA/PUDDING/librelane/runs/RUN_2026-02-09_04-26-24/69-netgen-lvs/reports/lvs.netgen.rpt" enabled

Contents of circuit 1:  Circuit: 'sg13g2_decap_8'
Circuit sg13g2_decap_8 contains 0 device instances.
Circuit contains 0 nets, and 2 disconnected pins.
Contents of circuit 2:  Circuit: 'sg13g2_decap_8'
Circuit sg13g2_decap_8 contains 2 device instances.
  Class: sg13_lv_pmos          instances:   1
  Class: sg13_lv_nmos          instances:   1
Circuit contains 2 nets.

Circuit sg13g2_decap_8 contains no devices.

Contents of circuit 1:  Circuit: 'sg13g2_nand2_1'
Circuit sg13g2_nand2_1 contains 0 device instances.
Circuit contains 0 nets, and 5 disconnected pins.
Contents of circuit 2:  Circuit: 'sg13g2_nand2_1'
Circuit sg13g2_nand2_1 contains 4 device instances.
  Class: sg13_lv_pmos          instances:   2
  Class: sg13_lv_nmos          instances:   2
Circuit contains 6 nets.

Circuit sg13g2_nand2_1 contains no devices.

Contents of circuit 1:  Circuit: 'sg13g2_tiehi'
Circuit sg13g2_tiehi contains 0 device instances.
Circuit contains 0 nets, and 3 disconnected pins.
Contents of circuit 2:  Circuit: 'sg13g2_tiehi'
Circuit sg13g2_tiehi contains 4 device instances.
  Class: sg13_lv_pmos          instances:   2
  Class: sg13_lv_nmos          instances:   2
Circuit contains 6 nets.

Circuit sg13g2_tiehi contains no devices.

Contents of circuit 1:  Circuit: 'sg13g2_a221oi_1'
Circuit sg13g2_a221oi_1 contains 0 device instances.
Circuit contains 0 nets, and 8 disconnected pins.
Contents of circuit 2:  Circuit: 'sg13g2_a221oi_1'
Circuit sg13g2_a221oi_1 contains 10 device instances.
  Class: sg13_lv_pmos          instances:   5
  Class: sg13_lv_nmos          instances:   5
Circuit contains 12 nets.

Circuit sg13g2_a221oi_1 contains no devices.

Contents of circuit 1:  Circuit: 'sg13g2_fill_1'
Circuit sg13g2_fill_1 contains 0 device instances.
Circuit contains 0 nets, and 2 disconnected pins.
Contents of circuit 2:  Circuit: 'sg13g2_fill_1'
Circuit sg13g2_fill_1 contains 0 device instances.
Circuit contains 0 nets, and 2 disconnected pins.

Circuit sg13g2_fill_1 contains no devices.

Contents of circuit 1:  Circuit: 'sg13g2_fill_2'
Circuit sg13g2_fill_2 contains 0 device instances.
Circuit contains 0 nets, and 2 disconnected pins.
Contents of circuit 2:  Circuit: 'sg13g2_fill_2'
Circuit sg13g2_fill_2 contains 0 device instances.
Circuit contains 0 nets, and 2 disconnected pins.

Circuit sg13g2_fill_2 contains no devices.

Contents of circuit 1:  Circuit: 'sg13g2_decap_4'
Circuit sg13g2_decap_4 contains 0 device instances.
Circuit contains 0 nets, and 2 disconnected pins.
Contents of circuit 2:  Circuit: 'sg13g2_decap_4'
Circuit sg13g2_decap_4 contains 2 device instances.
  Class: sg13_lv_pmos          instances:   1
  Class: sg13_lv_nmos          instances:   1
Circuit contains 2 nets.

Circuit sg13g2_decap_4 contains no devices.

Contents of circuit 1:  Circuit: 'sg13g2_o21ai_1'
Circuit sg13g2_o21ai_1 contains 0 device instances.
Circuit contains 0 nets, and 6 disconnected pins.
Contents of circuit 2:  Circuit: 'sg13g2_o21ai_1'
Circuit sg13g2_o21ai_1 contains 6 device instances.
  Class: sg13_lv_pmos          instances:   3
  Class: sg13_lv_nmos          instances:   3
Circuit contains 8 nets.

Circuit sg13g2_o21ai_1 contains no devices.

Contents of circuit 1:  Circuit: 'sg13g2_buf_1'
Circuit sg13g2_buf_1 contains 0 device instances.
Circuit contains 0 nets, and 4 disconnected pins.
Contents of circuit 2:  Circuit: 'sg13g2_buf_1'
Circuit sg13g2_buf_1 contains 4 device instances.
  Class: sg13_lv_pmos          instances:   2
  Class: sg13_lv_nmos          instances:   2
Circuit contains 5 nets.

Circuit sg13g2_buf_1 contains no devices.

Contents of circuit 1:  Circuit: 'sg13g2_inv_1'
Circuit sg13g2_inv_1 contains 0 device instances.
Circuit contains 0 nets, and 4 disconnected pins.
Contents of circuit 2:  Circuit: 'sg13g2_inv_1'
Circuit sg13g2_inv_1 contains 2 device instances.
  Class: sg13_lv_pmos          instances:   1
  Class: sg13_lv_nmos          instances:   1
Circuit contains 4 nets.

Circuit sg13g2_inv_1 contains no devices.

Contents of circuit 1:  Circuit: 'sg13g2_dfrbpq_1'
Circuit sg13g2_dfrbpq_1 contains 0 device instances.
Circuit contains 0 nets, and 6 disconnected pins.
Contents of circuit 2:  Circuit: 'sg13g2_dfrbpq_1'
Circuit sg13g2_dfrbpq_1 contains 32 device instances.
  Class: sg13_lv_pmos          instances:  16
  Class: sg13_lv_nmos          instances:  16
Circuit contains 21 nets.

Circuit sg13g2_dfrbpq_1 contains no devices.

Contents of circuit 1:  Circuit: 'sg13g2_a21oi_1'
Circuit sg13g2_a21oi_1 contains 0 device instances.
Circuit contains 0 nets, and 6 disconnected pins.
Contents of circuit 2:  Circuit: 'sg13g2_a21oi_1'
Circuit sg13g2_a21oi_1 contains 6 device instances.
  Class: sg13_lv_pmos          instances:   3
  Class: sg13_lv_nmos          instances:   3
Circuit contains 8 nets.

Circuit sg13g2_a21oi_1 contains no devices.

Contents of circuit 1:  Circuit: 'sg13g2_a21o_1'
Circuit sg13g2_a21o_1 contains 0 device instances.
Circuit contains 0 nets, and 6 disconnected pins.
Contents of circuit 2:  Circuit: 'sg13g2_a21o_1'
Circuit sg13g2_a21o_1 contains 8 device instances.
  Class: sg13_lv_pmos          instances:   4
  Class: sg13_lv_nmos          instances:   4
Circuit contains 9 nets.

Circuit sg13g2_a21o_1 contains no devices.

Contents of circuit 1:  Circuit: 'sg13g2_antennanp'
Circuit sg13g2_antennanp contains 0 device instances.
Circuit contains 0 nets, and 3 disconnected pins.
Contents of circuit 2:  Circuit: 'sg13g2_antennanp'
Circuit sg13g2_antennanp contains 2 device instances.
  Class: dpantenna             instances:   1
  Class: dantenna              instances:   1
Circuit contains 3 nets.

Circuit sg13g2_antennanp contains no devices.

Contents of circuit 1:  Circuit: 'sg13g2_buf_8'
Circuit sg13g2_buf_8 contains 0 device instances.
Circuit contains 0 nets, and 4 disconnected pins.
Contents of circuit 2:  Circuit: 'sg13g2_buf_8'
Circuit sg13g2_buf_8 contains 4 device instances.
  Class: sg13_lv_pmos          instances:   2
  Class: sg13_lv_nmos          instances:   2
Circuit contains 5 nets.

Circuit sg13g2_buf_8 contains no devices.

Contents of circuit 1:  Circuit: 'sg13g2_inv_2'
Circuit sg13g2_inv_2 contains 0 device instances.
Circuit contains 0 nets, and 4 disconnected pins.
Contents of circuit 2:  Circuit: 'sg13g2_inv_2'
Circuit sg13g2_inv_2 contains 2 device instances.
  Class: sg13_lv_pmos          instances:   1
  Class: sg13_lv_nmos          instances:   1
Circuit contains 4 nets.

Circuit sg13g2_inv_2 contains no devices.

Contents of circuit 1:  Circuit: 'sg13g2_inv_4'
Circuit sg13g2_inv_4 contains 0 device instances.
Circuit contains 0 nets, and 4 disconnected pins.
Contents of circuit 2:  Circuit: 'sg13g2_inv_4'
Circuit sg13g2_inv_4 contains 2 device instances.
  Class: sg13_lv_pmos          instances:   1
  Class: sg13_lv_nmos          instances:   1
Circuit contains 4 nets.

Circuit sg13g2_inv_4 contains no devices.

Contents of circuit 1:  Circuit: 'sg13g2_buf_16'
Circuit sg13g2_buf_16 contains 0 device instances.
Circuit contains 0 nets, and 4 disconnected pins.
Contents of circuit 2:  Circuit: 'sg13g2_buf_16'
Circuit sg13g2_buf_16 contains 4 device instances.
  Class: sg13_lv_pmos          instances:   2
  Class: sg13_lv_nmos          instances:   2
Circuit contains 5 nets.

Circuit sg13g2_buf_16 contains no devices.

Contents of circuit 1:  Circuit: 'dac128module'
Circuit dac128module contains 0 device instances.
Circuit contains 0 nets, and 266 disconnected pins.
Contents of circuit 2:  Circuit: 'dac128module'
Circuit dac128module contains 0 device instances.
Circuit contains 0 nets.

Circuit dac128module contains no devices.

Contents of circuit 1:  Circuit: 'sg13g2_nor2_1'
Circuit sg13g2_nor2_1 contains 0 device instances.
Circuit contains 0 nets, and 5 disconnected pins.
Contents of circuit 2:  Circuit: 'sg13g2_nor2_1'
Circuit sg13g2_nor2_1 contains 4 device instances.
  Class: sg13_lv_pmos          instances:   2
  Class: sg13_lv_nmos          instances:   2
Circuit contains 6 nets.

Circuit sg13g2_nor2_1 contains no devices.

Contents of circuit 1:  Circuit: 'heichips25_pudding'
Circuit heichips25_pudding contains 6731 device instances.
  Class: sg13g2_antennanp      instances: 137
  Class: sg13g2_buf_16         instances:   5
  Class: sg13g2_dfrbpq_1       instances: 256
  Class: dac128module          instances:   2
  Class: sg13g2_decap_4        instances: 249
  Class: sg13g2_decap_8        instances: 3612
  Class: sg13g2_tiehi          instances: 264
  Class: sg13g2_nand2_1        instances: 128
  Class: sg13g2_fill_1         instances: 480
  Class: sg13g2_fill_2         instances: 400
  Class: sg13g2_nor2_1         instances:   1
  Class: sg13g2_buf_1          instances: 249
  Class: sg13g2_buf_8          instances:  22
  Class: sg13g2_o21ai_1        instances: 128
  Class: sg13g2_a21oi_1        instances: 256
  Class: sg13g2_a21o_1         instances: 128
  Class: sg13g2_a221oi_1       instances: 128
  Class: sg13g2_inv_1          instances: 276
  Class: sg13g2_inv_2          instances:   7
  Class: sg13g2_inv_4          instances:   3
Circuit contains 1993 nets, and 11 disconnected pins.
Contents of circuit 2:  Circuit: 'heichips25_pudding'
Circuit heichips25_pudding contains 6731 device instances.
  Class: sg13g2_antennanp      instances: 137
  Class: sg13g2_buf_16         instances:   5
  Class: sg13g2_dfrbpq_1       instances: 256
  Class: dac128module          instances:   2
  Class: sg13g2_decap_4        instances: 249
  Class: sg13g2_decap_8        instances: 3612
  Class: sg13g2_tiehi          instances: 264
  Class: sg13g2_nand2_1        instances: 128
  Class: sg13g2_fill_1         instances: 480
  Class: sg13g2_fill_2         instances: 400
  Class: sg13g2_nor2_1         instances:   1
  Class: sg13g2_buf_1          instances: 249
  Class: sg13g2_buf_8          instances:  22
  Class: sg13g2_o21ai_1        instances: 128
  Class: sg13g2_a21oi_1        instances: 256
  Class: sg13g2_a21o_1         instances: 128
  Class: sg13g2_a221oi_1       instances: 128
  Class: sg13g2_inv_1          instances: 276
  Class: sg13g2_inv_2          instances:   7
  Class: sg13g2_inv_4          instances:   3
Circuit contains 1861 nets, and 11 disconnected pins.

Circuit was modified by parallel/series device merging.
New circuit summary:

Contents of circuit 1:  Circuit: 'heichips25_pudding'
Circuit heichips25_pudding contains 1994 device instances.
  Class: sg13g2_antennanp      instances: 137
  Class: sg13g2_buf_16         instances:   5
  Class: sg13g2_dfrbpq_1       instances: 256
  Class: dac128module          instances:   2
  Class: sg13g2_decap_4        instances:   1
  Class: sg13g2_decap_8        instances:   1
  Class: sg13g2_tiehi          instances: 264
  Class: sg13g2_nand2_1        instances: 128
  Class: sg13g2_fill_1         instances:   1
  Class: sg13g2_fill_2         instances:   1
  Class: sg13g2_nor2_1         instances:   1
  Class: sg13g2_buf_1          instances: 249
  Class: sg13g2_buf_8          instances:  22
  Class: sg13g2_o21ai_1        instances: 128
  Class: sg13g2_a21oi_1        instances: 256
  Class: sg13g2_a21o_1         instances: 128
  Class: sg13g2_a221oi_1       instances: 128
  Class: sg13g2_inv_1          instances: 276
  Class: sg13g2_inv_2          instances:   7
  Class: sg13g2_inv_4          instances:   3
Circuit contains 1993 nets, and 11 disconnected pins.
Contents of circuit 2:  Circuit: 'heichips25_pudding'
Circuit heichips25_pudding contains 1994 device instances.
  Class: sg13g2_antennanp      instances: 137
  Class: sg13g2_buf_16         instances:   5
  Class: sg13g2_dfrbpq_1       instances: 256
  Class: dac128module          instances:   2
  Class: sg13g2_decap_4        instances:   1
  Class: sg13g2_decap_8        instances:   1
  Class: sg13g2_tiehi          instances: 264
  Class: sg13g2_nand2_1        instances: 128
  Class: sg13g2_fill_1         instances:   1
  Class: sg13g2_fill_2         instances:   1
  Class: sg13g2_nor2_1         instances:   1
  Class: sg13g2_buf_1          instances: 249
  Class: sg13g2_buf_8          instances:  22
  Class: sg13g2_o21ai_1        instances: 128
  Class: sg13g2_a21oi_1        instances: 256
  Class: sg13g2_a21o_1         instances: 128
  Class: sg13g2_a221oi_1       instances: 128
  Class: sg13g2_inv_1          instances: 276
  Class: sg13g2_inv_2          instances:   7
  Class: sg13g2_inv_4          instances:   3
Circuit contains 1861 nets, and 11 disconnected pins.

Circuit 1 contains 1994 devices, Circuit 2 contains 1994 devices.
Circuit 1 contains 1993 nets,    Circuit 2 contains 1861 nets. *** MISMATCH ***


Final result: 
Top level cell failed pin matching.

Logging to file "/home/cmaier/EDA/PUDDING/librelane/runs/RUN_2026-02-09_04-26-24/69-netgen-lvs/reports/lvs.netgen.rpt" disabled
LVS Done.
