Using 8 threads…
Using a tile size of (500 µm)²…
Reading /home/cmaier/EDA/PUDDING/librelane/runs/RUN_2026-02-07_14-50-31/57-magic-streamout/heichips25_pudding.magic.gds ..
Reading /home/cmaier/EDA/PUDDING/librelane/runs/RUN_2026-02-07_14-50-31/58-klayout-streamout/heichips25_pudding.klayout.gds ..
--- Running XOR for layer 1/0 ---
"input" in: xor.drc:109
    Polygons (raw): 32059 (flat)  39 (hierarchical)
    Elapsed: 0.010s  Memory: 421.00M
"input" in: xor.drc:109
    Polygons (raw): 32059 (flat)  39 (hierarchical)
    Elapsed: 0.000s  Memory: 421.00M
"^" in: xor.drc:109
    Polygons (raw): 0 (flat)  0 (hierarchical)
    Elapsed: 0.270s  Memory: 426.00M
XOR differences: 0
"output" in: xor.drc:86
    Polygons (raw): 0 (flat)  0 (hierarchical)
    Elapsed: 0.000s  Memory: 426.00M
--- Running XOR for layer 10/0 ---
"input" in: xor.drc:109
    Polygons (raw): 10742 (flat)  5456 (hierarchical)
    Elapsed: 0.000s  Memory: 426.00M
"input" in: xor.drc:109
    Polygons (raw): 12665 (flat)  3030 (hierarchical)
    Elapsed: 0.000s  Memory: 426.00M
"^" in: xor.drc:109
    Polygons (raw): 0 (flat)  0 (hierarchical)
    Elapsed: 0.170s  Memory: 432.00M
XOR differences: 0
"output" in: xor.drc:86
    Polygons (raw): 0 (flat)  0 (hierarchical)
    Elapsed: 0.040s  Memory: 432.00M
--- Running XOR for layer 10/2 ---
"input" in: xor.drc:109
    Polygons (raw): 3960 (flat)  799 (hierarchical)
    Elapsed: 0.000s  Memory: 432.00M
"input" in: xor.drc:109
    Polygons (raw): 3960 (flat)  799 (hierarchical)
    Elapsed: 0.000s  Memory: 432.00M
"^" in: xor.drc:109
    Polygons (raw): 0 (flat)  0 (hierarchical)
    Elapsed: 0.050s  Memory: 432.00M
XOR differences: 0
"output" in: xor.drc:86
    Polygons (raw): 0 (flat)  0 (hierarchical)
    Elapsed: 0.000s  Memory: 432.00M
--- Running XOR for layer 10/25 ---
"input" in: xor.drc:109
    Polygons (raw): 0 (flat)  0 (hierarchical)
    Elapsed: 0.000s  Memory: 432.00M
"input" in: xor.drc:109
    Polygons (raw): 0 (flat)  0 (hierarchical)
    Elapsed: 0.000s  Memory: 432.00M
"^" in: xor.drc:109
    Polygons (raw): 0 (flat)  0 (hierarchical)
    Elapsed: 0.030s  Memory: 432.00M
XOR differences: 0
"output" in: xor.drc:86
    Polygons (raw): 0 (flat)  0 (hierarchical)
    Elapsed: 0.000s  Memory: 432.00M
--- Running XOR for layer 125/0 ---
"input" in: xor.drc:109
    Polygons (raw): 2796 (flat)  2796 (hierarchical)
    Elapsed: 0.000s  Memory: 432.00M
"input" in: xor.drc:109
    Polygons (raw): 2796 (flat)  29 (hierarchical)
    Elapsed: 0.000s  Memory: 432.00M
"^" in: xor.drc:109
    Polygons (raw): 0 (flat)  0 (hierarchical)
    Elapsed: 0.030s  Memory: 432.00M
XOR differences: 0
"output" in: xor.drc:86
    Polygons (raw): 0 (flat)  0 (hierarchical)
    Elapsed: 0.010s  Memory: 432.00M
--- Running XOR for layer 126/0 ---
"input" in: xor.drc:109
    Polygons (raw): 55 (flat)  55 (hierarchical)
    Elapsed: 0.000s  Memory: 432.00M
"input" in: xor.drc:109
    Polygons (raw): 1676 (flat)  108 (hierarchical)
    Elapsed: 0.000s  Memory: 432.00M
"^" in: xor.drc:109
    Polygons (raw): 0 (flat)  0 (hierarchical)
    Elapsed: 0.030s  Memory: 434.00M
XOR differences: 0
"output" in: xor.drc:86
    Polygons (raw): 0 (flat)  0 (hierarchical)
    Elapsed: 0.010s  Memory: 434.00M
--- Running XOR for layer 126/2 ---
"input" in: xor.drc:109
    Polygons (raw): 49 (flat)  49 (hierarchical)
    Elapsed: 0.000s  Memory: 434.00M
"input" in: xor.drc:109
    Polygons (raw): 49 (flat)  49 (hierarchical)
    Elapsed: 0.000s  Memory: 434.00M
"^" in: xor.drc:109
    Polygons (raw): 0 (flat)  0 (hierarchical)
    Elapsed: 0.010s  Memory: 435.00M
XOR differences: 0
"output" in: xor.drc:86
    Polygons (raw): 0 (flat)  0 (hierarchical)
    Elapsed: 0.000s  Memory: 435.00M
--- Running XOR for layer 126/25 ---
"input" in: xor.drc:109
    Polygons (raw): 0 (flat)  0 (hierarchical)
    Elapsed: 0.000s  Memory: 435.00M
"input" in: xor.drc:109
    Polygons (raw): 0 (flat)  0 (hierarchical)
    Elapsed: 0.000s  Memory: 435.00M
"^" in: xor.drc:109
    Polygons (raw): 0 (flat)  0 (hierarchical)
    Elapsed: 0.010s  Memory: 435.00M
XOR differences: 0
"output" in: xor.drc:86
    Polygons (raw): 0 (flat)  0 (hierarchical)
    Elapsed: 0.000s  Memory: 435.00M
--- Running XOR for layer 133/0 ---
"input" in: xor.drc:109
    Polygons (raw): 441 (flat)  441 (hierarchical)
    Elapsed: 0.000s  Memory: 435.00M
"input" in: xor.drc:109
    Polygons (raw): 480 (flat)  1 (hierarchical)
    Elapsed: 0.000s  Memory: 435.00M
"^" in: xor.drc:109
    Polygons (raw): 0 (flat)  0 (hierarchical)
    Elapsed: 0.020s  Memory: 435.00M
XOR differences: 0
"output" in: xor.drc:86
    Polygons (raw): 0 (flat)  0 (hierarchical)
    Elapsed: 0.000s  Memory: 435.00M
--- Running XOR for layer 134/0 ---
"input" in: xor.drc:109
    Polygons (raw): 18 (flat)  18 (hierarchical)
    Elapsed: 0.000s  Memory: 435.00M
"input" in: xor.drc:109
    Polygons (raw): 516 (flat)  37 (hierarchical)
    Elapsed: 0.000s  Memory: 436.00M
"^" in: xor.drc:109
    Polygons (raw): 0 (flat)  0 (hierarchical)
    Elapsed: 0.010s  Memory: 436.00M
XOR differences: 0
"output" in: xor.drc:86
    Polygons (raw): 0 (flat)  0 (hierarchical)
    Elapsed: 0.000s  Memory: 436.00M
--- Running XOR for layer 134/2 ---
"input" in: xor.drc:109
    Polygons (raw): 18 (flat)  18 (hierarchical)
    Elapsed: 0.000s  Memory: 436.00M
"input" in: xor.drc:109
    Polygons (raw): 18 (flat)  18 (hierarchical)
    Elapsed: 0.000s  Memory: 436.00M
"^" in: xor.drc:109
    Polygons (raw): 0 (flat)  0 (hierarchical)
    Elapsed: 0.020s  Memory: 436.00M
XOR differences: 0
"output" in: xor.drc:86
    Polygons (raw): 0 (flat)  0 (hierarchical)
    Elapsed: 0.000s  Memory: 436.00M
--- Running XOR for layer 134/25 ---
"input" in: xor.drc:109
    Polygons (raw): 0 (flat)  0 (hierarchical)
    Elapsed: 0.000s  Memory: 436.00M
"input" in: xor.drc:109
    Polygons (raw): 0 (flat)  0 (hierarchical)
    Elapsed: 0.000s  Memory: 436.00M
"^" in: xor.drc:109
    Polygons (raw): 0 (flat)  0 (hierarchical)
    Elapsed: 0.030s  Memory: 436.00M
XOR differences: 0
"output" in: xor.drc:86
    Polygons (raw): 0 (flat)  0 (hierarchical)
    Elapsed: 0.000s  Memory: 437.00M
--- Running XOR for layer 14/0 ---
"input" in: xor.drc:109
    Polygons (raw): 15376 (flat)  20 (hierarchical)
    Elapsed: 0.000s  Memory: 437.00M
"input" in: xor.drc:109
    Polygons (raw): 15376 (flat)  20 (hierarchical)
    Elapsed: 0.000s  Memory: 437.00M
"^" in: xor.drc:109
    Polygons (raw): 0 (flat)  0 (hierarchical)
    Elapsed: 0.180s  Memory: 444.00M
XOR differences: 0
"output" in: xor.drc:86
    Polygons (raw): 0 (flat)  0 (hierarchical)
    Elapsed: 0.000s  Memory: 444.00M
--- Running XOR for layer 189/4 ---
"input" in: xor.drc:109
    Polygons (raw): 7952 (flat)  13 (hierarchical)
    Elapsed: 0.030s  Memory: 445.00M
"input" in: xor.drc:109
    Polygons (raw): 7952 (flat)  13 (hierarchical)
    Elapsed: 0.000s  Memory: 445.00M
"^" in: xor.drc:109
    Polygons (raw): 0 (flat)  0 (hierarchical)
    Elapsed: 0.130s  Memory: 445.00M
XOR differences: 0
"output" in: xor.drc:86
    Polygons (raw): 0 (flat)  0 (hierarchical)
    Elapsed: 0.000s  Memory: 445.00M
--- Running XOR for layer 19/0 ---
"input" in: xor.drc:109
    Polygons (raw): 10399 (flat)  6621 (hierarchical)
    Elapsed: 0.000s  Memory: 445.00M
"input" in: xor.drc:109
    Polygons (raw): 10399 (flat)  29 (hierarchical)
    Elapsed: 0.000s  Memory: 445.00M
"^" in: xor.drc:109
    Polygons (raw): 0 (flat)  0 (hierarchical)
    Elapsed: 0.100s  Memory: 447.00M
XOR differences: 0
"output" in: xor.drc:86
    Polygons (raw): 0 (flat)  0 (hierarchical)
    Elapsed: 0.000s  Memory: 447.00M
--- Running XOR for layer 29/0 ---
"input" in: xor.drc:109
    Polygons (raw): 7523 (flat)  6194 (hierarchical)
    Elapsed: 0.000s  Memory: 447.00M
"input" in: xor.drc:109
    Polygons (raw): 7523 (flat)  13 (hierarchical)
    Elapsed: 0.000s  Memory: 447.00M
"^" in: xor.drc:109
    Polygons (raw): 0 (flat)  0 (hierarchical)
    Elapsed: 0.080s  Memory: 449.00M
XOR differences: 0
"output" in: xor.drc:86
    Polygons (raw): 0 (flat)  0 (hierarchical)
    Elapsed: 0.000s  Memory: 449.00M
--- Running XOR for layer 30/0 ---
"input" in: xor.drc:109
    Polygons (raw): 3824 (flat)  1642 (hierarchical)
    Elapsed: 0.000s  Memory: 449.00M
"input" in: xor.drc:109
    Polygons (raw): 5943 (flat)  721 (hierarchical)
    Elapsed: 0.000s  Memory: 449.00M
"^" in: xor.drc:109
    Polygons (raw): 0 (flat)  0 (hierarchical)
    Elapsed: 0.070s  Memory: 449.00M
XOR differences: 0
"output" in: xor.drc:86
    Polygons (raw): 0 (flat)  0 (hierarchical)
    Elapsed: 0.000s  Memory: 449.00M
--- Running XOR for layer 30/2 ---
"input" in: xor.drc:109
    Polygons (raw): 1135 (flat)  61 (hierarchical)
    Elapsed: 0.000s  Memory: 449.00M
"input" in: xor.drc:109
    Polygons (raw): 1135 (flat)  61 (hierarchical)
    Elapsed: 0.000s  Memory: 449.00M
"^" in: xor.drc:109
    Polygons (raw): 0 (flat)  0 (hierarchical)
    Elapsed: 0.030s  Memory: 449.00M
XOR differences: 0
"output" in: xor.drc:86
    Polygons (raw): 0 (flat)  0 (hierarchical)
    Elapsed: 0.000s  Memory: 449.00M
--- Running XOR for layer 30/25 ---
"input" in: xor.drc:109
    Polygons (raw): 0 (flat)  0 (hierarchical)
    Elapsed: 0.010s  Memory: 449.00M
"input" in: xor.drc:109
    Polygons (raw): 0 (flat)  0 (hierarchical)
    Elapsed: 0.000s  Memory: 449.00M
"^" in: xor.drc:109
    Polygons (raw): 0 (flat)  0 (hierarchical)
    Elapsed: 0.010s  Memory: 449.00M
XOR differences: 0
"output" in: xor.drc:86
    Polygons (raw): 0 (flat)  0 (hierarchical)
    Elapsed: 0.000s  Memory: 449.00M
--- Running XOR for layer 31/0 ---
"input" in: xor.drc:109
    Polygons (raw): 8221 (flat)  13 (hierarchical)
    Elapsed: 0.000s  Memory: 449.00M
"input" in: xor.drc:109
    Polygons (raw): 8221 (flat)  13 (hierarchical)
    Elapsed: 0.000s  Memory: 449.00M
"^" in: xor.drc:109
    Polygons (raw): 0 (flat)  0 (hierarchical)
    Elapsed: 0.170s  Memory: 459.00M
XOR differences: 0
"output" in: xor.drc:86
    Polygons (raw): 0 (flat)  0 (hierarchical)
    Elapsed: 0.030s  Memory: 459.00M
--- Running XOR for layer 49/0 ---
"input" in: xor.drc:109
    Polygons (raw): 7209 (flat)  5321 (hierarchical)
    Elapsed: 0.000s  Memory: 459.00M
"input" in: xor.drc:109
    Polygons (raw): 7209 (flat)  38 (hierarchical)
    Elapsed: 0.000s  Memory: 459.00M
"^" in: xor.drc:109
    Polygons (raw): 0 (flat)  0 (hierarchical)
    Elapsed: 0.050s  Memory: 461.00M
XOR differences: 0
"output" in: xor.drc:86
    Polygons (raw): 0 (flat)  0 (hierarchical)
    Elapsed: 0.000s  Memory: 461.00M
--- Running XOR for layer 5/0 ---
"input" in: xor.drc:109
    Polygons (raw): 23957 (flat)  30 (hierarchical)
    Elapsed: 0.000s  Memory: 461.00M
"input" in: xor.drc:109
    Polygons (raw): 23957 (flat)  30 (hierarchical)
    Elapsed: 0.000s  Memory: 461.00M
"^" in: xor.drc:109
    Polygons (raw): 0 (flat)  0 (hierarchical)
    Elapsed: 0.340s  Memory: 461.00M
XOR differences: 0
"output" in: xor.drc:86
    Polygons (raw): 0 (flat)  0 (hierarchical)
    Elapsed: 0.000s  Memory: 461.00M
--- Running XOR for layer 50/0 ---
"input" in: xor.drc:109
    Polygons (raw): 1184 (flat)  1088 (hierarchical)
    Elapsed: 0.000s  Memory: 461.00M
"input" in: xor.drc:109
    Polygons (raw): 2256 (flat)  25 (hierarchical)
    Elapsed: 0.000s  Memory: 461.00M
"^" in: xor.drc:109
    Polygons (raw): 0 (flat)  0 (hierarchical)
    Elapsed: 0.030s  Memory: 461.00M
XOR differences: 0
"output" in: xor.drc:86
    Polygons (raw): 0 (flat)  0 (hierarchical)
    Elapsed: 0.000s  Memory: 461.00M
--- Running XOR for layer 50/25 ---
"input" in: xor.drc:109
    Polygons (raw): 0 (flat)  0 (hierarchical)
    Elapsed: 0.000s  Memory: 461.00M
"input" in: xor.drc:109
    Polygons (raw): 0 (flat)  0 (hierarchical)
    Elapsed: 0.000s  Memory: 461.00M
"^" in: xor.drc:109
    Polygons (raw): 0 (flat)  0 (hierarchical)
    Elapsed: 0.010s  Memory: 461.00M
XOR differences: 0
"output" in: xor.drc:86
    Polygons (raw): 0 (flat)  0 (hierarchical)
    Elapsed: 0.000s  Memory: 461.00M
--- Running XOR for layer 6/0 ---
"input" in: xor.drc:109
    Polygons (raw): 218610 (flat)  189 (hierarchical)
    Elapsed: 0.000s  Memory: 461.00M
"input" in: xor.drc:109
    Polygons (raw): 218610 (flat)  189 (hierarchical)
    Elapsed: 0.000s  Memory: 461.00M
"^" in: xor.drc:109
    Polygons (raw): 0 (flat)  0 (hierarchical)
    Elapsed: 1.370s  Memory: 462.00M
XOR differences: 0
"output" in: xor.drc:86
    Polygons (raw): 0 (flat)  0 (hierarchical)
    Elapsed: 0.030s  Memory: 462.00M
--- Running XOR for layer 63/0 ---
"input" in: xor.drc:109
    Polygons (raw): 528 (flat)  2 (hierarchical)
    Elapsed: 0.000s  Memory: 462.00M
"input" in: xor.drc:109
    Polygons (raw): 528 (flat)  2 (hierarchical)
    Elapsed: 0.000s  Memory: 462.00M
"^" in: xor.drc:109
    Polygons (raw): 0 (flat)  0 (hierarchical)
    Elapsed: 0.030s  Memory: 462.00M
XOR differences: 0
"output" in: xor.drc:86
    Polygons (raw): 0 (flat)  0 (hierarchical)
    Elapsed: 0.000s  Memory: 462.00M
--- Running XOR for layer 66/0 ---
"input" in: xor.drc:109
    Polygons (raw): 9282 (flat)  5482 (hierarchical)
    Elapsed: 0.000s  Memory: 462.00M
"input" in: xor.drc:109
    Polygons (raw): 9282 (flat)  206 (hierarchical)
    Elapsed: 0.000s  Memory: 462.00M
"^" in: xor.drc:109
    Polygons (raw): 0 (flat)  0 (hierarchical)
    Elapsed: 0.060s  Memory: 465.00M
XOR differences: 0
"output" in: xor.drc:86
    Polygons (raw): 0 (flat)  0 (hierarchical)
    Elapsed: 0.000s  Memory: 465.00M
--- Running XOR for layer 67/0 ---
"input" in: xor.drc:109
    Polygons (raw): 1132 (flat)  1111 (hierarchical)
    Elapsed: 0.000s  Memory: 465.00M
"input" in: xor.drc:109
    Polygons (raw): 3248 (flat)  1074 (hierarchical)
    Elapsed: 0.000s  Memory: 465.00M
"^" in: xor.drc:109
    Polygons (raw): 0 (flat)  0 (hierarchical)
    Elapsed: 0.040s  Memory: 465.00M
XOR differences: 0
"output" in: xor.drc:86
    Polygons (raw): 0 (flat)  0 (hierarchical)
    Elapsed: 0.000s  Memory: 465.00M
--- Running XOR for layer 67/2 ---
"input" in: xor.drc:109
    Polygons (raw): 4 (flat)  2 (hierarchical)
    Elapsed: 0.010s  Memory: 465.00M
"input" in: xor.drc:109
    Polygons (raw): 4 (flat)  2 (hierarchical)
    Elapsed: 0.000s  Memory: 465.00M
"^" in: xor.drc:109
    Polygons (raw): 0 (flat)  0 (hierarchical)
    Elapsed: 0.010s  Memory: 465.00M
XOR differences: 0
"output" in: xor.drc:86
    Polygons (raw): 0 (flat)  0 (hierarchical)
    Elapsed: 0.000s  Memory: 465.00M
--- Running XOR for layer 67/25 ---
"input" in: xor.drc:109
    Polygons (raw): 0 (flat)  0 (hierarchical)
    Elapsed: 0.000s  Memory: 465.00M
"input" in: xor.drc:109
    Polygons (raw): 0 (flat)  0 (hierarchical)
    Elapsed: 0.000s  Memory: 465.00M
"^" in: xor.drc:109
    Polygons (raw): 0 (flat)  0 (hierarchical)
    Elapsed: 0.010s  Memory: 465.00M
XOR differences: 0
"output" in: xor.drc:86
    Polygons (raw): 0 (flat)  0 (hierarchical)
    Elapsed: 0.000s  Memory: 465.00M
--- Running XOR for layer 8/0 ---
"input" in: xor.drc:109
    Polygons (raw): 30975 (flat)  1449 (hierarchical)
    Elapsed: 0.000s  Memory: 465.00M
"input" in: xor.drc:109
    Polygons (raw): 32029 (flat)  123 (hierarchical)
    Elapsed: 0.000s  Memory: 465.00M
"^" in: xor.drc:109
    Polygons (raw): 0 (flat)  0 (hierarchical)
    Elapsed: 0.670s  Memory: 477.00M
XOR differences: 0
"output" in: xor.drc:86
    Polygons (raw): 0 (flat)  0 (hierarchical)
    Elapsed: 0.030s  Memory: 477.00M
--- Running XOR for layer 8/2 ---
"input" in: xor.drc:109
    Polygons (raw): 17899 (flat)  35 (hierarchical)
    Elapsed: 0.000s  Memory: 477.00M
"input" in: xor.drc:109
    Polygons (raw): 17899 (flat)  35 (hierarchical)
    Elapsed: 0.010s  Memory: 477.00M
"^" in: xor.drc:109
    Polygons (raw): 0 (flat)  0 (hierarchical)
    Elapsed: 0.180s  Memory: 477.00M
XOR differences: 0
"output" in: xor.drc:86
    Polygons (raw): 0 (flat)  0 (hierarchical)
    Elapsed: 0.000s  Memory: 477.00M
--- Running XOR for layer 8/25 ---
"input" in: xor.drc:109
    Polygons (raw): 264 (flat)  1 (hierarchical)
    Elapsed: 0.000s  Memory: 477.00M
"input" in: xor.drc:109
    Polygons (raw): 264 (flat)  1 (hierarchical)
    Elapsed: 0.000s  Memory: 477.00M
"^" in: xor.drc:109
    Polygons (raw): 0 (flat)  0 (hierarchical)
    Elapsed: 0.060s  Memory: 477.00M
XOR differences: 0
"output" in: xor.drc:86
    Polygons (raw): 0 (flat)  0 (hierarchical)
    Elapsed: 0.000s  Memory: 477.00M
---
Total XOR differences: 0
Writing report database: /home/cmaier/EDA/PUDDING/librelane/runs/RUN_2026-02-07_14-50-31/61-klayout-xor/xor.xml ..
Total elapsed: 4.930s  Memory: 477.00M
/home/cmaier/EDA/PUDDING/librelane/runs/RUN_2026-02-07_14-50-31/57-magic-streamout/heichips25_pudding.magic.gds
/home/cmaier/EDA/PUDDING/librelane/runs/RUN_2026-02-07_14-50-31/58-klayout-streamout/heichips25_pudding.klayout.gds
%OL_METRIC_I design__xor_difference__count 0
