2026-02-09 01:37:16 +0100: Memory Usage (422044K) : Starting running IHP-SG13G2 KLayout DRC runset on /home/cmaier/EDA/PUDDING/librelane/runs/RUN_2026-02-09_01-34-10/57-magic-streamout/heichips25_pudding.gds
2026-02-09 01:37:16 +0100: Memory Usage (422044K) : Ruby Version for klayout: 3.3.10
2026-02-09 01:37:16 +0100: Memory Usage (426120K) : Loading database to memory is complete.
2026-02-09 01:37:16 +0100: Memory Usage (426120K) : IHP-SG13G2 KLayout DRC runset output at: /home/cmaier/EDA/PUDDING/librelane/runs/RUN_2026-02-09_01-34-10/64-klayout-drc/reports/drc.klayout.lyrdb
2026-02-09 01:37:16 +0100: Memory Usage (426120K) : Evaluate switches.
2026-02-09 01:37:16 +0100: Memory Usage (426120K) : tables selected: main
2026-02-09 01:37:16 +0100: Memory Usage (426120K) : KLayout will use 8 thread(s) in tiling mode.
2026-02-09 01:37:16 +0100: Memory Usage (426120K) : deep mode is enabled.
2026-02-09 01:37:16 +0100: Memory Usage (426120K) : FEOL enabled: true
2026-02-09 01:37:16 +0100: Memory Usage (426120K) : BEOL enabled: true
2026-02-09 01:37:16 +0100: Memory Usage (426120K) : OFFGRID enabled: true
2026-02-09 01:37:16 +0100: Memory Usage (426120K) : PIN enabled: true
2026-02-09 01:37:16 +0100: Memory Usage (426120K) : FORBIDDEN enabled: true
2026-02-09 01:37:16 +0100: Memory Usage (426120K) : RECOMMENDED enabled: false
2026-02-09 01:37:16 +0100: Memory Usage (426120K) : PreCheck DRC enabled: false
2026-02-09 01:37:16 +0100: Memory Usage (426120K) : CONNECTIVITY_RULES enabled: true.
2026-02-09 01:37:16 +0100: Memory Usage (426120K) : Read in polygons from layers.
2026-02-09 01:37:16 +0100: Memory Usage (427892K) : activ_drw has 32059 polygons
2026-02-09 01:37:16 +0100: Memory Usage (428148K) : activ_pin has 0 polygons
2026-02-09 01:37:16 +0100: Memory Usage (428148K) : activ_mask has 0 polygons
2026-02-09 01:37:16 +0100: Memory Usage (428276K) : activ_filler has 0 polygons
2026-02-09 01:37:16 +0100: Memory Usage (428276K) : activ_nofill has 0 polygons
2026-02-09 01:37:16 +0100: Memory Usage (428404K) : activ_opc has 0 polygons
2026-02-09 01:37:16 +0100: Memory Usage (428404K) : activ_iopc has 0 polygons
2026-02-09 01:37:16 +0100: Memory Usage (428532K) : activ_noqrc has 0 polygons
2026-02-09 01:37:16 +0100: Memory Usage (428788K) : biwind_drw has 0 polygons
2026-02-09 01:37:16 +0100: Memory Usage (428916K) : biwind_opc has 0 polygons
2026-02-09 01:37:16 +0100: Memory Usage (428916K) : pemwind_drw has 0 polygons
2026-02-09 01:37:16 +0100: Memory Usage (428916K) : gatpoly_drw has 23957 polygons
2026-02-09 01:37:16 +0100: Memory Usage (428916K) : gatpoly_pin has 0 polygons
2026-02-09 01:37:16 +0100: Memory Usage (428916K) : gatpoly_filler has 0 polygons
2026-02-09 01:37:16 +0100: Memory Usage (428916K) : gatpoly_nofill has 0 polygons
2026-02-09 01:37:16 +0100: Memory Usage (428916K) : gatpoly_opc has 0 polygons
2026-02-09 01:37:16 +0100: Memory Usage (428916K) : gatpoly_iopc has 0 polygons
2026-02-09 01:37:16 +0100: Memory Usage (428916K) : gatpoly_noqrc has 0 polygons
2026-02-09 01:37:16 +0100: Memory Usage (428916K) : cont_drw has 218610 polygons
2026-02-09 01:37:16 +0100: Memory Usage (428916K) : cont_opc has 0 polygons
2026-02-09 01:37:16 +0100: Memory Usage (429044K) : nsd_drw has 0 polygons
2026-02-09 01:37:16 +0100: Memory Usage (429044K) : nsd_block has 0 polygons
2026-02-09 01:37:16 +0100: Memory Usage (429172K) : metal1_drw has 37151 polygons
2026-02-09 01:37:16 +0100: Memory Usage (429300K) : metal1_pin has 17899 polygons
2026-02-09 01:37:16 +0100: Memory Usage (429300K) : metal1_mask has 0 polygons
2026-02-09 01:37:16 +0100: Memory Usage (429428K) : metal1_filler has 0 polygons
2026-02-09 01:37:16 +0100: Memory Usage (429556K) : metal1_nofill has 0 polygons
2026-02-09 01:37:16 +0100: Memory Usage (429556K) : metal1_slit has 0 polygons
2026-02-09 01:37:16 +0100: Memory Usage (429732K) : metal1_text has 17504 polygons
2026-02-09 01:37:16 +0100: Memory Usage (429860K) : metal1_opc has 0 polygons
2026-02-09 01:37:16 +0100: Memory Usage (429860K) : metal1_noqrc has 0 polygons
2026-02-09 01:37:16 +0100: Memory Usage (429988K) : metal1_res has 0 polygons
2026-02-09 01:37:16 +0100: Memory Usage (429988K) : metal1_iprobe has 0 polygons
2026-02-09 01:37:16 +0100: Memory Usage (430116K) : metal1_diffprb has 0 polygons
2026-02-09 01:37:16 +0100: Memory Usage (430244K) : passiv_drw has 0 polygons
2026-02-09 01:37:16 +0100: Memory Usage (430244K) : passiv_pin has 0 polygons
2026-02-09 01:37:16 +0100: Memory Usage (430372K) : passiv_sbump has 0 polygons
2026-02-09 01:37:16 +0100: Memory Usage (430372K) : passiv_pillar has 0 polygons
2026-02-09 01:37:16 +0100: Memory Usage (430500K) : passiv_pdl has 0 polygons
2026-02-09 01:37:16 +0100: Memory Usage (430628K) : metal2_drw has 11534 polygons
2026-02-09 01:37:16 +0100: Memory Usage (430756K) : metal2_pin has 3960 polygons
2026-02-09 01:37:16 +0100: Memory Usage (430756K) : metal2_mask has 0 polygons
2026-02-09 01:37:16 +0100: Memory Usage (430884K) : metal2_filler has 0 polygons
2026-02-09 01:37:16 +0100: Memory Usage (431012K) : metal2_nofill has 0 polygons
2026-02-09 01:37:16 +0100: Memory Usage (431012K) : metal2_slit has 0 polygons
2026-02-09 01:37:16 +0100: Memory Usage (431140K) : metal2_text has 4511 polygons
2026-02-09 01:37:16 +0100: Memory Usage (431268K) : metal2_opc has 0 polygons
2026-02-09 01:37:16 +0100: Memory Usage (431396K) : metal2_noqrc has 0 polygons
2026-02-09 01:37:16 +0100: Memory Usage (431396K) : metal2_res has 0 polygons
2026-02-09 01:37:16 +0100: Memory Usage (431524K) : metal2_iprobe has 0 polygons
2026-02-09 01:37:16 +0100: Memory Usage (431524K) : metal2_diffprb has 0 polygons
2026-02-09 01:37:16 +0100: Memory Usage (431652K) : baspoly_drw has 0 polygons
2026-02-09 01:37:16 +0100: Memory Usage (431652K) : baspoly_pin has 0 polygons
2026-02-09 01:37:16 +0100: Memory Usage (431780K) : psd_drw has 15376 polygons
2026-02-09 01:37:16 +0100: Memory Usage (431780K) : nldb_drw has 0 polygons
2026-02-09 01:37:16 +0100: Memory Usage (431908K) : digibnd_drw has 0 polygons
2026-02-09 01:37:16 +0100: Memory Usage (432036K) : via1_drw has 10399 polygons
2026-02-09 01:37:16 +0100: Memory Usage (432164K) : backmetal1_drw has 0 polygons
2026-02-09 01:37:16 +0100: Memory Usage (432164K) : backmetal1_pin has 0 polygons
2026-02-09 01:37:16 +0100: Memory Usage (432292K) : backmetal1_mask has 0 polygons
2026-02-09 01:37:16 +0100: Memory Usage (432292K) : backmetal1_filler has 0 polygons
2026-02-09 01:37:16 +0100: Memory Usage (432420K) : backmetal1_nofill has 0 polygons
2026-02-09 01:37:16 +0100: Memory Usage (432420K) : backmetal1_slit has 0 polygons
2026-02-09 01:37:16 +0100: Memory Usage (432548K) : backmetal1_text has 0 polygons
2026-02-09 01:37:16 +0100: Memory Usage (432548K) : backmetal1_opc has 0 polygons
2026-02-09 01:37:16 +0100: Memory Usage (432676K) : backmetal1_noqrc has 0 polygons
2026-02-09 01:37:16 +0100: Memory Usage (432676K) : backmetal1_res has 0 polygons
2026-02-09 01:37:16 +0100: Memory Usage (432804K) : backmetal1_iprobe has 0 polygons
2026-02-09 01:37:16 +0100: Memory Usage (432804K) : backmetal1_diffprb has 0 polygons
2026-02-09 01:37:16 +0100: Memory Usage (432932K) : backpassiv_drw has 0 polygons
2026-02-09 01:37:16 +0100: Memory Usage (433060K) : res_drw has 0 polygons
2026-02-09 01:37:16 +0100: Memory Usage (433060K) : sram_drw has 0 polygons
2026-02-09 01:37:16 +0100: Memory Usage (433188K) : trans_drw has 0 polygons
2026-02-09 01:37:16 +0100: Memory Usage (433188K) : ind_drw has 0 polygons
2026-02-09 01:37:16 +0100: Memory Usage (433316K) : ind_pin has 0 polygons
2026-02-09 01:37:16 +0100: Memory Usage (433316K) : ind_text has 0 polygons
2026-02-09 01:37:16 +0100: Memory Usage (433316K) : salblock_drw has 0 polygons
2026-02-09 01:37:16 +0100: Memory Usage (433572K) : via2_drw has 7523 polygons
2026-02-09 01:37:16 +0100: Memory Usage (433700K) : metal3_drw has 3824 polygons
2026-02-09 01:37:16 +0100: Memory Usage (433700K) : metal3_pin has 1135 polygons
2026-02-09 01:37:16 +0100: Memory Usage (433828K) : metal3_mask has 0 polygons
2026-02-09 01:37:16 +0100: Memory Usage (433956K) : metal3_filler has 0 polygons
2026-02-09 01:37:16 +0100: Memory Usage (433956K) : metal3_nofill has 0 polygons
2026-02-09 01:37:16 +0100: Memory Usage (434084K) : metal3_slit has 0 polygons
2026-02-09 01:37:16 +0100: Memory Usage (434084K) : metal3_text has 987 polygons
2026-02-09 01:37:16 +0100: Memory Usage (434212K) : metal3_opc has 0 polygons
2026-02-09 01:37:16 +0100: Memory Usage (434212K) : metal3_noqrc has 0 polygons
2026-02-09 01:37:16 +0100: Memory Usage (434340K) : metal3_res has 0 polygons
2026-02-09 01:37:16 +0100: Memory Usage (434340K) : metal3_iprobe has 0 polygons
2026-02-09 01:37:16 +0100: Memory Usage (434468K) : metal3_diffprb has 0 polygons
2026-02-09 01:37:16 +0100: Memory Usage (434468K) : nwell_drw has 8221 polygons
2026-02-09 01:37:16 +0100: Memory Usage (434596K) : nwell_pin has 0 polygons
2026-02-09 01:37:16 +0100: Memory Usage (434596K) : nbulay_drw has 0 polygons
2026-02-09 01:37:16 +0100: Memory Usage (434724K) : nbulay_pin has 0 polygons
2026-02-09 01:37:16 +0100: Memory Usage (434724K) : nbulay_block has 0 polygons
2026-02-09 01:37:16 +0100: Memory Usage (434852K) : emwind_drw has 0 polygons
2026-02-09 01:37:16 +0100: Memory Usage (434852K) : emwind_opc has 0 polygons
2026-02-09 01:37:16 +0100: Memory Usage (434980K) : deepco_drw has 0 polygons
2026-02-09 01:37:16 +0100: Memory Usage (434980K) : deepco_drw has 0 polygons
2026-02-09 01:37:16 +0100: Memory Usage (435108K) : mim_drw has 0 polygons
2026-02-09 01:37:16 +0100: Memory Usage (435108K) : edgeseal_drw has 0 polygons
2026-02-09 01:37:16 +0100: Memory Usage (435236K) : edgeseal_bound has 0 polygons
2026-02-09 01:37:16 +0100: Memory Usage (435364K) : substrate_drw has 0 polygons
2026-02-09 01:37:16 +0100: Memory Usage (435364K) : substrate_text has 0 polygons
2026-02-09 01:37:16 +0100: Memory Usage (435492K) : dfpad_drw has 0 polygons
2026-02-09 01:37:16 +0100: Memory Usage (435492K) : dfpad_pillar has 0 polygons
2026-02-09 01:37:16 +0100: Memory Usage (435620K) : dfpad_sbump has 0 polygons
2026-02-09 01:37:16 +0100: Memory Usage (435620K) : thickgateox_drw has 0 polygons
2026-02-09 01:37:16 +0100: Memory Usage (435748K) : pldb_drw has 0 polygons
2026-02-09 01:37:16 +0100: Memory Usage (435748K) : pwell_drw has 0 polygons
2026-02-09 01:37:16 +0100: Memory Usage (435876K) : pwell_pin has 0 polygons
2026-02-09 01:37:16 +0100: Memory Usage (435876K) : pwell_block has 0 polygons
2026-02-09 01:37:16 +0100: Memory Usage (436004K) : ic_drw has 0 polygons
2026-02-09 01:37:16 +0100: Memory Usage (436132K) : via3_drw has 7209 polygons
2026-02-09 01:37:16 +0100: Memory Usage (436260K) : metal4_drw has 1184 polygons
2026-02-09 01:37:16 +0100: Memory Usage (436388K) : metal4_pin has 0 polygons
2026-02-09 01:37:16 +0100: Memory Usage (436388K) : metal4_mask has 0 polygons
2026-02-09 01:37:16 +0100: Memory Usage (436388K) : metal4_filler has 0 polygons
2026-02-09 01:37:16 +0100: Memory Usage (436516K) : metal4_nofill has 0 polygons
2026-02-09 01:37:16 +0100: Memory Usage (436516K) : metal4_slit has 0 polygons
2026-02-09 01:37:16 +0100: Memory Usage (436644K) : metal4_text has 1 polygons
2026-02-09 01:37:16 +0100: Memory Usage (436644K) : metal4_opc has 0 polygons
2026-02-09 01:37:16 +0100: Memory Usage (436772K) : metal4_noqrc has 0 polygons
2026-02-09 01:37:16 +0100: Memory Usage (436772K) : metal4_res has 0 polygons
2026-02-09 01:37:16 +0100: Memory Usage (436900K) : metal4_iprobe has 0 polygons
2026-02-09 01:37:16 +0100: Memory Usage (437028K) : metal4_diffprb has 0 polygons
2026-02-09 01:37:16 +0100: Memory Usage (437028K) : heattrans_drw has 0 polygons
2026-02-09 01:37:16 +0100: Memory Usage (437156K) : heatres_drw has 0 polygons
2026-02-09 01:37:16 +0100: Memory Usage (437156K) : pempoly_drw has 0 polygons
2026-02-09 01:37:16 +0100: Memory Usage (437284K) : fbe_drw has 0 polygons
2026-02-09 01:37:16 +0100: Memory Usage (437284K) : empoly_drw has 0 polygons
2026-02-09 01:37:16 +0100: Memory Usage (437412K) : ldmos_drw has 0 polygons
2026-02-09 01:37:16 +0100: Memory Usage (437412K) : pbiwind_drw has 0 polygons
2026-02-09 01:37:16 +0100: Memory Usage (437540K) : digisub_drw has 0 polygons
2026-02-09 01:37:16 +0100: Memory Usage (437540K) : nodrc_drw has 0 polygons
2026-02-09 01:37:16 +0100: Memory Usage (437668K) : text_drw has 0 polygons
2026-02-09 01:37:16 +0100: Memory Usage (437796K) : via4_drw has 9282 polygons
2026-02-09 01:37:16 +0100: Memory Usage (437924K) : metal5_drw has 1132 polygons
2026-02-09 01:37:16 +0100: Memory Usage (438052K) : metal5_pin has 4 polygons
2026-02-09 01:37:16 +0100: Memory Usage (438052K) : metal5_mask has 0 polygons
2026-02-09 01:37:16 +0100: Memory Usage (438180K) : metal5_filler has 0 polygons
2026-02-09 01:37:16 +0100: Memory Usage (438180K) : metal5_nofill has 0 polygons
2026-02-09 01:37:16 +0100: Memory Usage (438180K) : metal5_slit has 0 polygons
2026-02-09 01:37:16 +0100: Memory Usage (438180K) : metal5_text has 6 polygons
2026-02-09 01:37:16 +0100: Memory Usage (438180K) : metal5_opc has 0 polygons
2026-02-09 01:37:16 +0100: Memory Usage (438180K) : metal5_noqrc has 0 polygons
2026-02-09 01:37:17 +0100: Memory Usage (438180K) : metal5_res has 0 polygons
2026-02-09 01:37:17 +0100: Memory Usage (438180K) : metal5_iprobe has 0 polygons
2026-02-09 01:37:17 +0100: Memory Usage (438180K) : metal5_diffprb has 0 polygons
2026-02-09 01:37:17 +0100: Memory Usage (438180K) : radhard_drw has 0 polygons
2026-02-09 01:37:17 +0100: Memory Usage (438180K) : memcap_drw has 0 polygons
2026-02-09 01:37:17 +0100: Memory Usage (438180K) : varicap_drw has 0 polygons
2026-02-09 01:37:17 +0100: Memory Usage (438180K) : flash_drw has 0 polygons
2026-02-09 01:37:17 +0100: Memory Usage (438180K) : intbondvia_drw has 0 polygons
2026-02-09 01:37:17 +0100: Memory Usage (438180K) : intbondmet_drw has 0 polygons
2026-02-09 01:37:17 +0100: Memory Usage (438180K) : devbondvia_drw has 0 polygons
2026-02-09 01:37:17 +0100: Memory Usage (438180K) : devbondmet_drw has 0 polygons
2026-02-09 01:37:17 +0100: Memory Usage (438180K) : devtrench_drw has 0 polygons
2026-02-09 01:37:17 +0100: Memory Usage (438180K) : redist_drw has 0 polygons
2026-02-09 01:37:17 +0100: Memory Usage (438180K) : graphbot_drw has 0 polygons
2026-02-09 01:37:17 +0100: Memory Usage (438180K) : graphtop_drw has 0 polygons
2026-02-09 01:37:17 +0100: Memory Usage (438180K) : antvia1_drw has 0 polygons
2026-02-09 01:37:17 +0100: Memory Usage (438180K) : antmetal2_drw has 0 polygons
2026-02-09 01:37:17 +0100: Memory Usage (438180K) : graphcont_drw has 0 polygons
2026-02-09 01:37:17 +0100: Memory Usage (438180K) : siwg_drw has 0 polygons
2026-02-09 01:37:17 +0100: Memory Usage (438180K) : siwg_filler has 0 polygons
2026-02-09 01:37:17 +0100: Memory Usage (438180K) : siwg_nofill has 0 polygons
2026-02-09 01:37:17 +0100: Memory Usage (438180K) : sigrating_drw has 0 polygons
2026-02-09 01:37:17 +0100: Memory Usage (438180K) : singrating_drw has 0 polygons
2026-02-09 01:37:17 +0100: Memory Usage (438180K) : graphpas_drw has 0 polygons
2026-02-09 01:37:17 +0100: Memory Usage (438180K) : emwind3_drw has 0 polygons
2026-02-09 01:37:17 +0100: Memory Usage (438180K) : emwihv3_drw has 0 polygons
2026-02-09 01:37:17 +0100: Memory Usage (438180K) : redbulay_drw has 0 polygons
2026-02-09 01:37:17 +0100: Memory Usage (438180K) : smos_drw has 0 polygons
2026-02-09 01:37:17 +0100: Memory Usage (438180K) : graphpad_drw has 0 polygons
2026-02-09 01:37:17 +0100: Memory Usage (438180K) : polimide_drw has 0 polygons
2026-02-09 01:37:17 +0100: Memory Usage (438180K) : polimide_pin has 0 polygons
2026-02-09 01:37:17 +0100: Memory Usage (438180K) : recog_drw has 0 polygons
2026-02-09 01:37:17 +0100: Memory Usage (438180K) : recog_pin has 0 polygons
2026-02-09 01:37:17 +0100: Memory Usage (438180K) : recog_esd has 0 polygons
2026-02-09 01:37:17 +0100: Memory Usage (438180K) : recog_diode has 0 polygons
2026-02-09 01:37:17 +0100: Memory Usage (438180K) : recog_tsv has 0 polygons
2026-02-09 01:37:17 +0100: Memory Usage (438180K) : recog_iprobe has 0 polygons
2026-02-09 01:37:17 +0100: Memory Usage (438180K) : recog_diffprb has 0 polygons
2026-02-09 01:37:17 +0100: Memory Usage (438180K) : recog_pillar has 0 polygons
2026-02-09 01:37:17 +0100: Memory Usage (438180K) : recog_sbump has 0 polygons
2026-02-09 01:37:17 +0100: Memory Usage (438180K) : recog_otp has 0 polygons
2026-02-09 01:37:17 +0100: Memory Usage (438180K) : recog_pdiode has 0 polygons
2026-02-09 01:37:17 +0100: Memory Usage (438180K) : recog_mom has 0 polygons
2026-02-09 01:37:17 +0100: Memory Usage (438180K) : recog_pcm has 0 polygons
2026-02-09 01:37:17 +0100: Memory Usage (438180K) : colopen_drw has 0 polygons
2026-02-09 01:37:17 +0100: Memory Usage (438180K) : graphmetal1_drw has 0 polygons
2026-02-09 01:37:17 +0100: Memory Usage (438180K) : graphmetal1_filler has 0 polygons
2026-02-09 01:37:17 +0100: Memory Usage (438180K) : graphmetal1_nofill has 0 polygons
2026-02-09 01:37:17 +0100: Memory Usage (438180K) : graphmetal1_slit has 0 polygons
2026-02-09 01:37:17 +0100: Memory Usage (438180K) : graphmetal1_opc has 0 polygons
2026-02-09 01:37:17 +0100: Memory Usage (438180K) : graphmet1l_drw has 0 polygons
2026-02-09 01:37:17 +0100: Memory Usage (438180K) : graphmet1l_filler has 0 polygons
2026-02-09 01:37:17 +0100: Memory Usage (438180K) : graphmet1l_nofill has 0 polygons
2026-02-09 01:37:17 +0100: Memory Usage (438180K) : graphmet1l_slit has 0 polygons
2026-02-09 01:37:17 +0100: Memory Usage (438180K) : graphmet1l_opc has 0 polygons
2026-02-09 01:37:17 +0100: Memory Usage (438180K) : extblock_drw has 0 polygons
2026-02-09 01:37:17 +0100: Memory Usage (438180K) : nldd_drw has 0 polygons
2026-02-09 01:37:17 +0100: Memory Usage (438180K) : pldd_drw has 0 polygons
2026-02-09 01:37:17 +0100: Memory Usage (438180K) : next_drw has 0 polygons
2026-02-09 01:37:17 +0100: Memory Usage (438180K) : pext_drw has 0 polygons
2026-02-09 01:37:17 +0100: Memory Usage (438180K) : nexthv_drw has 0 polygons
2026-02-09 01:37:17 +0100: Memory Usage (438180K) : pexthv_drw has 0 polygons
2026-02-09 01:37:17 +0100: Memory Usage (438180K) : graphgate_drw has 0 polygons
2026-02-09 01:37:17 +0100: Memory Usage (438180K) : sinwg_drw has 0 polygons
2026-02-09 01:37:17 +0100: Memory Usage (438180K) : sinwg_filler has 0 polygons
2026-02-09 01:37:17 +0100: Memory Usage (438180K) : sinwg_nofill has 0 polygons
2026-02-09 01:37:17 +0100: Memory Usage (438180K) : mempad_drw has 0 polygons
2026-02-09 01:37:17 +0100: Memory Usage (438180K) : topvia1_drw has 2796 polygons
2026-02-09 01:37:17 +0100: Memory Usage (438180K) : topmetal1_drw has 55 polygons
2026-02-09 01:37:17 +0100: Memory Usage (438180K) : topmetal1_pin has 49 polygons
2026-02-09 01:37:17 +0100: Memory Usage (438180K) : topmetal1_mask has 0 polygons
2026-02-09 01:37:17 +0100: Memory Usage (438180K) : topmetal1_filler has 0 polygons
2026-02-09 01:37:17 +0100: Memory Usage (438180K) : topmetal1_nofill has 0 polygons
2026-02-09 01:37:17 +0100: Memory Usage (438180K) : topmetal1_slit has 0 polygons
2026-02-09 01:37:17 +0100: Memory Usage (438180K) : topmetal1_text has 50 polygons
2026-02-09 01:37:17 +0100: Memory Usage (438180K) : topmetal1_noqrc has 0 polygons
2026-02-09 01:37:17 +0100: Memory Usage (438180K) : topmetal1_res has 0 polygons
2026-02-09 01:37:17 +0100: Memory Usage (438180K) : topmetal1_iprobe has 0 polygons
2026-02-09 01:37:17 +0100: Memory Usage (438180K) : topmetal1_diffprb has 0 polygons
2026-02-09 01:37:17 +0100: Memory Usage (438180K) : inldpwl_drw has 0 polygons
2026-02-09 01:37:17 +0100: Memory Usage (438180K) : polyres_drw has 0 polygons
2026-02-09 01:37:17 +0100: Memory Usage (438180K) : polyres_pin has 0 polygons
2026-02-09 01:37:17 +0100: Memory Usage (438180K) : vmim_drw has 0 polygons
2026-02-09 01:37:17 +0100: Memory Usage (438180K) : nbulaycut_drw has 0 polygons
2026-02-09 01:37:17 +0100: Memory Usage (438180K) : antmetal1_drw has 0 polygons
2026-02-09 01:37:17 +0100: Memory Usage (438180K) : topvia2_drw has 441 polygons
2026-02-09 01:37:17 +0100: Memory Usage (438180K) : topmetal2_drw has 18 polygons
2026-02-09 01:37:17 +0100: Memory Usage (438180K) : topmetal2_pin has 18 polygons
2026-02-09 01:37:17 +0100: Memory Usage (438180K) : topmetal2_mask has 0 polygons
2026-02-09 01:37:17 +0100: Memory Usage (438180K) : topmetal2_filler has 0 polygons
2026-02-09 01:37:17 +0100: Memory Usage (438180K) : topmetal2_nofill has 0 polygons
2026-02-09 01:37:17 +0100: Memory Usage (438180K) : topmetal2_slit has 0 polygons
2026-02-09 01:37:17 +0100: Memory Usage (438180K) : topmetal2_text has 20 polygons
2026-02-09 01:37:17 +0100: Memory Usage (438180K) : topmetal2_noqrc has 0 polygons
2026-02-09 01:37:17 +0100: Memory Usage (438180K) : topmetal2_res has 0 polygons
2026-02-09 01:37:17 +0100: Memory Usage (438180K) : topmetal2_iprobe has 0 polygons
2026-02-09 01:37:17 +0100: Memory Usage (438180K) : topmetal2_diffprb has 0 polygons
2026-02-09 01:37:17 +0100: Memory Usage (438180K) : snsring_drw has 0 polygons
2026-02-09 01:37:17 +0100: Memory Usage (438180K) : sensor_drw has 0 polygons
2026-02-09 01:37:17 +0100: Memory Usage (438180K) : snsarms_drw has 0 polygons
2026-02-09 01:37:17 +0100: Memory Usage (438180K) : snscmosvia_drw has 0 polygons
2026-02-09 01:37:17 +0100: Memory Usage (438180K) : colwind_drw has 0 polygons
2026-02-09 01:37:17 +0100: Memory Usage (438180K) : flm_drw has 0 polygons
2026-02-09 01:37:17 +0100: Memory Usage (438180K) : hafniumox_drw has 0 polygons
2026-02-09 01:37:17 +0100: Memory Usage (438180K) : memvia_drw has 0 polygons
2026-02-09 01:37:17 +0100: Memory Usage (438180K) : thinfilmres_drw has 0 polygons
2026-02-09 01:37:17 +0100: Memory Usage (438180K) : rfmem_drw has 0 polygons
2026-02-09 01:37:17 +0100: Memory Usage (438180K) : norcx_drw has 0 polygons
2026-02-09 01:37:17 +0100: Memory Usage (438180K) : norcx_m2m3 has 0 polygons
2026-02-09 01:37:17 +0100: Memory Usage (438180K) : norcx_m2m4 has 0 polygons
2026-02-09 01:37:17 +0100: Memory Usage (438180K) : norcx_m2m5 has 0 polygons
2026-02-09 01:37:17 +0100: Memory Usage (438180K) : norcx_m2tm1 has 0 polygons
2026-02-09 01:37:17 +0100: Memory Usage (438180K) : norcx_m2tm2 has 0 polygons
2026-02-09 01:37:17 +0100: Memory Usage (438180K) : norcx_m3m4 has 0 polygons
2026-02-09 01:37:17 +0100: Memory Usage (438180K) : norcx_m3m5 has 0 polygons
2026-02-09 01:37:17 +0100: Memory Usage (438180K) : norcx_m3tm1 has 0 polygons
2026-02-09 01:37:17 +0100: Memory Usage (438180K) : norcx_m3tm2 has 0 polygons
2026-02-09 01:37:17 +0100: Memory Usage (438180K) : norcx_m4m5 has 0 polygons
2026-02-09 01:37:17 +0100: Memory Usage (438180K) : norcx_m4tm1 has 0 polygons
2026-02-09 01:37:17 +0100: Memory Usage (438180K) : norcx_m4tm2 has 0 polygons
2026-02-09 01:37:17 +0100: Memory Usage (438180K) : norcx_m5tm1 has 0 polygons
2026-02-09 01:37:17 +0100: Memory Usage (438180K) : norcx_m5tm2 has 0 polygons
2026-02-09 01:37:17 +0100: Memory Usage (438180K) : norcx_tm1tm2 has 0 polygons
2026-02-09 01:37:17 +0100: Memory Usage (438180K) : norcx_m1sub has 0 polygons
2026-02-09 01:37:17 +0100: Memory Usage (438180K) : norcx_m2sub has 0 polygons
2026-02-09 01:37:17 +0100: Memory Usage (438180K) : norcx_m3sub has 0 polygons
2026-02-09 01:37:17 +0100: Memory Usage (438180K) : norcx_m4sub has 0 polygons
2026-02-09 01:37:17 +0100: Memory Usage (438180K) : norcx_m5sub has 0 polygons
2026-02-09 01:37:17 +0100: Memory Usage (438180K) : norcx_tm1sub has 0 polygons
2026-02-09 01:37:17 +0100: Memory Usage (438180K) : norcx_tm2sub has 0 polygons
2026-02-09 01:37:17 +0100: Memory Usage (438180K) : snsbotvia_drw has 0 polygons
2026-02-09 01:37:17 +0100: Memory Usage (438308K) : snstopvia_drw has 0 polygons
2026-02-09 01:37:17 +0100: Memory Usage (438308K) : deepvia_drw has 0 polygons
2026-02-09 01:37:17 +0100: Memory Usage (438436K) : fgetch_drw has 0 polygons
2026-02-09 01:37:17 +0100: Memory Usage (438436K) : ctrgat_drw has 0 polygons
2026-02-09 01:37:17 +0100: Memory Usage (438564K) : fgimp_drw has 0 polygons
2026-02-09 01:37:17 +0100: Memory Usage (438564K) : emwihv_drw has 0 polygons
2026-02-09 01:37:17 +0100: Memory Usage (438692K) : lbe_drw has 0 polygons
2026-02-09 01:37:17 +0100: Memory Usage (438692K) : alcustop_drw has 0 polygons
2026-02-09 01:37:17 +0100: Memory Usage (438820K) : nometfiller_drw has 0 polygons
2026-02-09 01:37:17 +0100: Memory Usage (438820K) : prboundary_drw has 0 polygons
2026-02-09 01:37:17 +0100: Memory Usage (438948K) : exchange0_drw has 0 polygons
2026-02-09 01:37:17 +0100: Memory Usage (438948K) : exchange0_pin has 0 polygons
2026-02-09 01:37:17 +0100: Memory Usage (439076K) : exchange0_text has 0 polygons
2026-02-09 01:37:17 +0100: Memory Usage (439076K) : exchange1_drw has 0 polygons
2026-02-09 01:37:17 +0100: Memory Usage (439204K) : exchange1_pin has 0 polygons
2026-02-09 01:37:17 +0100: Memory Usage (439204K) : exchange1_text has 0 polygons
2026-02-09 01:37:17 +0100: Memory Usage (439332K) : exchange2_drw has 0 polygons
2026-02-09 01:37:17 +0100: Memory Usage (439332K) : exchange2_pin has 0 polygons
2026-02-09 01:37:17 +0100: Memory Usage (439460K) : exchange2_text has 0 polygons
2026-02-09 01:37:17 +0100: Memory Usage (439460K) : exchange3_drw has 0 polygons
2026-02-09 01:37:17 +0100: Memory Usage (439588K) : exchange3_pin has 0 polygons
2026-02-09 01:37:17 +0100: Memory Usage (439588K) : exchange3_text has 0 polygons
2026-02-09 01:37:17 +0100: Memory Usage (439716K) : exchange4_drw has 0 polygons
2026-02-09 01:37:17 +0100: Memory Usage (439716K) : exchange4_pin has 0 polygons
2026-02-09 01:37:17 +0100: Memory Usage (439844K) : exchange4_text has 0 polygons
2026-02-09 01:37:17 +0100: Memory Usage (439844K) : isonwell_drw has 0 polygons
2026-02-09 01:37:17 +0100: Memory Usage (439844K) : Total no. of polygons in the design is 436915
2026-02-09 01:37:17 +0100: Memory Usage (439844K) : Loaded TECH DRC rules values from /home/cmaier/.ciel/ciel/ihp-sg13g2/versions/c4b8b4e5e7a05f375cca3815d51b3a37721fbf5c/ihp-sg13g2/libs.tech/klayout/python/sg13g2_pycell_lib/sg13g2_tech_mod.json
2026-02-09 01:37:17 +0100: Memory Usage (439844K) : Loaded default DRC rules values from /home/cmaier/.ciel/ciel/ihp-sg13g2/versions/c4b8b4e5e7a05f375cca3815d51b3a37721fbf5c/ihp-sg13g2/libs.tech/klayout/tech/drc/rule_decks/sg13g2_tech_default.json
2026-02-09 01:37:17 +0100: Memory Usage (439844K) : The following rules values were missing in tech json and default values were used:
2026-02-09 01:37:17 +0100: Memory Usage (439844K) :   - Cnt_c_digibnd
2026-02-09 01:37:17 +0100: Memory Usage (440868K) : Total area of the design is 100000.0 um^2.
2026-02-09 01:37:17 +0100: Memory Usage (440868K) : The design dimensions are 500.0 µm * 200.0 µm.
2026-02-09 01:37:17 +0100: Memory Usage (440868K) : Starting general IHP-SG13G2 derivations.
2026-02-09 01:37:17 +0100: Memory Usage (440868K) : Starting Pwell derivations
2026-02-09 01:37:17 +0100: Memory Usage (450548K) : Starting n-Activ derivations
2026-02-09 01:37:17 +0100: Memory Usage (455412K) : Starting p-Activ derivations
2026-02-09 01:37:17 +0100: Memory Usage (459636K) : Starting ptap derivations
2026-02-09 01:37:18 +0100: Memory Usage (464244K) : Starting ntap derivations
2026-02-09 01:37:18 +0100: Memory Usage (468852K) : Starting pact FET derivations
2026-02-09 01:37:18 +0100: Memory Usage (469108K) : Starting nact FET derivations
2026-02-09 01:37:18 +0100: Memory Usage (473588K) : Starting Gate derivations
2026-02-09 01:37:18 +0100: Memory Usage (475508K) : Starting cont/contbar general derivations
2026-02-09 01:37:19 +0100: Memory Usage (489076K) : Starting pad general derivations
2026-02-09 01:37:19 +0100: Memory Usage (489076K) : Starting IHP-SG13G2 DRC connectivity related derivations.
2026-02-09 01:37:19 +0100: Memory Usage (489076K) : Starting IHP-SG13G2 DRC connectivity setup
2026-02-09 01:37:21 +0100: Memory Usage (489212K) : Starting IHP-SG13G2 DRC rules.
2026-02-09 01:37:21 +0100: Memory Usage (489212K) : Running all FEOL rules
2026-02-09 01:37:21 +0100: Memory Usage (489212K) : Running all BEOL rules
2026-02-09 01:37:21 +0100: Memory Usage (489212K) : Running all PIN rules
2026-02-09 01:37:21 +0100: Memory Usage (489212K) : Running all FORBIDDEN rules
2026-02-09 01:37:21 +0100: Memory Usage (489212K) : Starting 5.1 NWell table
2026-02-09 01:37:21 +0100: Memory Usage (489212K) : Executing rule NW.b
2026-02-09 01:37:21 +0100: Memory Usage (493704K) : Executing rule NW.b1
2026-02-09 01:37:21 +0100: Memory Usage (493704K) : Starting 5.2 PWell:block
2026-02-09 01:37:21 +0100: Memory Usage (493704K) : Executing rule PWB.e
2026-02-09 01:37:21 +0100: Memory Usage (493704K) : Executing rule PWB.e1
2026-02-09 01:37:21 +0100: Memory Usage (493704K) : Executing rule PWB.f
2026-02-09 01:37:21 +0100: Memory Usage (493704K) : Executing rule PWB.f1
2026-02-09 01:37:21 +0100: Memory Usage (493704K) : Starting 5.3 nBuLay table
2026-02-09 01:37:21 +0100: Memory Usage (495240K) : Executing rule NBL.b
2026-02-09 01:37:21 +0100: Memory Usage (495368K) : Executing rule NBL.c
2026-02-09 01:37:21 +0100: Memory Usage (495368K) : Executing rule NBL.d
2026-02-09 01:37:21 +0100: Memory Usage (496264K) : Executing rule NBL.e
2026-02-09 01:37:21 +0100: Memory Usage (497032K) : Executing rule NBL.f
2026-02-09 01:37:21 +0100: Memory Usage (497156K) : Starting 5.5. Activ table
2026-02-09 01:37:21 +0100: Memory Usage (497156K) : Executing rule Act.a
2026-02-09 01:37:22 +0100: Memory Usage (497156K) : Executing rule Act.b
2026-02-09 01:37:22 +0100: Memory Usage (503068K) : Starting 5.6 Activ:filler table
2026-02-09 01:37:22 +0100: Memory Usage (503068K) : Executing rule AFil.c1
2026-02-09 01:37:22 +0100: Memory Usage (503068K) : Executing rule AFil.c
2026-02-09 01:37:22 +0100: Memory Usage (503068K) : Executing rule AFil.d
2026-02-09 01:37:22 +0100: Memory Usage (503068K) : Executing rule AFil.e
2026-02-09 01:37:22 +0100: Memory Usage (503068K) : Executing rule AFil.j
2026-02-09 01:37:22 +0100: Memory Usage (503068K) : Starting 5.7. ThickGateOx table
2026-02-09 01:37:22 +0100: Memory Usage (503068K) : Executing rule TGO.f
2026-02-09 01:37:22 +0100: Memory Usage (503068K) : Starting 5.8. GatPoly table
2026-02-09 01:37:22 +0100: Memory Usage (503068K) : Executing rule Gat.a
2026-02-09 01:37:22 +0100: Memory Usage (503068K) : Executing rule Gat.b
2026-02-09 01:37:22 +0100: Memory Usage (503196K) : Executing rule Gat.d
2026-02-09 01:37:22 +0100: Memory Usage (503196K) : Executing rule Gat.a1
2026-02-09 01:37:22 +0100: Memory Usage (503760K) : Executing rule Gat.a2
2026-02-09 01:37:23 +0100: Memory Usage (506064K) : Executing rule Gat.g
2026-02-09 01:37:23 +0100: Memory Usage (506064K) : Starting 5.9 GatPoly:filler
2026-02-09 01:37:23 +0100: Memory Usage (506064K) : Executing rule GFil.d
2026-02-09 01:37:23 +0100: Memory Usage (506064K) : Executing rule GFil.e
2026-02-09 01:37:23 +0100: Memory Usage (506064K) : Executing rule GFil.i
2026-02-09 01:37:23 +0100: Memory Usage (506064K) : Starting 5.10 pSD table
2026-02-09 01:37:23 +0100: Memory Usage (506064K) : Executing rule pSD.c1
2026-02-09 01:37:23 +0100: Memory Usage (509772K) : Starting 5.14. Cont table
2026-02-09 01:37:23 +0100: Memory Usage (509772K) : Executing rule Cnt.a
2026-02-09 01:37:24 +0100: Memory Usage (521036K) : Executing rule Cnt.b
2026-02-09 01:37:24 +0100: Memory Usage (522188K) : Executing rule Cnt.c
2026-02-09 01:37:26 +0100: Memory Usage (528588K) : Executing rule Cnt.c
2026-02-09 01:37:26 +0100: Memory Usage (528588K) : Executing rule Cnt.d
2026-02-09 01:37:26 +0100: Memory Usage (528588K) : Executing rule Cnt.e
2026-02-09 01:37:26 +0100: Memory Usage (528716K) : Executing rule Cnt.g1
2026-02-09 01:37:27 +0100: Memory Usage (529228K) : Executing rule Cnt.g2
2026-02-09 01:37:28 +0100: Memory Usage (534348K) : Starting 5.15. ContBar table
2026-02-09 01:37:28 +0100: Memory Usage (534348K) : Executing rule CntB.b1
2026-02-09 01:37:28 +0100: Memory Usage (534348K) : Executing rule CntB.h1
2026-02-09 01:37:28 +0100: Memory Usage (534348K) : Starting 6.1.3 NPN Substrate-Tie table
2026-02-09 01:37:28 +0100: Memory Usage (534348K) : Executing rule npn13G2.bR 
2026-02-09 01:37:28 +0100: Memory Usage (534348K) : Executing rule npn13G2L.cR 
2026-02-09 01:37:28 +0100: Memory Usage (534348K) : Executing rule npn13G2V.cR 
2026-02-09 01:37:28 +0100: Memory Usage (534348K) : Starting 6.7 Schottky diode table
2026-02-09 01:37:28 +0100: Memory Usage (534348K) : Executing rule Sdiod.d
2026-02-09 01:37:28 +0100: Memory Usage (534348K) : Executing rule Sdiod.e
2026-02-09 01:37:28 +0100: Memory Usage (534348K) : Starting 7.2 Latch-up table
2026-02-09 01:37:28 +0100: Memory Usage (534348K) : Executing rule LU.b
2026-02-09 01:37:28 +0100: Memory Usage (535756K) : Starting 5.16. Metal1 table
2026-02-09 01:37:28 +0100: Memory Usage (535756K) : Executing rule M1.a
2026-02-09 01:37:29 +0100: Memory Usage (535756K) : Executing rule M1.b
2026-02-09 01:37:32 +0100: Memory Usage (531696K) : Executing rule M1.e
2026-02-09 01:37:36 +0100: Memory Usage (533360K) : Executing rule M1.f
2026-02-09 01:37:37 +0100: Memory Usage (533488K) : Executing rule M1.g
2026-02-09 01:37:37 +0100: Memory Usage (537396K) : Executing rule M1.i
2026-02-09 01:37:37 +0100: Memory Usage (557108K) : Starting 5.17 Metaln table
2026-02-09 01:37:37 +0100: Memory Usage (557108K) : Executing rule M2.a
2026-02-09 01:37:37 +0100: Memory Usage (557108K) : Executing rule M2.b
2026-02-09 01:37:37 +0100: Memory Usage (557108K) : Executing rule M2.e
2026-02-09 01:37:38 +0100: Memory Usage (557108K) : Executing rule M2.f
2026-02-09 01:37:38 +0100: Memory Usage (543904K) : Executing rule M2.g
2026-02-09 01:37:38 +0100: Memory Usage (543904K) : Executing rule M2.i
2026-02-09 01:37:38 +0100: Memory Usage (543904K) : Executing rule M3.a
2026-02-09 01:37:38 +0100: Memory Usage (543904K) : Executing rule M3.b
2026-02-09 01:37:38 +0100: Memory Usage (543904K) : Executing rule M3.e
2026-02-09 01:37:38 +0100: Memory Usage (543904K) : Executing rule M3.f
2026-02-09 01:37:38 +0100: Memory Usage (543904K) : Executing rule M3.g
2026-02-09 01:37:38 +0100: Memory Usage (544032K) : Executing rule M3.i
2026-02-09 01:37:38 +0100: Memory Usage (544160K) : Executing rule M4.a
2026-02-09 01:37:38 +0100: Memory Usage (544160K) : Executing rule M4.b
2026-02-09 01:37:38 +0100: Memory Usage (544160K) : Executing rule M4.e
2026-02-09 01:37:38 +0100: Memory Usage (544160K) : Executing rule M4.f
2026-02-09 01:37:38 +0100: Memory Usage (544160K) : Executing rule M4.g
2026-02-09 01:37:38 +0100: Memory Usage (544160K) : Executing rule M4.i
2026-02-09 01:37:38 +0100: Memory Usage (544160K) : Executing rule M5.a
2026-02-09 01:37:38 +0100: Memory Usage (544160K) : Executing rule M5.b
2026-02-09 01:37:38 +0100: Memory Usage (544160K) : Executing rule M5.e
2026-02-09 01:37:38 +0100: Memory Usage (544028K) : Executing rule M5.f
2026-02-09 01:37:38 +0100: Memory Usage (544028K) : Executing rule M5.g
2026-02-09 01:37:38 +0100: Memory Usage (544028K) : Executing rule M5.i
2026-02-09 01:37:38 +0100: Memory Usage (544028K) : Starting 5.18 Metaln:filler table
2026-02-09 01:37:38 +0100: Memory Usage (544028K) : Executing rule M1Fil.c
2026-02-09 01:37:38 +0100: Memory Usage (544028K) : Executing rule M1Fil.a2
2026-02-09 01:37:38 +0100: Memory Usage (544028K) : Executing rule M2Fil.c
2026-02-09 01:37:38 +0100: Memory Usage (544028K) : Executing rule M2Fil.a2
2026-02-09 01:37:38 +0100: Memory Usage (544028K) : Executing rule M3Fil.c
2026-02-09 01:37:38 +0100: Memory Usage (544028K) : Executing rule M3Fil.a2
2026-02-09 01:37:38 +0100: Memory Usage (544028K) : Executing rule M4Fil.c
2026-02-09 01:37:38 +0100: Memory Usage (544028K) : Executing rule M4Fil.a2
2026-02-09 01:37:38 +0100: Memory Usage (544028K) : Executing rule M5Fil.c
2026-02-09 01:37:38 +0100: Memory Usage (544028K) : Executing rule M5Fil.a2
2026-02-09 01:37:38 +0100: Memory Usage (544028K) : Starting 5.19. Via1 table
2026-02-09 01:37:38 +0100: Memory Usage (544028K) : Starting 5.19. Via1 table derivations
2026-02-09 01:37:38 +0100: Memory Usage (544028K) : Executing rule V1.a
2026-02-09 01:37:38 +0100: Memory Usage (544028K) : Executing rule V1.b
2026-02-09 01:37:38 +0100: Memory Usage (544028K) : Executing rule V1.c
2026-02-09 01:37:39 +0100: Memory Usage (544028K) : Starting 5.20. Vian table
2026-02-09 01:37:39 +0100: Memory Usage (544028K) : Executing rule V2.a
2026-02-09 01:37:39 +0100: Memory Usage (544028K) : Executing rule V2.b
2026-02-09 01:37:39 +0100: Memory Usage (544028K) : Executing rule V2.c
2026-02-09 01:37:39 +0100: Memory Usage (544028K) : Executing rule V3.a
2026-02-09 01:37:39 +0100: Memory Usage (544028K) : Executing rule V3.b
2026-02-09 01:37:39 +0100: Memory Usage (544284K) : Executing rule V3.c
2026-02-09 01:37:39 +0100: Memory Usage (544284K) : Executing rule V4.a
2026-02-09 01:37:39 +0100: Memory Usage (544284K) : Executing rule V4.b
2026-02-09 01:37:39 +0100: Memory Usage (544284K) : Executing rule V4.c
2026-02-09 01:37:39 +0100: Memory Usage (544284K) : Starting 5.21. TopVia1 table
2026-02-09 01:37:39 +0100: Memory Usage (544284K) : Executing rule TV1.a
2026-02-09 01:37:39 +0100: Memory Usage (544284K) : Executing rule TV1.b
2026-02-09 01:37:39 +0100: Memory Usage (544284K) : Executing rule TV1.c
2026-02-09 01:37:39 +0100: Memory Usage (544284K) : Executing rule TV1.d
2026-02-09 01:37:39 +0100: Memory Usage (544284K) : Starting 5.22. TopMetal1 table
2026-02-09 01:37:39 +0100: Memory Usage (544284K) : Executing rule TM1.a
2026-02-09 01:37:39 +0100: Memory Usage (544284K) : Executing rule TM1.b
2026-02-09 01:37:40 +0100: Memory Usage (544412K) : Starting 5.23 TopMetal1:filler table
2026-02-09 01:37:40 +0100: Memory Usage (544412K) : Executing rule TM1Fil.c
2026-02-09 01:37:40 +0100: Memory Usage (544412K) : Executing rule TM1Fil.a1
2026-02-09 01:37:40 +0100: Memory Usage (544412K) : Starting 5.24. TopVia2 table
2026-02-09 01:37:40 +0100: Memory Usage (544412K) : Executing rule TV2.a
2026-02-09 01:37:40 +0100: Memory Usage (544412K) : Executing rule TV2.b
2026-02-09 01:37:40 +0100: Memory Usage (544412K) : Executing rule TV2.c
2026-02-09 01:37:40 +0100: Memory Usage (544540K) : Executing rule TV2.d
2026-02-09 01:37:40 +0100: Memory Usage (544540K) : Starting 5.25. TopMetal2 table
2026-02-09 01:37:40 +0100: Memory Usage (544540K) : Executing rule TM2.a
2026-02-09 01:37:40 +0100: Memory Usage (544540K) : Executing rule TM2.b
2026-02-09 01:37:40 +0100: Memory Usage (544540K) : Executing rule TM2.bR
2026-02-09 01:37:40 +0100: Memory Usage (544540K) : Starting 5.26 TopMetal2:filler table
2026-02-09 01:37:40 +0100: Memory Usage (544540K) : Executing rule TM2Fil.c
2026-02-09 01:37:40 +0100: Memory Usage (544540K) : Executing rule TM2Fil.a1
2026-02-09 01:37:40 +0100: Memory Usage (544540K) : Starting 5.27. Passiv table
2026-02-09 01:37:40 +0100: Memory Usage (544540K) : Executing rule Pas.a
2026-02-09 01:37:40 +0100: Memory Usage (544540K) : Executing rule Pas.b
2026-02-09 01:37:40 +0100: Memory Usage (544540K) : Executing rule Pas.c
2026-02-09 01:37:40 +0100: Memory Usage (544540K) : Starting 6.9.2 Copper Pillar table
2026-02-09 01:37:40 +0100: Memory Usage (544540K) : Executing rule Padc.a
2026-02-09 01:37:40 +0100: Memory Usage (544540K) : Executing rule Padc.b
2026-02-09 01:37:40 +0100: Memory Usage (544540K) : Executing rule Padc.c
2026-02-09 01:37:40 +0100: Memory Usage (544540K) : Executing rule Padb.f
2026-02-09 01:37:40 +0100: Memory Usage (544540K) : Starting 6.9.1 Solder Bump
2026-02-09 01:37:40 +0100: Memory Usage (544540K) : Executing rule Padb.a
2026-02-09 01:37:40 +0100: Memory Usage (544540K) : Executing rule Padb.b
2026-02-09 01:37:40 +0100: Memory Usage (544540K) : Executing rule Padb.c
2026-02-09 01:37:40 +0100: Memory Usage (544540K) : Executing rule Padb.f
2026-02-09 01:37:40 +0100: Memory Usage (544540K) : Executing rule Padb.d
2026-02-09 01:37:40 +0100: Memory Usage (544540K) : Starting 6.10 Sealring table
2026-02-09 01:37:40 +0100: Memory Usage (544540K) : Executing rule Seal.l
2026-02-09 01:37:40 +0100: Memory Usage (544540K) : Executing rule Seal.n
2026-02-09 01:37:40 +0100: Memory Usage (544540K) : Executing rule seal.b_metal1
2026-02-09 01:37:40 +0100: Memory Usage (544540K) : Executing rule seal.b_metal2
2026-02-09 01:37:40 +0100: Memory Usage (544540K) : Executing rule seal.b_metal3
2026-02-09 01:37:40 +0100: Memory Usage (544540K) : Executing rule seal.b_metal4
2026-02-09 01:37:40 +0100: Memory Usage (544540K) : Executing rule seal.b_metal5
2026-02-09 01:37:40 +0100: Memory Usage (544540K) : Executing rule seal.b_topmetal1
2026-02-09 01:37:40 +0100: Memory Usage (544540K) : Executing rule seal.b_topmetal2
2026-02-09 01:37:40 +0100: Memory Usage (544540K) : Executing rule seal.b_activ
2026-02-09 01:37:40 +0100: Memory Usage (544540K) : Executing rule seal.b_psd
2026-02-09 01:37:40 +0100: Memory Usage (544540K) : Executing rule Seal.k
2026-02-09 01:37:40 +0100: Memory Usage (544540K) : Executing rule Seal.m
2026-02-09 01:37:40 +0100: Memory Usage (544540K) : Starting 6.11 MIM table
2026-02-09 01:37:40 +0100: Memory Usage (544540K) : Executing rule MIM.c
2026-02-09 01:37:40 +0100: Memory Usage (544540K) : Executing rule MIM.d
2026-02-09 01:37:40 +0100: Memory Usage (544540K) : Executing rule MIM.gR
2026-02-09 01:37:40 +0100: Memory Usage (544540K) : Starting 7.3 Metal Slits table
2026-02-09 01:37:40 +0100: Memory Usage (544540K) : Executing rule Slt.e1_M1
2026-02-09 01:37:40 +0100: Memory Usage (544540K) : Executing rule Slt.e1_M2
2026-02-09 01:37:40 +0100: Memory Usage (544540K) : Executing rule Slt.e1_M3
2026-02-09 01:37:40 +0100: Memory Usage (544540K) : Executing rule Slt.e1_M4
2026-02-09 01:37:40 +0100: Memory Usage (544540K) : Executing rule Slt.e1_M5
2026-02-09 01:37:40 +0100: Memory Usage (544540K) : Executing rule Slt.e1_TM1
2026-02-09 01:37:40 +0100: Memory Usage (544540K) : Executing rule Slt.e1_TM2
2026-02-09 01:37:40 +0100: Memory Usage (544540K) : Starting 9.1. LBE table
2026-02-09 01:37:40 +0100: Memory Usage (544540K) : Executing rule LBE.a
2026-02-09 01:37:40 +0100: Memory Usage (544540K) : Executing rule LBE.b
2026-02-09 01:37:40 +0100: Memory Usage (544540K) : Executing rule LBE.b1
2026-02-09 01:37:40 +0100: Memory Usage (544540K) : Executing rule LBE.c
2026-02-09 01:37:40 +0100: Memory Usage (544540K) : Executing rule LBE.d
2026-02-09 01:37:40 +0100: Memory Usage (544540K) : Executing rule LBE.h
2026-02-09 01:37:40 +0100: Memory Usage (544540K) : Starting 7.4. PIN table
2026-02-09 01:37:40 +0100: Memory Usage (544540K) : Executing rule Pin.a
2026-02-09 01:37:40 +0100: Memory Usage (544540K) : Executing rule Pin.b
2026-02-09 01:37:40 +0100: Memory Usage (544540K) : Executing rule Pin.e
2026-02-09 01:37:40 +0100: Memory Usage (549660K) : Executing rule Pin.f_M2
2026-02-09 01:37:40 +0100: Memory Usage (549524K) : Executing rule Pin.f_M3
2026-02-09 01:37:41 +0100: Memory Usage (549524K) : Executing rule Pin.f_M4
2026-02-09 01:37:41 +0100: Memory Usage (549524K) : Executing rule Pin.f_M5
2026-02-09 01:37:41 +0100: Memory Usage (549524K) : Executing rule Pin.g
2026-02-09 01:37:41 +0100: Memory Usage (549524K) : Executing rule Pin.h
2026-02-09 01:37:41 +0100: Memory Usage (549524K) : Starting 3.2. FORBIDDEN table
2026-02-09 01:37:41 +0100: Memory Usage (549524K) : Executing rule forbidden.biwind
2026-02-09 01:37:41 +0100: Memory Usage (549524K) : Executing rule forbidden.pemwind
2026-02-09 01:37:41 +0100: Memory Usage (549524K) : Executing rule forbidden.baspoly
2026-02-09 01:37:41 +0100: Memory Usage (549524K) : Executing rule forbidden.deepco
2026-02-09 01:37:41 +0100: Memory Usage (549524K) : Executing rule forbidden.pempoly
2026-02-09 01:37:41 +0100: Memory Usage (549524K) : Executing rule forbidden.empoly
2026-02-09 01:37:41 +0100: Memory Usage (549524K) : Executing rule forbidden.ldmos
2026-02-09 01:37:41 +0100: Memory Usage (549524K) : Executing rule forbidden.pbiwind
2026-02-09 01:37:41 +0100: Memory Usage (549524K) : Executing rule forbidden.nodrc
2026-02-09 01:37:41 +0100: Memory Usage (549524K) : Executing rule forbidden.flash
2026-02-09 01:37:41 +0100: Memory Usage (549524K) : Executing rule forbidden.colwind
2026-02-09 01:37:41 +0100: Memory Usage (549524K) : KLayout DRC run for tables 'main' completed in 24.56 seconds
