
Magic 8.3 revision 581 - Compiled on Tue Jan  6 19:09:29 UTC 2026.
Starting magic under Tcl interpreter
Using the terminal as the console.
Using NULL graphics device.
Processing system .magicrc file
Switching to WIRING tool.
Switching to NETLIST tool.
Switching to PICK tool.
Switching to BOX tool.
Sourcing design .magicrc for technology ihp-sg13g2 ...
2 Magic internal units = 1 Lambda
Input style sg13g2(): scaleFactor=2, multiplier=2
The following types are not handled by extraction and will be treated as non-electrical types:
    pblock sealcont difffill nemitter hvnemitter hvisodiffres sealvia1 sealvia2 sealvia3 sealvia4 sealvia5 sealvia6 pillar solder seal glass thruvia inductor 
Scaled tech values by 2 / 1 to match internal grid scaling
Loading ihp-sg13g2 Device Generator Menu ...
Loading "/nix/store/0kwn3pa8al4np6jss3x11hhh5wp0h27q-python3-3.13.9-env/lib/python3.13/site-packages/librelane/scripts/magic/wrapper.tcl" from command line.
Warning: Calma reading is not undoable!  I hope that's OK.
Library written using GDS-II Release 3.0
Library name: heichips25_pudding
Reading "sg13g2_decap_8".
Reading "sg13g2_buf_1".
Reading "sg13g2_decap_4".
Reading "sg13g2_fill_2".
Reading "sg13g2_fill_1".
Reading "sg13g2_inv_1".
Reading "SD_FEOL$contacts$1$1$1".
Reading "SD_FEOL$contacts$3$2$1".
Reading "SD_via_stack$1$1$1".
Reading "SD_FEOL$contacts$9$1".
Reading "SD_via_stack$3".
Reading "SD_via_stack$2$1".
Reading "SD_NONOVERLAP".
Reading "SD_DAC_SW".
Reading "SD_FEOL$contacts$6$1".
Reading "SD_FEOL$contacts$7$1".
Reading "SD_FEOL$contacts$5$1".
Reading "SD_FEOL$contacts$4$1".
Reading "SD_FEOL$contacts$1$2".
Reading "SD_FEOL$contacts$3$1".
Reading "SD_FEOL$contacts$8".
Reading "SD_via_stack$5".
Reading "SD_via_stack$6".
Reading "SD_via_stack$9$1".
Reading "SD_CASCODEDRIVE".
Reading "SD_PCSOURCE2U".
Reading "SD_via_stack$4$1".
Reading "SD_via_stack$7$1$1".
Reading "SD_via_stack$6$2$1".
Reading "SD_CASCODEBIAS".
Reading "SD_UNITSOURCE2U_1".
Reading "SD_via_stack".
Reading "SD_DAC2U64OUT2IN".
Reading "SD_via_stack$4".
Reading "SD_dac128module_vdd_strap".
Reading "SD_dac128module_vss_strap".
Reading "SD_dac2u128out4in".
Reading "dac128module".
Reading "sg13g2_tiehi".
CIF file read warning: CIF style sg13g2(): units rescaled by factor of 5 / 1
Reading "heichips25_pudding".
    5000 uses
[INFO] Loading heichips25_pudding

/home/cmaier/.ciel/ciel/ihp-sg13g2/versions/c4b8b4e5e7a05f375cca3815d51b3a37721fbf5c/ihp-sg13g2/libs.tech/magic/ihp-sg13g2-drc.tech: line 742: section drc:
	All layers for "maxwidth" exclude types must be on same plane.
DRC style is now "drc(full)"
Loading DRC CIF style.
/home/cmaier/.ciel/ciel/ihp-sg13g2/versions/c4b8b4e5e7a05f375cca3815d51b3a37721fbf5c/ihp-sg13g2/libs.tech/magic/ihp-sg13g2-drc.tech: line 742: section drc:
	All layers for "maxwidth" exclude types must be on same plane.
No errors found.
[INFO] COUNT: 0
[INFO] Should be divided by 3 or 4
[INFO] DRC Checking DONE (/home/cmaier/EDA/PUDDING/librelane/runs/RUN_2026-02-09_03-13-23/63-magic-drc/reports/drc.magic.rpt)
[INFO] Saving mag view with DRC errors (/home/cmaier/EDA/PUDDING/librelane/runs/RUN_2026-02-09_03-13-23/63-magic-drc/views/heichips25_pudding.drc.mag)
[INFO] Saved
